EDA Netlist Writer report for SegmentsDecoder
Fri Nov 08 16:26:49 2019
Quartus II 32-bit Version 12.1 Build 177 11/07/2012 SJ Web Edition


---------------------
; Table of Contents ;
---------------------
  1. Legal Notice
  2. EDA Netlist Writer Summary
  3. Simulation Settings
  4. Simulation Generated Files
  5. EDA Netlist Writer Messages



----------------
; Legal Notice ;
----------------
Copyright (C) 1991-2012 Altera Corporation
Your use of Altera Corporation's design tools, logic functions 
and other software and tools, and its AMPP partner logic 
functions, and any output files from any of the foregoing 
(including device programming or simulation files), and any 
associated documentation or information are expressly subject 
to the terms and conditions of the Altera Program License 
Subscription Agreement, Altera MegaCore Function License 
Agreement, or other applicable license agreement, including, 
without limitation, that your use is for the sole purpose of 
programming logic devices manufactured by Altera and sold by 
Altera or its authorized distributors.  Please refer to the 
applicable agreement for further details.



+-------------------------------------------------------------------+
; EDA Netlist Writer Summary                                        ;
+---------------------------+---------------------------------------+
; EDA Netlist Writer Status ; Successful - Fri Nov 08 16:26:49 2019 ;
; Revision Name             ; SegmentsDecoder                       ;
; Top-level Entity Name     ; SegmentsDecoder                       ;
; Family                    ; Cyclone II                            ;
; Simulation Files Creation ; Successful                            ;
+---------------------------+---------------------------------------+


+----------------------------------------------------------------------------------------------------------------------------+
; Simulation Settings                                                                                                        ;
+---------------------------------------------------------------------------------------------------+------------------------+
; Option                                                                                            ; Setting                ;
+---------------------------------------------------------------------------------------------------+------------------------+
; Tool Name                                                                                         ; ModelSim-Altera (VHDL) ;
; Generate netlist for functional simulation only                                                   ; Off                    ;
; Time scale                                                                                        ; 1 ps                   ;
; Truncate long hierarchy paths                                                                     ; Off                    ;
; Map illegal HDL characters                                                                        ; Off                    ;
; Flatten buses into individual nodes                                                               ; Off                    ;
; Maintain hierarchy                                                                                ; Off                    ;
; Bring out device-wide set/reset signals as ports                                                  ; Off                    ;
; Enable glitch filtering                                                                           ; Off                    ;
; Do not write top level VHDL entity                                                                ; Off                    ;
; Disable detection of setup and hold time violations in the input registers of bi-directional pins ; Off                    ;
; Architecture name in VHDL output netlist                                                          ; structure              ;
; Generate third-party EDA tool command script for RTL functional simulation                        ; Off                    ;
; Generate third-party EDA tool command script for gate-level simulation                            ; Off                    ;
+---------------------------------------------------------------------------------------------------+------------------------+


+------------------------------------------------------------------------------------------------------------------------------+
; Simulation Generated Files                                                                                                   ;
+------------------------------------------------------------------------------------------------------------------------------+
; Generated Files                                                                                                              ;
+------------------------------------------------------------------------------------------------------------------------------+
; D:/Documentos/UFMG/20192/Laboratório de SD/Quartus/Trabalho/SegmentsDecoder/simulation/modelsim/SegmentsDecoder.vho          ;
; D:/Documentos/UFMG/20192/Laboratório de SD/Quartus/Trabalho/SegmentsDecoder/simulation/modelsim/SegmentsDecoder_fast.vho     ;
; D:/Documentos/UFMG/20192/Laboratório de SD/Quartus/Trabalho/SegmentsDecoder/simulation/modelsim/SegmentsDecoder_vhd.sdo      ;
; D:/Documentos/UFMG/20192/Laboratório de SD/Quartus/Trabalho/SegmentsDecoder/simulation/modelsim/SegmentsDecoder_vhd_fast.sdo ;
+------------------------------------------------------------------------------------------------------------------------------+


+-----------------------------+
; EDA Netlist Writer Messages ;
+-----------------------------+
Info: *******************************************************************
Info: Running Quartus II 32-bit EDA Netlist Writer
    Info: Version 12.1 Build 177 11/07/2012 SJ Web Edition
    Info: Processing started: Fri Nov 08 16:26:48 2019
Info: Command: quartus_eda --read_settings_files=off --write_settings_files=off SegmentsDecoder -c SegmentsDecoder
Info (204026): Generated files "SegmentsDecoder.vho", "SegmentsDecoder_fast.vho", "SegmentsDecoder_vhd.sdo" and "SegmentsDecoder_vhd_fast.sdo" in directory "D:/Documentos/UFMG/20192/Laboratório de SD/Quartus/Trabalho/SegmentsDecoder/simulation/modelsim/" for EDA simulation tool
Info: Quartus II 32-bit EDA Netlist Writer was successful. 0 errors, 0 warnings
    Info: Peak virtual memory: 335 megabytes
    Info: Processing ended: Fri Nov 08 16:26:49 2019
    Info: Elapsed time: 00:00:01
    Info: Total CPU time (on all processors): 00:00:00


