TimeQuest Timing Analyzer report for remainder
Sun Nov 17 13:04:41 2019
Quartus II 64-Bit Version 13.0.1 Build 232 06/12/2013 Service Pack 1 SJ Web Edition


---------------------
; Table of Contents ;
---------------------
  1. Legal Notice
  2. TimeQuest Timing Analyzer Summary
  3. Parallel Compilation
  4. Clocks
  5. Slow Model Fmax Summary
  6. Slow Model Setup Summary
  7. Slow Model Hold Summary
  8. Slow Model Recovery Summary
  9. Slow Model Removal Summary
 10. Slow Model Minimum Pulse Width Summary
 11. Propagation Delay
 12. Minimum Propagation Delay
 13. Fast Model Setup Summary
 14. Fast Model Hold Summary
 15. Fast Model Recovery Summary
 16. Fast Model Removal Summary
 17. Fast Model Minimum Pulse Width Summary
 18. Propagation Delay
 19. Minimum Propagation Delay
 20. Multicorner Timing Analysis Summary
 21. Progagation Delay
 22. Minimum Progagation Delay
 23. Clock Transfers
 24. Report TCCS
 25. Report RSKM
 26. Unconstrained Paths
 27. TimeQuest Timing Analyzer Messages



----------------
; Legal Notice ;
----------------
Copyright (C) 1991-2013 Altera Corporation
Your use of Altera Corporation's design tools, logic functions 
and other software and tools, and its AMPP partner logic 
functions, and any output files from any of the foregoing 
(including device programming or simulation files), and any 
associated documentation or information are expressly subject 
to the terms and conditions of the Altera Program License 
Subscription Agreement, Altera MegaCore Function License 
Agreement, or other applicable license agreement, including, 
without limitation, that your use is for the sole purpose of 
programming logic devices manufactured by Altera and sold by 
Altera or its authorized distributors.  Please refer to the 
applicable agreement for further details.



+----------------------------------------------------------------------------------------+
; TimeQuest Timing Analyzer Summary                                                      ;
+--------------------+-------------------------------------------------------------------+
; Quartus II Version ; Version 13.0.1 Build 232 06/12/2013 Service Pack 1 SJ Web Edition ;
; Revision Name      ; remainder                                                         ;
; Device Family      ; Cyclone II                                                        ;
; Device Name        ; EP2C5T144C6                                                       ;
; Timing Models      ; Final                                                             ;
; Delay Model        ; Combined                                                          ;
; Rise/Fall Delays   ; Unavailable                                                       ;
+--------------------+-------------------------------------------------------------------+


+------------------------------------------+
; Parallel Compilation                     ;
+----------------------------+-------------+
; Processors                 ; Number      ;
+----------------------------+-------------+
; Number detected on machine ; 12          ;
; Maximum allowed            ; 6           ;
;                            ;             ;
; Average used               ; 1.00        ;
; Maximum used               ; 1           ;
;                            ;             ;
; Usage by Processor         ; % Time Used ;
;     Processor 1            ; 100.0%      ;
;     Processors 2-12        ;   0.0%      ;
+----------------------------+-------------+


----------
; Clocks ;
----------
No clocks to report.


---------------------------
; Slow Model Fmax Summary ;
---------------------------
No paths to report.


----------------------------
; Slow Model Setup Summary ;
----------------------------
No paths to report.


---------------------------
; Slow Model Hold Summary ;
---------------------------
No paths to report.


-------------------------------
; Slow Model Recovery Summary ;
-------------------------------
No paths to report.


------------------------------
; Slow Model Removal Summary ;
------------------------------
No paths to report.


------------------------------------------
; Slow Model Minimum Pulse Width Summary ;
------------------------------------------
No paths to report.


+--------------------------------------------------------------+
; Propagation Delay                                            ;
+------------+-------------+--------+--------+--------+--------+
; Input Port ; Output Port ; RR     ; RF     ; FR     ; FF     ;
+------------+-------------+--------+--------+--------+--------+
; X[0]       ; output[0]   ; 8.909  ;        ;        ; 8.909  ;
; X[1]       ; output[1]   ; 8.826  ;        ;        ; 8.826  ;
; X[2]       ; output[2]   ; 14.050 ; 14.050 ; 14.050 ; 14.050 ;
; X[2]       ; output[3]   ; 14.327 ; 14.327 ; 14.327 ; 14.327 ;
; X[2]       ; output[4]   ; 13.924 ; 13.924 ; 13.924 ; 13.924 ;
; X[2]       ; output[5]   ; 14.322 ; 14.322 ; 14.322 ; 14.322 ;
; X[2]       ; output[6]   ; 13.756 ; 13.756 ; 13.756 ; 13.756 ;
; X[2]       ; output[7]   ; 13.842 ; 13.842 ; 13.842 ; 13.842 ;
; X[2]       ; output[8]   ; 13.487 ; 13.487 ; 13.487 ; 13.487 ;
; X[2]       ; output[9]   ; 13.395 ; 13.395 ; 13.395 ; 13.395 ;
; X[2]       ; output[10]  ; 14.262 ; 14.262 ; 14.262 ; 14.262 ;
; X[2]       ; output[11]  ; 14.240 ; 14.240 ; 14.240 ; 14.240 ;
; X[2]       ; output[12]  ; 13.964 ; 13.964 ; 13.964 ; 13.964 ;
; X[2]       ; output[13]  ; 13.776 ; 13.776 ; 13.776 ; 13.776 ;
; X[2]       ; output[14]  ; 14.433 ; 14.433 ; 14.433 ; 14.433 ;
; X[2]       ; output[15]  ; 13.611 ; 13.611 ; 13.611 ; 13.611 ;
; X[3]       ; output[2]   ; 17.410 ; 17.410 ; 17.410 ; 17.410 ;
; X[3]       ; output[3]   ; 17.687 ; 17.687 ; 17.687 ; 17.687 ;
; X[3]       ; output[4]   ; 17.284 ; 17.284 ; 17.284 ; 17.284 ;
; X[3]       ; output[5]   ; 17.682 ; 17.682 ; 17.682 ; 17.682 ;
; X[3]       ; output[6]   ; 17.116 ; 17.116 ; 17.116 ; 17.116 ;
; X[3]       ; output[7]   ; 17.202 ; 17.202 ; 17.202 ; 17.202 ;
; X[3]       ; output[8]   ; 16.847 ; 16.847 ; 16.847 ; 16.847 ;
; X[3]       ; output[9]   ; 16.755 ; 16.755 ; 16.755 ; 16.755 ;
; X[3]       ; output[10]  ; 17.622 ; 17.622 ; 17.622 ; 17.622 ;
; X[3]       ; output[11]  ; 17.600 ; 17.600 ; 17.600 ; 17.600 ;
; X[3]       ; output[12]  ; 17.324 ; 17.324 ; 17.324 ; 17.324 ;
; X[3]       ; output[13]  ; 17.136 ; 17.136 ; 17.136 ; 17.136 ;
; X[3]       ; output[14]  ; 17.793 ; 17.793 ; 17.793 ; 17.793 ;
; X[3]       ; output[15]  ; 16.971 ; 16.971 ; 16.971 ; 16.971 ;
; X[4]       ; output[2]   ; 21.219 ; 21.219 ; 21.219 ; 21.219 ;
; X[4]       ; output[3]   ; 21.496 ; 21.496 ; 21.496 ; 21.496 ;
; X[4]       ; output[4]   ; 21.093 ; 21.093 ; 21.093 ; 21.093 ;
; X[4]       ; output[5]   ; 21.491 ; 21.491 ; 21.491 ; 21.491 ;
; X[4]       ; output[6]   ; 20.925 ; 20.925 ; 20.925 ; 20.925 ;
; X[4]       ; output[7]   ; 21.011 ; 21.011 ; 21.011 ; 21.011 ;
; X[4]       ; output[8]   ; 20.656 ; 20.656 ; 20.656 ; 20.656 ;
; X[4]       ; output[9]   ; 20.564 ; 20.564 ; 20.564 ; 20.564 ;
; X[4]       ; output[10]  ; 21.431 ; 21.431 ; 21.431 ; 21.431 ;
; X[4]       ; output[11]  ; 21.409 ; 21.409 ; 21.409 ; 21.409 ;
; X[4]       ; output[12]  ; 21.133 ; 21.133 ; 21.133 ; 21.133 ;
; X[4]       ; output[13]  ; 20.945 ; 20.945 ; 20.945 ; 20.945 ;
; X[4]       ; output[14]  ; 21.602 ; 21.602 ; 21.602 ; 21.602 ;
; X[4]       ; output[15]  ; 20.780 ; 20.780 ; 20.780 ; 20.780 ;
; X[5]       ; output[2]   ; 25.435 ; 25.435 ; 25.435 ; 25.435 ;
; X[5]       ; output[3]   ; 25.712 ; 25.712 ; 25.712 ; 25.712 ;
; X[5]       ; output[4]   ; 25.309 ; 25.309 ; 25.309 ; 25.309 ;
; X[5]       ; output[5]   ; 25.707 ; 25.707 ; 25.707 ; 25.707 ;
; X[5]       ; output[6]   ; 25.141 ; 25.141 ; 25.141 ; 25.141 ;
; X[5]       ; output[7]   ; 25.227 ; 25.227 ; 25.227 ; 25.227 ;
; X[5]       ; output[8]   ; 24.872 ; 24.872 ; 24.872 ; 24.872 ;
; X[5]       ; output[9]   ; 24.780 ; 24.780 ; 24.780 ; 24.780 ;
; X[5]       ; output[10]  ; 25.647 ; 25.647 ; 25.647 ; 25.647 ;
; X[5]       ; output[11]  ; 25.625 ; 25.625 ; 25.625 ; 25.625 ;
; X[5]       ; output[12]  ; 25.349 ; 25.349 ; 25.349 ; 25.349 ;
; X[5]       ; output[13]  ; 25.161 ; 25.161 ; 25.161 ; 25.161 ;
; X[5]       ; output[14]  ; 25.818 ; 25.818 ; 25.818 ; 25.818 ;
; X[5]       ; output[15]  ; 24.996 ; 24.996 ; 24.996 ; 24.996 ;
; X[6]       ; output[2]   ; 28.573 ; 28.573 ; 28.573 ; 28.573 ;
; X[6]       ; output[3]   ; 28.850 ; 28.850 ; 28.850 ; 28.850 ;
; X[6]       ; output[4]   ; 28.447 ; 28.447 ; 28.447 ; 28.447 ;
; X[6]       ; output[5]   ; 28.845 ; 28.845 ; 28.845 ; 28.845 ;
; X[6]       ; output[6]   ; 28.279 ; 28.279 ; 28.279 ; 28.279 ;
; X[6]       ; output[7]   ; 28.365 ; 28.365 ; 28.365 ; 28.365 ;
; X[6]       ; output[8]   ; 28.010 ; 28.010 ; 28.010 ; 28.010 ;
; X[6]       ; output[9]   ; 27.918 ; 27.918 ; 27.918 ; 27.918 ;
; X[6]       ; output[10]  ; 28.785 ; 28.785 ; 28.785 ; 28.785 ;
; X[6]       ; output[11]  ; 28.763 ; 28.763 ; 28.763 ; 28.763 ;
; X[6]       ; output[12]  ; 28.487 ; 28.487 ; 28.487 ; 28.487 ;
; X[6]       ; output[13]  ; 28.299 ; 28.299 ; 28.299 ; 28.299 ;
; X[6]       ; output[14]  ; 28.956 ; 28.956 ; 28.956 ; 28.956 ;
; X[6]       ; output[15]  ; 28.134 ; 28.134 ; 28.134 ; 28.134 ;
; X[7]       ; output[2]   ; 32.703 ; 32.703 ; 32.703 ; 32.703 ;
; X[7]       ; output[3]   ; 32.980 ; 32.980 ; 32.980 ; 32.980 ;
; X[7]       ; output[4]   ; 32.577 ; 32.577 ; 32.577 ; 32.577 ;
; X[7]       ; output[5]   ; 32.975 ; 32.975 ; 32.975 ; 32.975 ;
; X[7]       ; output[6]   ; 32.409 ; 32.409 ; 32.409 ; 32.409 ;
; X[7]       ; output[7]   ; 32.495 ; 32.495 ; 32.495 ; 32.495 ;
; X[7]       ; output[8]   ; 32.140 ; 32.140 ; 32.140 ; 32.140 ;
; X[7]       ; output[9]   ; 32.048 ; 32.048 ; 32.048 ; 32.048 ;
; X[7]       ; output[10]  ; 32.915 ; 32.915 ; 32.915 ; 32.915 ;
; X[7]       ; output[11]  ; 32.893 ; 32.893 ; 32.893 ; 32.893 ;
; X[7]       ; output[12]  ; 32.617 ; 32.617 ; 32.617 ; 32.617 ;
; X[7]       ; output[13]  ; 32.429 ; 32.429 ; 32.429 ; 32.429 ;
; X[7]       ; output[14]  ; 33.086 ; 33.086 ; 33.086 ; 33.086 ;
; X[7]       ; output[15]  ; 32.264 ; 32.264 ; 32.264 ; 32.264 ;
; X[8]       ; output[2]   ; 35.819 ; 35.819 ; 35.819 ; 35.819 ;
; X[8]       ; output[3]   ; 36.096 ; 36.096 ; 36.096 ; 36.096 ;
; X[8]       ; output[4]   ; 35.693 ; 35.693 ; 35.693 ; 35.693 ;
; X[8]       ; output[5]   ; 36.091 ; 36.091 ; 36.091 ; 36.091 ;
; X[8]       ; output[6]   ; 35.525 ; 35.525 ; 35.525 ; 35.525 ;
; X[8]       ; output[7]   ; 35.611 ; 35.611 ; 35.611 ; 35.611 ;
; X[8]       ; output[8]   ; 35.256 ; 35.256 ; 35.256 ; 35.256 ;
; X[8]       ; output[9]   ; 35.164 ; 35.164 ; 35.164 ; 35.164 ;
; X[8]       ; output[10]  ; 36.031 ; 36.031 ; 36.031 ; 36.031 ;
; X[8]       ; output[11]  ; 36.009 ; 36.009 ; 36.009 ; 36.009 ;
; X[8]       ; output[12]  ; 35.733 ; 35.733 ; 35.733 ; 35.733 ;
; X[8]       ; output[13]  ; 35.545 ; 35.545 ; 35.545 ; 35.545 ;
; X[8]       ; output[14]  ; 36.202 ; 36.202 ; 36.202 ; 36.202 ;
; X[8]       ; output[15]  ; 35.380 ; 35.380 ; 35.380 ; 35.380 ;
; X[9]       ; output[2]   ; 40.008 ; 40.008 ; 40.008 ; 40.008 ;
; X[9]       ; output[3]   ; 40.285 ; 40.285 ; 40.285 ; 40.285 ;
; X[9]       ; output[4]   ; 39.882 ; 39.882 ; 39.882 ; 39.882 ;
; X[9]       ; output[5]   ; 40.280 ; 40.280 ; 40.280 ; 40.280 ;
; X[9]       ; output[6]   ; 39.714 ; 39.714 ; 39.714 ; 39.714 ;
; X[9]       ; output[7]   ; 39.800 ; 39.800 ; 39.800 ; 39.800 ;
; X[9]       ; output[8]   ; 39.445 ; 39.445 ; 39.445 ; 39.445 ;
; X[9]       ; output[9]   ; 39.353 ; 39.353 ; 39.353 ; 39.353 ;
; X[9]       ; output[10]  ; 40.220 ; 40.220 ; 40.220 ; 40.220 ;
; X[9]       ; output[11]  ; 40.198 ; 40.198 ; 40.198 ; 40.198 ;
; X[9]       ; output[12]  ; 39.922 ; 39.922 ; 39.922 ; 39.922 ;
; X[9]       ; output[13]  ; 39.734 ; 39.734 ; 39.734 ; 39.734 ;
; X[9]       ; output[14]  ; 40.391 ; 40.391 ; 40.391 ; 40.391 ;
; X[9]       ; output[15]  ; 39.569 ; 39.569 ; 39.569 ; 39.569 ;
; X[10]      ; output[2]   ; 42.235 ; 42.235 ; 42.235 ; 42.235 ;
; X[10]      ; output[3]   ; 42.512 ; 42.512 ; 42.512 ; 42.512 ;
; X[10]      ; output[4]   ; 42.109 ; 42.109 ; 42.109 ; 42.109 ;
; X[10]      ; output[5]   ; 42.507 ; 42.507 ; 42.507 ; 42.507 ;
; X[10]      ; output[6]   ; 41.941 ; 41.941 ; 41.941 ; 41.941 ;
; X[10]      ; output[7]   ; 42.027 ; 42.027 ; 42.027 ; 42.027 ;
; X[10]      ; output[8]   ; 41.672 ; 41.672 ; 41.672 ; 41.672 ;
; X[10]      ; output[9]   ; 41.580 ; 41.580 ; 41.580 ; 41.580 ;
; X[10]      ; output[10]  ; 42.447 ; 42.447 ; 42.447 ; 42.447 ;
; X[10]      ; output[11]  ; 42.425 ; 42.425 ; 42.425 ; 42.425 ;
; X[10]      ; output[12]  ; 42.149 ; 42.149 ; 42.149 ; 42.149 ;
; X[10]      ; output[13]  ; 41.961 ; 41.961 ; 41.961 ; 41.961 ;
; X[10]      ; output[14]  ; 42.618 ; 42.618 ; 42.618 ; 42.618 ;
; X[10]      ; output[15]  ; 41.796 ; 41.796 ; 41.796 ; 41.796 ;
; X[11]      ; output[2]   ; 45.170 ; 45.170 ; 45.170 ; 45.170 ;
; X[11]      ; output[3]   ; 45.447 ; 45.447 ; 45.447 ; 45.447 ;
; X[11]      ; output[4]   ; 45.044 ; 45.044 ; 45.044 ; 45.044 ;
; X[11]      ; output[5]   ; 45.442 ; 45.442 ; 45.442 ; 45.442 ;
; X[11]      ; output[6]   ; 44.876 ; 44.876 ; 44.876 ; 44.876 ;
; X[11]      ; output[7]   ; 44.962 ; 44.962 ; 44.962 ; 44.962 ;
; X[11]      ; output[8]   ; 44.607 ; 44.607 ; 44.607 ; 44.607 ;
; X[11]      ; output[9]   ; 44.515 ; 44.515 ; 44.515 ; 44.515 ;
; X[11]      ; output[10]  ; 45.382 ; 45.382 ; 45.382 ; 45.382 ;
; X[11]      ; output[11]  ; 45.360 ; 45.360 ; 45.360 ; 45.360 ;
; X[11]      ; output[12]  ; 45.084 ; 45.084 ; 45.084 ; 45.084 ;
; X[11]      ; output[13]  ; 44.896 ; 44.896 ; 44.896 ; 44.896 ;
; X[11]      ; output[14]  ; 45.553 ; 45.553 ; 45.553 ; 45.553 ;
; X[11]      ; output[15]  ; 44.731 ; 44.731 ; 44.731 ; 44.731 ;
; X[12]      ; output[2]   ; 47.559 ; 47.559 ; 47.559 ; 47.559 ;
; X[12]      ; output[3]   ; 47.836 ; 47.836 ; 47.836 ; 47.836 ;
; X[12]      ; output[4]   ; 47.433 ; 47.433 ; 47.433 ; 47.433 ;
; X[12]      ; output[5]   ; 47.831 ; 47.831 ; 47.831 ; 47.831 ;
; X[12]      ; output[6]   ; 47.265 ; 47.265 ; 47.265 ; 47.265 ;
; X[12]      ; output[7]   ; 47.351 ; 47.351 ; 47.351 ; 47.351 ;
; X[12]      ; output[8]   ; 46.996 ; 46.996 ; 46.996 ; 46.996 ;
; X[12]      ; output[9]   ; 46.904 ; 46.904 ; 46.904 ; 46.904 ;
; X[12]      ; output[10]  ; 47.771 ; 47.771 ; 47.771 ; 47.771 ;
; X[12]      ; output[11]  ; 47.749 ; 47.749 ; 47.749 ; 47.749 ;
; X[12]      ; output[12]  ; 47.473 ; 47.473 ; 47.473 ; 47.473 ;
; X[12]      ; output[13]  ; 47.285 ; 47.285 ; 47.285 ; 47.285 ;
; X[12]      ; output[14]  ; 47.942 ; 47.942 ; 47.942 ; 47.942 ;
; X[12]      ; output[15]  ; 47.120 ; 47.120 ; 47.120 ; 47.120 ;
; X[13]      ; output[2]   ; 47.321 ; 47.321 ; 47.321 ; 47.321 ;
; X[13]      ; output[3]   ; 47.598 ; 47.598 ; 47.598 ; 47.598 ;
; X[13]      ; output[4]   ; 47.195 ; 47.195 ; 47.195 ; 47.195 ;
; X[13]      ; output[5]   ; 47.593 ; 47.593 ; 47.593 ; 47.593 ;
; X[13]      ; output[6]   ; 47.027 ; 47.027 ; 47.027 ; 47.027 ;
; X[13]      ; output[7]   ; 47.113 ; 47.113 ; 47.113 ; 47.113 ;
; X[13]      ; output[8]   ; 46.758 ; 46.758 ; 46.758 ; 46.758 ;
; X[13]      ; output[9]   ; 46.666 ; 46.666 ; 46.666 ; 46.666 ;
; X[13]      ; output[10]  ; 47.533 ; 47.533 ; 47.533 ; 47.533 ;
; X[13]      ; output[11]  ; 47.511 ; 47.511 ; 47.511 ; 47.511 ;
; X[13]      ; output[12]  ; 47.235 ; 47.235 ; 47.235 ; 47.235 ;
; X[13]      ; output[13]  ; 47.047 ; 47.047 ; 47.047 ; 47.047 ;
; X[13]      ; output[14]  ; 47.704 ; 47.704 ; 47.704 ; 47.704 ;
; X[13]      ; output[15]  ; 46.882 ; 46.882 ; 46.882 ; 46.882 ;
; X[14]      ; output[2]   ; 46.983 ; 46.983 ; 46.983 ; 46.983 ;
; X[14]      ; output[3]   ; 47.260 ; 47.260 ; 47.260 ; 47.260 ;
; X[14]      ; output[4]   ; 46.857 ; 46.857 ; 46.857 ; 46.857 ;
; X[14]      ; output[5]   ; 47.255 ; 47.255 ; 47.255 ; 47.255 ;
; X[14]      ; output[6]   ; 46.689 ; 46.689 ; 46.689 ; 46.689 ;
; X[14]      ; output[7]   ; 46.775 ; 46.775 ; 46.775 ; 46.775 ;
; X[14]      ; output[8]   ; 46.420 ; 46.420 ; 46.420 ; 46.420 ;
; X[14]      ; output[9]   ; 46.328 ; 46.328 ; 46.328 ; 46.328 ;
; X[14]      ; output[10]  ; 47.195 ; 47.195 ; 47.195 ; 47.195 ;
; X[14]      ; output[11]  ; 47.173 ; 47.173 ; 47.173 ; 47.173 ;
; X[14]      ; output[12]  ; 46.897 ; 46.897 ; 46.897 ; 46.897 ;
; X[14]      ; output[13]  ; 46.709 ; 46.709 ; 46.709 ; 46.709 ;
; X[14]      ; output[14]  ; 47.366 ; 47.366 ; 47.366 ; 47.366 ;
; X[14]      ; output[15]  ; 46.544 ; 46.544 ; 46.544 ; 46.544 ;
; X[15]      ; output[2]   ; 47.109 ; 47.109 ; 47.109 ; 47.109 ;
; X[15]      ; output[3]   ; 47.386 ; 47.386 ; 47.386 ; 47.386 ;
; X[15]      ; output[4]   ; 46.983 ; 46.983 ; 46.983 ; 46.983 ;
; X[15]      ; output[5]   ; 47.381 ; 47.381 ; 47.381 ; 47.381 ;
; X[15]      ; output[6]   ; 46.815 ; 46.815 ; 46.815 ; 46.815 ;
; X[15]      ; output[7]   ; 46.901 ; 46.901 ; 46.901 ; 46.901 ;
; X[15]      ; output[8]   ; 46.546 ; 46.546 ; 46.546 ; 46.546 ;
; X[15]      ; output[9]   ; 46.454 ; 46.454 ; 46.454 ; 46.454 ;
; X[15]      ; output[10]  ; 47.321 ; 47.321 ; 47.321 ; 47.321 ;
; X[15]      ; output[11]  ; 47.299 ; 47.299 ; 47.299 ; 47.299 ;
; X[15]      ; output[12]  ; 47.023 ; 47.023 ; 47.023 ; 47.023 ;
; X[15]      ; output[13]  ; 46.835 ; 46.835 ; 46.835 ; 46.835 ;
; X[15]      ; output[14]  ; 47.492 ; 47.492 ; 47.492 ; 47.492 ;
; X[15]      ; output[15]  ; 46.670 ; 46.670 ; 46.670 ; 46.670 ;
+------------+-------------+--------+--------+--------+--------+


+--------------------------------------------------------------+
; Minimum Propagation Delay                                    ;
+------------+-------------+--------+--------+--------+--------+
; Input Port ; Output Port ; RR     ; RF     ; FR     ; FF     ;
+------------+-------------+--------+--------+--------+--------+
; X[0]       ; output[0]   ; 8.909  ;        ;        ; 8.909  ;
; X[1]       ; output[1]   ; 8.826  ;        ;        ; 8.826  ;
; X[2]       ; output[2]   ; 10.885 ; 12.265 ; 12.265 ; 10.885 ;
; X[2]       ; output[3]   ; 12.642 ; 12.642 ; 12.642 ; 12.642 ;
; X[2]       ; output[4]   ; 12.484 ; 12.484 ; 12.484 ; 12.484 ;
; X[2]       ; output[5]   ; 12.921 ; 12.921 ; 12.921 ; 12.921 ;
; X[2]       ; output[6]   ; 12.898 ; 12.898 ; 12.898 ; 12.898 ;
; X[2]       ; output[7]   ; 12.287 ; 12.287 ; 12.287 ; 12.287 ;
; X[2]       ; output[8]   ; 12.571 ; 12.571 ; 12.571 ; 12.571 ;
; X[2]       ; output[9]   ; 12.731 ; 12.731 ; 12.731 ; 12.731 ;
; X[2]       ; output[10]  ; 13.678 ; 13.678 ; 13.678 ; 13.678 ;
; X[2]       ; output[11]  ; 13.107 ; 13.107 ; 13.107 ; 13.107 ;
; X[2]       ; output[12]  ; 13.619 ; 13.619 ; 13.619 ; 13.619 ;
; X[2]       ; output[13]  ; 13.186 ; 13.186 ; 13.186 ; 13.186 ;
; X[2]       ; output[14]  ; 13.789 ; 13.789 ; 13.789 ; 13.789 ;
; X[2]       ; output[15]  ; 13.200 ; 13.200 ; 13.200 ; 13.200 ;
; X[3]       ; output[2]   ; 13.163 ; 13.163 ; 13.163 ; 13.163 ;
; X[3]       ; output[3]   ; 10.399 ; 11.730 ; 11.730 ; 10.399 ;
; X[3]       ; output[4]   ; 11.884 ; 11.884 ; 11.884 ; 11.884 ;
; X[3]       ; output[5]   ; 12.321 ; 12.321 ; 12.321 ; 12.321 ;
; X[3]       ; output[6]   ; 12.298 ; 12.298 ; 12.298 ; 12.298 ;
; X[3]       ; output[7]   ; 11.687 ; 11.687 ; 11.687 ; 11.687 ;
; X[3]       ; output[8]   ; 11.971 ; 11.971 ; 11.971 ; 11.971 ;
; X[3]       ; output[9]   ; 12.131 ; 12.131 ; 12.131 ; 12.131 ;
; X[3]       ; output[10]  ; 13.078 ; 13.078 ; 13.078 ; 13.078 ;
; X[3]       ; output[11]  ; 12.507 ; 12.507 ; 12.507 ; 12.507 ;
; X[3]       ; output[12]  ; 13.019 ; 13.019 ; 13.019 ; 13.019 ;
; X[3]       ; output[13]  ; 12.586 ; 12.586 ; 12.586 ; 12.586 ;
; X[3]       ; output[14]  ; 13.189 ; 13.189 ; 13.189 ; 13.189 ;
; X[3]       ; output[15]  ; 12.600 ; 12.600 ; 12.600 ; 12.600 ;
; X[4]       ; output[2]   ; 13.464 ; 13.464 ; 13.464 ; 13.464 ;
; X[4]       ; output[3]   ; 13.695 ; 13.741 ; 13.741 ; 13.695 ;
; X[4]       ; output[4]   ; 10.076 ; 11.870 ; 11.870 ; 10.076 ;
; X[4]       ; output[5]   ; 12.622 ; 12.622 ; 12.622 ; 12.622 ;
; X[4]       ; output[6]   ; 12.599 ; 12.599 ; 12.599 ; 12.599 ;
; X[4]       ; output[7]   ; 11.988 ; 11.988 ; 11.988 ; 11.988 ;
; X[4]       ; output[8]   ; 12.272 ; 12.272 ; 12.272 ; 12.272 ;
; X[4]       ; output[9]   ; 12.432 ; 12.432 ; 12.432 ; 12.432 ;
; X[4]       ; output[10]  ; 13.379 ; 13.379 ; 13.379 ; 13.379 ;
; X[4]       ; output[11]  ; 12.808 ; 12.808 ; 12.808 ; 12.808 ;
; X[4]       ; output[12]  ; 13.320 ; 13.320 ; 13.320 ; 13.320 ;
; X[4]       ; output[13]  ; 12.887 ; 12.887 ; 12.887 ; 12.887 ;
; X[4]       ; output[14]  ; 13.490 ; 13.490 ; 13.490 ; 13.490 ;
; X[4]       ; output[15]  ; 12.901 ; 12.901 ; 12.901 ; 12.901 ;
; X[5]       ; output[2]   ; 15.416 ; 14.980 ; 14.980 ; 15.416 ;
; X[5]       ; output[3]   ; 14.842 ; 14.988 ; 14.988 ; 14.842 ;
; X[5]       ; output[4]   ; 14.333 ; 14.333 ; 14.333 ; 14.333 ;
; X[5]       ; output[5]   ; 13.258 ; 13.901 ; 13.901 ; 13.258 ;
; X[5]       ; output[6]   ; 13.880 ; 13.880 ; 13.880 ; 13.880 ;
; X[5]       ; output[7]   ; 13.350 ; 13.350 ; 13.350 ; 13.350 ;
; X[5]       ; output[8]   ; 13.692 ; 13.692 ; 13.692 ; 13.692 ;
; X[5]       ; output[9]   ; 14.644 ; 14.644 ; 14.644 ; 14.644 ;
; X[5]       ; output[10]  ; 14.603 ; 14.603 ; 14.603 ; 14.603 ;
; X[5]       ; output[11]  ; 14.424 ; 14.424 ; 14.424 ; 14.424 ;
; X[5]       ; output[12]  ; 14.364 ; 14.364 ; 14.364 ; 14.364 ;
; X[5]       ; output[13]  ; 14.565 ; 14.565 ; 14.565 ; 14.565 ;
; X[5]       ; output[14]  ; 14.715 ; 14.833 ; 14.833 ; 14.715 ;
; X[5]       ; output[15]  ; 14.310 ; 14.433 ; 14.433 ; 14.310 ;
; X[6]       ; output[2]   ; 14.981 ; 14.981 ; 14.981 ; 14.981 ;
; X[6]       ; output[3]   ; 15.143 ; 15.258 ; 15.258 ; 15.143 ;
; X[6]       ; output[4]   ; 13.942 ; 13.942 ; 13.942 ; 13.942 ;
; X[6]       ; output[5]   ; 14.838 ; 15.166 ; 15.166 ; 14.838 ;
; X[6]       ; output[6]   ; 12.195 ; 13.174 ; 13.174 ; 12.195 ;
; X[6]       ; output[7]   ; 12.959 ; 12.959 ; 12.959 ; 12.959 ;
; X[6]       ; output[8]   ; 13.301 ; 13.301 ; 13.301 ; 13.301 ;
; X[6]       ; output[9]   ; 13.949 ; 13.949 ; 13.949 ; 13.949 ;
; X[6]       ; output[10]  ; 14.771 ; 14.771 ; 14.771 ; 14.771 ;
; X[6]       ; output[11]  ; 14.033 ; 14.033 ; 14.033 ; 14.033 ;
; X[6]       ; output[12]  ; 13.973 ; 13.973 ; 13.973 ; 13.973 ;
; X[6]       ; output[13]  ; 14.404 ; 14.404 ; 14.404 ; 14.404 ;
; X[6]       ; output[14]  ; 14.324 ; 14.442 ; 14.442 ; 14.324 ;
; X[6]       ; output[15]  ; 14.365 ; 14.365 ; 14.365 ; 14.365 ;
; X[7]       ; output[2]   ; 15.692 ; 15.692 ; 15.692 ; 15.692 ;
; X[7]       ; output[3]   ; 15.969 ; 15.969 ; 15.969 ; 15.969 ;
; X[7]       ; output[4]   ; 14.996 ; 14.996 ; 14.996 ; 14.996 ;
; X[7]       ; output[5]   ; 15.892 ; 15.964 ; 15.964 ; 15.892 ;
; X[7]       ; output[6]   ; 14.911 ; 14.911 ; 14.911 ; 14.911 ;
; X[7]       ; output[7]   ; 12.662 ; 13.425 ; 13.425 ; 12.662 ;
; X[7]       ; output[8]   ; 14.355 ; 14.355 ; 14.355 ; 14.355 ;
; X[7]       ; output[9]   ; 14.660 ; 14.660 ; 14.660 ; 14.660 ;
; X[7]       ; output[10]  ; 15.510 ; 15.510 ; 15.510 ; 15.510 ;
; X[7]       ; output[11]  ; 15.036 ; 15.036 ; 15.036 ; 15.036 ;
; X[7]       ; output[12]  ; 15.027 ; 15.027 ; 15.027 ; 15.027 ;
; X[7]       ; output[13]  ; 15.115 ; 15.115 ; 15.115 ; 15.115 ;
; X[7]       ; output[14]  ; 15.378 ; 15.496 ; 15.496 ; 15.378 ;
; X[7]       ; output[15]  ; 15.075 ; 15.129 ; 15.129 ; 15.075 ;
; X[8]       ; output[2]   ; 16.848 ; 16.848 ; 16.848 ; 16.848 ;
; X[8]       ; output[3]   ; 16.710 ; 16.710 ; 16.710 ; 16.710 ;
; X[8]       ; output[4]   ; 15.833 ; 15.833 ; 15.833 ; 15.833 ;
; X[8]       ; output[5]   ; 16.686 ; 16.686 ; 16.686 ; 16.686 ;
; X[8]       ; output[6]   ; 14.956 ; 14.956 ; 14.956 ; 14.956 ;
; X[8]       ; output[7]   ; 14.571 ; 15.028 ; 15.028 ; 14.571 ;
; X[8]       ; output[8]   ; 14.745 ; 14.802 ; 14.802 ; 14.745 ;
; X[8]       ; output[9]   ; 16.259 ; 16.259 ; 16.259 ; 16.259 ;
; X[8]       ; output[10]  ; 15.555 ; 15.555 ; 15.555 ; 15.555 ;
; X[8]       ; output[11]  ; 15.310 ; 15.310 ; 15.310 ; 15.310 ;
; X[8]       ; output[12]  ; 15.349 ; 15.349 ; 15.349 ; 15.349 ;
; X[8]       ; output[13]  ; 16.083 ; 16.083 ; 16.083 ; 16.083 ;
; X[8]       ; output[14]  ; 15.631 ; 15.631 ; 15.631 ; 15.631 ;
; X[8]       ; output[15]  ; 15.120 ; 15.273 ; 15.273 ; 15.120 ;
; X[9]       ; output[2]   ; 18.387 ; 18.387 ; 18.387 ; 18.387 ;
; X[9]       ; output[3]   ; 18.249 ; 18.249 ; 18.249 ; 18.249 ;
; X[9]       ; output[4]   ; 17.372 ; 17.372 ; 17.372 ; 17.372 ;
; X[9]       ; output[5]   ; 18.206 ; 18.206 ; 18.206 ; 18.206 ;
; X[9]       ; output[6]   ; 16.495 ; 16.495 ; 16.495 ; 16.495 ;
; X[9]       ; output[7]   ; 16.110 ; 16.356 ; 16.356 ; 16.110 ;
; X[9]       ; output[8]   ; 17.074 ; 17.447 ; 17.447 ; 17.074 ;
; X[9]       ; output[9]   ; 16.869 ; 16.869 ; 16.869 ; 16.869 ;
; X[9]       ; output[10]  ; 17.094 ; 17.094 ; 17.094 ; 17.094 ;
; X[9]       ; output[11]  ; 16.849 ; 16.849 ; 16.849 ; 16.849 ;
; X[9]       ; output[12]  ; 16.386 ; 16.386 ; 16.386 ; 16.386 ;
; X[9]       ; output[13]  ; 17.622 ; 17.622 ; 17.622 ; 17.622 ;
; X[9]       ; output[14]  ; 17.025 ; 17.025 ; 17.025 ; 17.025 ;
; X[9]       ; output[15]  ; 16.608 ; 16.608 ; 16.608 ; 16.608 ;
; X[10]      ; output[2]   ; 18.905 ; 18.905 ; 18.905 ; 18.905 ;
; X[10]      ; output[3]   ; 18.856 ; 18.856 ; 18.856 ; 18.856 ;
; X[10]      ; output[4]   ; 17.652 ; 17.652 ; 17.652 ; 17.652 ;
; X[10]      ; output[5]   ; 18.548 ; 18.548 ; 18.548 ; 18.548 ;
; X[10]      ; output[6]   ; 17.517 ; 17.517 ; 17.517 ; 17.517 ;
; X[10]      ; output[7]   ; 16.823 ; 16.823 ; 16.823 ; 16.823 ;
; X[10]      ; output[8]   ; 18.011 ; 18.011 ; 18.011 ; 18.011 ;
; X[10]      ; output[9]   ; 18.157 ; 18.157 ; 18.157 ; 18.157 ;
; X[10]      ; output[10]  ; 17.801 ; 17.801 ; 17.801 ; 17.801 ;
; X[10]      ; output[11]  ; 17.608 ; 17.608 ; 17.608 ; 17.608 ;
; X[10]      ; output[12]  ; 16.634 ; 16.634 ; 16.634 ; 16.634 ;
; X[10]      ; output[13]  ; 18.244 ; 18.244 ; 18.244 ; 18.244 ;
; X[10]      ; output[14]  ; 17.293 ; 17.293 ; 17.293 ; 17.293 ;
; X[10]      ; output[15]  ; 17.238 ; 17.238 ; 17.238 ; 17.238 ;
; X[11]      ; output[2]   ; 19.215 ; 19.215 ; 19.215 ; 19.215 ;
; X[11]      ; output[3]   ; 19.077 ; 19.077 ; 19.077 ; 19.077 ;
; X[11]      ; output[4]   ; 18.172 ; 18.172 ; 18.172 ; 18.172 ;
; X[11]      ; output[5]   ; 19.013 ; 19.013 ; 19.013 ; 19.013 ;
; X[11]      ; output[6]   ; 17.747 ; 17.747 ; 17.747 ; 17.747 ;
; X[11]      ; output[7]   ; 17.044 ; 17.044 ; 17.044 ; 17.044 ;
; X[11]      ; output[8]   ; 18.232 ; 18.232 ; 18.232 ; 18.232 ;
; X[11]      ; output[9]   ; 18.378 ; 18.378 ; 18.378 ; 18.378 ;
; X[11]      ; output[10]  ; 18.874 ; 18.874 ; 18.874 ; 18.874 ;
; X[11]      ; output[11]  ; 17.762 ; 17.762 ; 17.762 ; 17.762 ;
; X[11]      ; output[12]  ; 17.154 ; 17.154 ; 17.154 ; 17.154 ;
; X[11]      ; output[13]  ; 18.698 ; 18.698 ; 18.698 ; 18.698 ;
; X[11]      ; output[14]  ; 17.514 ; 17.514 ; 17.514 ; 17.514 ;
; X[11]      ; output[15]  ; 17.737 ; 17.737 ; 17.737 ; 17.737 ;
; X[12]      ; output[2]   ; 19.990 ; 19.990 ; 19.990 ; 19.990 ;
; X[12]      ; output[3]   ; 20.088 ; 20.228 ; 20.228 ; 20.088 ;
; X[12]      ; output[4]   ; 18.737 ; 18.737 ; 18.737 ; 18.737 ;
; X[12]      ; output[5]   ; 19.633 ; 19.773 ; 19.773 ; 19.633 ;
; X[12]      ; output[6]   ; 18.771 ; 18.911 ; 18.911 ; 18.771 ;
; X[12]      ; output[7]   ; 17.945 ; 18.085 ; 18.085 ; 17.945 ;
; X[12]      ; output[8]   ; 19.133 ; 19.273 ; 19.273 ; 19.133 ;
; X[12]      ; output[9]   ; 19.279 ; 19.335 ; 19.335 ; 19.279 ;
; X[12]      ; output[10]  ; 19.775 ; 19.915 ; 19.915 ; 19.775 ;
; X[12]      ; output[11]  ; 19.121 ; 19.261 ; 19.261 ; 19.121 ;
; X[12]      ; output[12]  ; 17.719 ; 17.859 ; 17.859 ; 17.719 ;
; X[12]      ; output[13]  ; 19.329 ; 19.329 ; 19.329 ; 19.329 ;
; X[12]      ; output[14]  ; 18.767 ; 18.767 ; 18.767 ; 18.767 ;
; X[12]      ; output[15]  ; 18.984 ; 18.984 ; 18.984 ; 18.984 ;
; X[13]      ; output[2]   ; 20.239 ; 20.239 ; 20.239 ; 20.239 ;
; X[13]      ; output[3]   ; 20.101 ; 20.101 ; 20.101 ; 20.101 ;
; X[13]      ; output[4]   ; 19.179 ; 19.179 ; 19.179 ; 19.179 ;
; X[13]      ; output[5]   ; 20.037 ; 20.037 ; 20.037 ; 20.037 ;
; X[13]      ; output[6]   ; 18.823 ; 18.823 ; 18.823 ; 18.823 ;
; X[13]      ; output[7]   ; 18.068 ; 18.068 ; 18.068 ; 18.068 ;
; X[13]      ; output[8]   ; 19.256 ; 19.256 ; 19.256 ; 19.256 ;
; X[13]      ; output[9]   ; 19.402 ; 19.402 ; 19.402 ; 19.402 ;
; X[13]      ; output[10]  ; 19.898 ; 19.898 ; 19.898 ; 19.898 ;
; X[13]      ; output[11]  ; 19.244 ; 19.244 ; 19.244 ; 19.244 ;
; X[13]      ; output[12]  ; 18.161 ; 18.669 ; 18.669 ; 18.161 ;
; X[13]      ; output[13]  ; 19.598 ; 19.601 ; 19.601 ; 19.598 ;
; X[13]      ; output[14]  ; 18.538 ; 18.538 ; 18.538 ; 18.538 ;
; X[13]      ; output[15]  ; 18.768 ; 18.768 ; 18.768 ; 18.768 ;
; X[14]      ; output[2]   ; 19.736 ; 19.736 ; 19.736 ; 19.736 ;
; X[14]      ; output[3]   ; 19.598 ; 19.598 ; 19.598 ; 19.598 ;
; X[14]      ; output[4]   ; 18.738 ; 18.738 ; 18.738 ; 18.738 ;
; X[14]      ; output[5]   ; 19.534 ; 19.534 ; 19.534 ; 19.534 ;
; X[14]      ; output[6]   ; 18.391 ; 18.391 ; 18.391 ; 18.391 ;
; X[14]      ; output[7]   ; 17.565 ; 17.565 ; 17.565 ; 17.565 ;
; X[14]      ; output[8]   ; 18.753 ; 18.753 ; 18.753 ; 18.753 ;
; X[14]      ; output[9]   ; 18.899 ; 18.899 ; 18.899 ; 18.899 ;
; X[14]      ; output[10]  ; 19.395 ; 19.395 ; 19.395 ; 19.395 ;
; X[14]      ; output[11]  ; 18.741 ; 18.741 ; 18.741 ; 18.741 ;
; X[14]      ; output[12]  ; 17.720 ; 18.131 ; 18.131 ; 17.720 ;
; X[14]      ; output[13]  ; 19.219 ; 19.219 ; 19.219 ; 19.219 ;
; X[14]      ; output[14]  ; 18.035 ; 18.035 ; 18.035 ; 18.035 ;
; X[14]      ; output[15]  ; 18.480 ; 18.480 ; 18.480 ; 18.480 ;
; X[15]      ; output[2]   ; 19.942 ; 19.653 ; 19.653 ; 19.942 ;
; X[15]      ; output[3]   ; 19.515 ; 19.661 ; 19.661 ; 19.515 ;
; X[15]      ; output[4]   ; 18.597 ; 18.597 ; 18.597 ; 18.597 ;
; X[15]      ; output[5]   ; 19.482 ; 19.482 ; 19.482 ; 19.482 ;
; X[15]      ; output[6]   ; 18.336 ; 18.336 ; 18.336 ; 18.336 ;
; X[15]      ; output[7]   ; 17.513 ; 17.929 ; 17.929 ; 17.513 ;
; X[15]      ; output[8]   ; 18.701 ; 19.117 ; 19.117 ; 18.701 ;
; X[15]      ; output[9]   ; 18.847 ; 19.263 ; 19.263 ; 18.847 ;
; X[15]      ; output[10]  ; 19.343 ; 19.759 ; 19.759 ; 19.343 ;
; X[15]      ; output[11]  ; 18.689 ; 19.105 ; 19.105 ; 18.689 ;
; X[15]      ; output[12]  ; 18.133 ; 18.673 ; 18.673 ; 18.133 ;
; X[15]      ; output[13]  ; 19.167 ; 19.583 ; 19.583 ; 19.167 ;
; X[15]      ; output[14]  ; 18.579 ; 19.037 ; 19.037 ; 18.579 ;
; X[15]      ; output[15]  ; 17.765 ; 18.181 ; 18.181 ; 17.765 ;
+------------+-------------+--------+--------+--------+--------+


----------------------------
; Fast Model Setup Summary ;
----------------------------
No paths to report.


---------------------------
; Fast Model Hold Summary ;
---------------------------
No paths to report.


-------------------------------
; Fast Model Recovery Summary ;
-------------------------------
No paths to report.


------------------------------
; Fast Model Removal Summary ;
------------------------------
No paths to report.


------------------------------------------
; Fast Model Minimum Pulse Width Summary ;
------------------------------------------
No paths to report.


+--------------------------------------------------------------+
; Propagation Delay                                            ;
+------------+-------------+--------+--------+--------+--------+
; Input Port ; Output Port ; RR     ; RF     ; FR     ; FF     ;
+------------+-------------+--------+--------+--------+--------+
; X[0]       ; output[0]   ; 5.085  ;        ;        ; 5.085  ;
; X[1]       ; output[1]   ; 5.036  ;        ;        ; 5.036  ;
; X[2]       ; output[2]   ; 7.370  ; 7.370  ; 7.370  ; 7.370  ;
; X[2]       ; output[3]   ; 7.515  ; 7.515  ; 7.515  ; 7.515  ;
; X[2]       ; output[4]   ; 7.299  ; 7.299  ; 7.299  ; 7.299  ;
; X[2]       ; output[5]   ; 7.508  ; 7.508  ; 7.508  ; 7.508  ;
; X[2]       ; output[6]   ; 7.275  ; 7.275  ; 7.275  ; 7.275  ;
; X[2]       ; output[7]   ; 7.284  ; 7.284  ; 7.284  ; 7.284  ;
; X[2]       ; output[8]   ; 7.128  ; 7.128  ; 7.128  ; 7.128  ;
; X[2]       ; output[9]   ; 7.070  ; 7.070  ; 7.070  ; 7.070  ;
; X[2]       ; output[10]  ; 7.495  ; 7.495  ; 7.495  ; 7.495  ;
; X[2]       ; output[11]  ; 7.418  ; 7.418  ; 7.418  ; 7.418  ;
; X[2]       ; output[12]  ; 7.364  ; 7.364  ; 7.364  ; 7.364  ;
; X[2]       ; output[13]  ; 7.227  ; 7.227  ; 7.227  ; 7.227  ;
; X[2]       ; output[14]  ; 7.537  ; 7.537  ; 7.537  ; 7.537  ;
; X[2]       ; output[15]  ; 7.154  ; 7.154  ; 7.154  ; 7.154  ;
; X[3]       ; output[2]   ; 8.916  ; 8.916  ; 8.916  ; 8.916  ;
; X[3]       ; output[3]   ; 9.061  ; 9.061  ; 9.061  ; 9.061  ;
; X[3]       ; output[4]   ; 8.845  ; 8.845  ; 8.845  ; 8.845  ;
; X[3]       ; output[5]   ; 9.054  ; 9.054  ; 9.054  ; 9.054  ;
; X[3]       ; output[6]   ; 8.821  ; 8.821  ; 8.821  ; 8.821  ;
; X[3]       ; output[7]   ; 8.830  ; 8.830  ; 8.830  ; 8.830  ;
; X[3]       ; output[8]   ; 8.674  ; 8.674  ; 8.674  ; 8.674  ;
; X[3]       ; output[9]   ; 8.616  ; 8.616  ; 8.616  ; 8.616  ;
; X[3]       ; output[10]  ; 9.041  ; 9.041  ; 9.041  ; 9.041  ;
; X[3]       ; output[11]  ; 8.964  ; 8.964  ; 8.964  ; 8.964  ;
; X[3]       ; output[12]  ; 8.910  ; 8.910  ; 8.910  ; 8.910  ;
; X[3]       ; output[13]  ; 8.773  ; 8.773  ; 8.773  ; 8.773  ;
; X[3]       ; output[14]  ; 9.083  ; 9.083  ; 9.083  ; 9.083  ;
; X[3]       ; output[15]  ; 8.700  ; 8.700  ; 8.700  ; 8.700  ;
; X[4]       ; output[2]   ; 10.607 ; 10.607 ; 10.607 ; 10.607 ;
; X[4]       ; output[3]   ; 10.752 ; 10.752 ; 10.752 ; 10.752 ;
; X[4]       ; output[4]   ; 10.536 ; 10.536 ; 10.536 ; 10.536 ;
; X[4]       ; output[5]   ; 10.745 ; 10.745 ; 10.745 ; 10.745 ;
; X[4]       ; output[6]   ; 10.512 ; 10.512 ; 10.512 ; 10.512 ;
; X[4]       ; output[7]   ; 10.521 ; 10.521 ; 10.521 ; 10.521 ;
; X[4]       ; output[8]   ; 10.365 ; 10.365 ; 10.365 ; 10.365 ;
; X[4]       ; output[9]   ; 10.307 ; 10.307 ; 10.307 ; 10.307 ;
; X[4]       ; output[10]  ; 10.732 ; 10.732 ; 10.732 ; 10.732 ;
; X[4]       ; output[11]  ; 10.655 ; 10.655 ; 10.655 ; 10.655 ;
; X[4]       ; output[12]  ; 10.601 ; 10.601 ; 10.601 ; 10.601 ;
; X[4]       ; output[13]  ; 10.464 ; 10.464 ; 10.464 ; 10.464 ;
; X[4]       ; output[14]  ; 10.774 ; 10.774 ; 10.774 ; 10.774 ;
; X[4]       ; output[15]  ; 10.391 ; 10.391 ; 10.391 ; 10.391 ;
; X[5]       ; output[2]   ; 12.575 ; 12.575 ; 12.575 ; 12.575 ;
; X[5]       ; output[3]   ; 12.720 ; 12.720 ; 12.720 ; 12.720 ;
; X[5]       ; output[4]   ; 12.504 ; 12.504 ; 12.504 ; 12.504 ;
; X[5]       ; output[5]   ; 12.713 ; 12.713 ; 12.713 ; 12.713 ;
; X[5]       ; output[6]   ; 12.480 ; 12.480 ; 12.480 ; 12.480 ;
; X[5]       ; output[7]   ; 12.489 ; 12.489 ; 12.489 ; 12.489 ;
; X[5]       ; output[8]   ; 12.333 ; 12.333 ; 12.333 ; 12.333 ;
; X[5]       ; output[9]   ; 12.275 ; 12.275 ; 12.275 ; 12.275 ;
; X[5]       ; output[10]  ; 12.700 ; 12.700 ; 12.700 ; 12.700 ;
; X[5]       ; output[11]  ; 12.623 ; 12.623 ; 12.623 ; 12.623 ;
; X[5]       ; output[12]  ; 12.569 ; 12.569 ; 12.569 ; 12.569 ;
; X[5]       ; output[13]  ; 12.432 ; 12.432 ; 12.432 ; 12.432 ;
; X[5]       ; output[14]  ; 12.742 ; 12.742 ; 12.742 ; 12.742 ;
; X[5]       ; output[15]  ; 12.359 ; 12.359 ; 12.359 ; 12.359 ;
; X[6]       ; output[2]   ; 13.973 ; 13.973 ; 13.973 ; 13.973 ;
; X[6]       ; output[3]   ; 14.118 ; 14.118 ; 14.118 ; 14.118 ;
; X[6]       ; output[4]   ; 13.902 ; 13.902 ; 13.902 ; 13.902 ;
; X[6]       ; output[5]   ; 14.111 ; 14.111 ; 14.111 ; 14.111 ;
; X[6]       ; output[6]   ; 13.878 ; 13.878 ; 13.878 ; 13.878 ;
; X[6]       ; output[7]   ; 13.887 ; 13.887 ; 13.887 ; 13.887 ;
; X[6]       ; output[8]   ; 13.731 ; 13.731 ; 13.731 ; 13.731 ;
; X[6]       ; output[9]   ; 13.673 ; 13.673 ; 13.673 ; 13.673 ;
; X[6]       ; output[10]  ; 14.098 ; 14.098 ; 14.098 ; 14.098 ;
; X[6]       ; output[11]  ; 14.021 ; 14.021 ; 14.021 ; 14.021 ;
; X[6]       ; output[12]  ; 13.967 ; 13.967 ; 13.967 ; 13.967 ;
; X[6]       ; output[13]  ; 13.830 ; 13.830 ; 13.830 ; 13.830 ;
; X[6]       ; output[14]  ; 14.140 ; 14.140 ; 14.140 ; 14.140 ;
; X[6]       ; output[15]  ; 13.757 ; 13.757 ; 13.757 ; 13.757 ;
; X[7]       ; output[2]   ; 15.755 ; 15.755 ; 15.755 ; 15.755 ;
; X[7]       ; output[3]   ; 15.900 ; 15.900 ; 15.900 ; 15.900 ;
; X[7]       ; output[4]   ; 15.684 ; 15.684 ; 15.684 ; 15.684 ;
; X[7]       ; output[5]   ; 15.893 ; 15.893 ; 15.893 ; 15.893 ;
; X[7]       ; output[6]   ; 15.660 ; 15.660 ; 15.660 ; 15.660 ;
; X[7]       ; output[7]   ; 15.669 ; 15.669 ; 15.669 ; 15.669 ;
; X[7]       ; output[8]   ; 15.513 ; 15.513 ; 15.513 ; 15.513 ;
; X[7]       ; output[9]   ; 15.455 ; 15.455 ; 15.455 ; 15.455 ;
; X[7]       ; output[10]  ; 15.880 ; 15.880 ; 15.880 ; 15.880 ;
; X[7]       ; output[11]  ; 15.803 ; 15.803 ; 15.803 ; 15.803 ;
; X[7]       ; output[12]  ; 15.749 ; 15.749 ; 15.749 ; 15.749 ;
; X[7]       ; output[13]  ; 15.612 ; 15.612 ; 15.612 ; 15.612 ;
; X[7]       ; output[14]  ; 15.922 ; 15.922 ; 15.922 ; 15.922 ;
; X[7]       ; output[15]  ; 15.539 ; 15.539 ; 15.539 ; 15.539 ;
; X[8]       ; output[2]   ; 17.132 ; 17.132 ; 17.132 ; 17.132 ;
; X[8]       ; output[3]   ; 17.277 ; 17.277 ; 17.277 ; 17.277 ;
; X[8]       ; output[4]   ; 17.061 ; 17.061 ; 17.061 ; 17.061 ;
; X[8]       ; output[5]   ; 17.270 ; 17.270 ; 17.270 ; 17.270 ;
; X[8]       ; output[6]   ; 17.037 ; 17.037 ; 17.037 ; 17.037 ;
; X[8]       ; output[7]   ; 17.046 ; 17.046 ; 17.046 ; 17.046 ;
; X[8]       ; output[8]   ; 16.890 ; 16.890 ; 16.890 ; 16.890 ;
; X[8]       ; output[9]   ; 16.832 ; 16.832 ; 16.832 ; 16.832 ;
; X[8]       ; output[10]  ; 17.257 ; 17.257 ; 17.257 ; 17.257 ;
; X[8]       ; output[11]  ; 17.180 ; 17.180 ; 17.180 ; 17.180 ;
; X[8]       ; output[12]  ; 17.126 ; 17.126 ; 17.126 ; 17.126 ;
; X[8]       ; output[13]  ; 16.989 ; 16.989 ; 16.989 ; 16.989 ;
; X[8]       ; output[14]  ; 17.299 ; 17.299 ; 17.299 ; 17.299 ;
; X[8]       ; output[15]  ; 16.916 ; 16.916 ; 16.916 ; 16.916 ;
; X[9]       ; output[2]   ; 18.961 ; 18.961 ; 18.961 ; 18.961 ;
; X[9]       ; output[3]   ; 19.106 ; 19.106 ; 19.106 ; 19.106 ;
; X[9]       ; output[4]   ; 18.890 ; 18.890 ; 18.890 ; 18.890 ;
; X[9]       ; output[5]   ; 19.099 ; 19.099 ; 19.099 ; 19.099 ;
; X[9]       ; output[6]   ; 18.866 ; 18.866 ; 18.866 ; 18.866 ;
; X[9]       ; output[7]   ; 18.875 ; 18.875 ; 18.875 ; 18.875 ;
; X[9]       ; output[8]   ; 18.719 ; 18.719 ; 18.719 ; 18.719 ;
; X[9]       ; output[9]   ; 18.661 ; 18.661 ; 18.661 ; 18.661 ;
; X[9]       ; output[10]  ; 19.086 ; 19.086 ; 19.086 ; 19.086 ;
; X[9]       ; output[11]  ; 19.009 ; 19.009 ; 19.009 ; 19.009 ;
; X[9]       ; output[12]  ; 18.955 ; 18.955 ; 18.955 ; 18.955 ;
; X[9]       ; output[13]  ; 18.818 ; 18.818 ; 18.818 ; 18.818 ;
; X[9]       ; output[14]  ; 19.128 ; 19.128 ; 19.128 ; 19.128 ;
; X[9]       ; output[15]  ; 18.745 ; 18.745 ; 18.745 ; 18.745 ;
; X[10]      ; output[2]   ; 19.976 ; 19.976 ; 19.976 ; 19.976 ;
; X[10]      ; output[3]   ; 20.121 ; 20.121 ; 20.121 ; 20.121 ;
; X[10]      ; output[4]   ; 19.905 ; 19.905 ; 19.905 ; 19.905 ;
; X[10]      ; output[5]   ; 20.114 ; 20.114 ; 20.114 ; 20.114 ;
; X[10]      ; output[6]   ; 19.881 ; 19.881 ; 19.881 ; 19.881 ;
; X[10]      ; output[7]   ; 19.890 ; 19.890 ; 19.890 ; 19.890 ;
; X[10]      ; output[8]   ; 19.734 ; 19.734 ; 19.734 ; 19.734 ;
; X[10]      ; output[9]   ; 19.676 ; 19.676 ; 19.676 ; 19.676 ;
; X[10]      ; output[10]  ; 20.101 ; 20.101 ; 20.101 ; 20.101 ;
; X[10]      ; output[11]  ; 20.024 ; 20.024 ; 20.024 ; 20.024 ;
; X[10]      ; output[12]  ; 19.970 ; 19.970 ; 19.970 ; 19.970 ;
; X[10]      ; output[13]  ; 19.833 ; 19.833 ; 19.833 ; 19.833 ;
; X[10]      ; output[14]  ; 20.143 ; 20.143 ; 20.143 ; 20.143 ;
; X[10]      ; output[15]  ; 19.760 ; 19.760 ; 19.760 ; 19.760 ;
; X[11]      ; output[2]   ; 21.196 ; 21.196 ; 21.196 ; 21.196 ;
; X[11]      ; output[3]   ; 21.341 ; 21.341 ; 21.341 ; 21.341 ;
; X[11]      ; output[4]   ; 21.125 ; 21.125 ; 21.125 ; 21.125 ;
; X[11]      ; output[5]   ; 21.334 ; 21.334 ; 21.334 ; 21.334 ;
; X[11]      ; output[6]   ; 21.101 ; 21.101 ; 21.101 ; 21.101 ;
; X[11]      ; output[7]   ; 21.110 ; 21.110 ; 21.110 ; 21.110 ;
; X[11]      ; output[8]   ; 20.954 ; 20.954 ; 20.954 ; 20.954 ;
; X[11]      ; output[9]   ; 20.896 ; 20.896 ; 20.896 ; 20.896 ;
; X[11]      ; output[10]  ; 21.321 ; 21.321 ; 21.321 ; 21.321 ;
; X[11]      ; output[11]  ; 21.244 ; 21.244 ; 21.244 ; 21.244 ;
; X[11]      ; output[12]  ; 21.190 ; 21.190 ; 21.190 ; 21.190 ;
; X[11]      ; output[13]  ; 21.053 ; 21.053 ; 21.053 ; 21.053 ;
; X[11]      ; output[14]  ; 21.363 ; 21.363 ; 21.363 ; 21.363 ;
; X[11]      ; output[15]  ; 20.980 ; 20.980 ; 20.980 ; 20.980 ;
; X[12]      ; output[2]   ; 22.287 ; 22.287 ; 22.287 ; 22.287 ;
; X[12]      ; output[3]   ; 22.432 ; 22.432 ; 22.432 ; 22.432 ;
; X[12]      ; output[4]   ; 22.216 ; 22.216 ; 22.216 ; 22.216 ;
; X[12]      ; output[5]   ; 22.425 ; 22.425 ; 22.425 ; 22.425 ;
; X[12]      ; output[6]   ; 22.192 ; 22.192 ; 22.192 ; 22.192 ;
; X[12]      ; output[7]   ; 22.201 ; 22.201 ; 22.201 ; 22.201 ;
; X[12]      ; output[8]   ; 22.045 ; 22.045 ; 22.045 ; 22.045 ;
; X[12]      ; output[9]   ; 21.987 ; 21.987 ; 21.987 ; 21.987 ;
; X[12]      ; output[10]  ; 22.412 ; 22.412 ; 22.412 ; 22.412 ;
; X[12]      ; output[11]  ; 22.335 ; 22.335 ; 22.335 ; 22.335 ;
; X[12]      ; output[12]  ; 22.281 ; 22.281 ; 22.281 ; 22.281 ;
; X[12]      ; output[13]  ; 22.144 ; 22.144 ; 22.144 ; 22.144 ;
; X[12]      ; output[14]  ; 22.454 ; 22.454 ; 22.454 ; 22.454 ;
; X[12]      ; output[15]  ; 22.071 ; 22.071 ; 22.071 ; 22.071 ;
; X[13]      ; output[2]   ; 22.123 ; 22.123 ; 22.123 ; 22.123 ;
; X[13]      ; output[3]   ; 22.268 ; 22.268 ; 22.268 ; 22.268 ;
; X[13]      ; output[4]   ; 22.052 ; 22.052 ; 22.052 ; 22.052 ;
; X[13]      ; output[5]   ; 22.261 ; 22.261 ; 22.261 ; 22.261 ;
; X[13]      ; output[6]   ; 22.028 ; 22.028 ; 22.028 ; 22.028 ;
; X[13]      ; output[7]   ; 22.037 ; 22.037 ; 22.037 ; 22.037 ;
; X[13]      ; output[8]   ; 21.881 ; 21.881 ; 21.881 ; 21.881 ;
; X[13]      ; output[9]   ; 21.823 ; 21.823 ; 21.823 ; 21.823 ;
; X[13]      ; output[10]  ; 22.248 ; 22.248 ; 22.248 ; 22.248 ;
; X[13]      ; output[11]  ; 22.171 ; 22.171 ; 22.171 ; 22.171 ;
; X[13]      ; output[12]  ; 22.117 ; 22.117 ; 22.117 ; 22.117 ;
; X[13]      ; output[13]  ; 21.980 ; 21.980 ; 21.980 ; 21.980 ;
; X[13]      ; output[14]  ; 22.290 ; 22.290 ; 22.290 ; 22.290 ;
; X[13]      ; output[15]  ; 21.907 ; 21.907 ; 21.907 ; 21.907 ;
; X[14]      ; output[2]   ; 21.957 ; 21.957 ; 21.957 ; 21.957 ;
; X[14]      ; output[3]   ; 22.102 ; 22.102 ; 22.102 ; 22.102 ;
; X[14]      ; output[4]   ; 21.886 ; 21.886 ; 21.886 ; 21.886 ;
; X[14]      ; output[5]   ; 22.095 ; 22.095 ; 22.095 ; 22.095 ;
; X[14]      ; output[6]   ; 21.862 ; 21.862 ; 21.862 ; 21.862 ;
; X[14]      ; output[7]   ; 21.871 ; 21.871 ; 21.871 ; 21.871 ;
; X[14]      ; output[8]   ; 21.715 ; 21.715 ; 21.715 ; 21.715 ;
; X[14]      ; output[9]   ; 21.657 ; 21.657 ; 21.657 ; 21.657 ;
; X[14]      ; output[10]  ; 22.082 ; 22.082 ; 22.082 ; 22.082 ;
; X[14]      ; output[11]  ; 22.005 ; 22.005 ; 22.005 ; 22.005 ;
; X[14]      ; output[12]  ; 21.951 ; 21.951 ; 21.951 ; 21.951 ;
; X[14]      ; output[13]  ; 21.814 ; 21.814 ; 21.814 ; 21.814 ;
; X[14]      ; output[14]  ; 22.124 ; 22.124 ; 22.124 ; 22.124 ;
; X[14]      ; output[15]  ; 21.741 ; 21.741 ; 21.741 ; 21.741 ;
; X[15]      ; output[2]   ; 22.021 ; 22.021 ; 22.021 ; 22.021 ;
; X[15]      ; output[3]   ; 22.166 ; 22.166 ; 22.166 ; 22.166 ;
; X[15]      ; output[4]   ; 21.950 ; 21.950 ; 21.950 ; 21.950 ;
; X[15]      ; output[5]   ; 22.159 ; 22.159 ; 22.159 ; 22.159 ;
; X[15]      ; output[6]   ; 21.926 ; 21.926 ; 21.926 ; 21.926 ;
; X[15]      ; output[7]   ; 21.935 ; 21.935 ; 21.935 ; 21.935 ;
; X[15]      ; output[8]   ; 21.779 ; 21.779 ; 21.779 ; 21.779 ;
; X[15]      ; output[9]   ; 21.721 ; 21.721 ; 21.721 ; 21.721 ;
; X[15]      ; output[10]  ; 22.146 ; 22.146 ; 22.146 ; 22.146 ;
; X[15]      ; output[11]  ; 22.069 ; 22.069 ; 22.069 ; 22.069 ;
; X[15]      ; output[12]  ; 22.015 ; 22.015 ; 22.015 ; 22.015 ;
; X[15]      ; output[13]  ; 21.878 ; 21.878 ; 21.878 ; 21.878 ;
; X[15]      ; output[14]  ; 22.188 ; 22.188 ; 22.188 ; 22.188 ;
; X[15]      ; output[15]  ; 21.805 ; 21.805 ; 21.805 ; 21.805 ;
+------------+-------------+--------+--------+--------+--------+


+--------------------------------------------------------------+
; Minimum Propagation Delay                                    ;
+------------+-------------+--------+--------+--------+--------+
; Input Port ; Output Port ; RR     ; RF     ; FR     ; FF     ;
+------------+-------------+--------+--------+--------+--------+
; X[0]       ; output[0]   ; 5.085  ;        ;        ; 5.085  ;
; X[1]       ; output[1]   ; 5.036  ;        ;        ; 5.036  ;
; X[2]       ; output[2]   ; 5.953  ; 6.543  ; 6.543  ; 5.953  ;
; X[2]       ; output[3]   ; 6.693  ; 6.693  ; 6.693  ; 6.693  ;
; X[2]       ; output[4]   ; 6.597  ; 6.597  ; 6.597  ; 6.597  ;
; X[2]       ; output[5]   ; 6.820  ; 6.820  ; 6.820  ; 6.820  ;
; X[2]       ; output[6]   ; 6.821  ; 6.821  ; 6.821  ; 6.821  ;
; X[2]       ; output[7]   ; 6.521  ; 6.521  ; 6.521  ; 6.521  ;
; X[2]       ; output[8]   ; 6.663  ; 6.663  ; 6.663  ; 6.663  ;
; X[2]       ; output[9]   ; 6.747  ; 6.747  ; 6.747  ; 6.747  ;
; X[2]       ; output[10]  ; 7.191  ; 7.191  ; 7.191  ; 7.191  ;
; X[2]       ; output[11]  ; 6.886  ; 6.886  ; 6.886  ; 6.886  ;
; X[2]       ; output[12]  ; 7.170  ; 7.170  ; 7.170  ; 7.170  ;
; X[2]       ; output[13]  ; 6.935  ; 6.935  ; 6.935  ; 6.935  ;
; X[2]       ; output[14]  ; 7.243  ; 7.243  ; 7.243  ; 7.243  ;
; X[2]       ; output[15]  ; 7.000  ; 7.000  ; 7.000  ; 7.000  ;
; X[3]       ; output[2]   ; 6.976  ; 6.976  ; 6.976  ; 6.976  ;
; X[3]       ; output[3]   ; 5.732  ; 6.322  ; 6.322  ; 5.732  ;
; X[3]       ; output[4]   ; 6.329  ; 6.329  ; 6.329  ; 6.329  ;
; X[3]       ; output[5]   ; 6.552  ; 6.552  ; 6.552  ; 6.552  ;
; X[3]       ; output[6]   ; 6.553  ; 6.553  ; 6.553  ; 6.553  ;
; X[3]       ; output[7]   ; 6.253  ; 6.253  ; 6.253  ; 6.253  ;
; X[3]       ; output[8]   ; 6.395  ; 6.395  ; 6.395  ; 6.395  ;
; X[3]       ; output[9]   ; 6.479  ; 6.479  ; 6.479  ; 6.479  ;
; X[3]       ; output[10]  ; 6.923  ; 6.923  ; 6.923  ; 6.923  ;
; X[3]       ; output[11]  ; 6.618  ; 6.618  ; 6.618  ; 6.618  ;
; X[3]       ; output[12]  ; 6.902  ; 6.902  ; 6.902  ; 6.902  ;
; X[3]       ; output[13]  ; 6.667  ; 6.667  ; 6.667  ; 6.667  ;
; X[3]       ; output[14]  ; 6.975  ; 6.975  ; 6.975  ; 6.975  ;
; X[3]       ; output[15]  ; 6.732  ; 6.732  ; 6.732  ; 6.732  ;
; X[4]       ; output[2]   ; 7.095  ; 7.095  ; 7.095  ; 7.095  ;
; X[4]       ; output[3]   ; 7.217  ; 7.240  ; 7.240  ; 7.217  ;
; X[4]       ; output[4]   ; 5.568  ; 6.343  ; 6.343  ; 5.568  ;
; X[4]       ; output[5]   ; 6.671  ; 6.671  ; 6.671  ; 6.671  ;
; X[4]       ; output[6]   ; 6.672  ; 6.672  ; 6.672  ; 6.672  ;
; X[4]       ; output[7]   ; 6.372  ; 6.372  ; 6.372  ; 6.372  ;
; X[4]       ; output[8]   ; 6.514  ; 6.514  ; 6.514  ; 6.514  ;
; X[4]       ; output[9]   ; 6.598  ; 6.598  ; 6.598  ; 6.598  ;
; X[4]       ; output[10]  ; 7.042  ; 7.042  ; 7.042  ; 7.042  ;
; X[4]       ; output[11]  ; 6.737  ; 6.737  ; 6.737  ; 6.737  ;
; X[4]       ; output[12]  ; 7.021  ; 7.021  ; 7.021  ; 7.021  ;
; X[4]       ; output[13]  ; 6.786  ; 6.786  ; 6.786  ; 6.786  ;
; X[4]       ; output[14]  ; 7.094  ; 7.094  ; 7.094  ; 7.094  ;
; X[4]       ; output[15]  ; 6.851  ; 6.851  ; 6.851  ; 6.851  ;
; X[5]       ; output[2]   ; 8.041  ; 7.853  ; 7.853  ; 8.041  ;
; X[5]       ; output[3]   ; 7.773  ; 7.858  ; 7.858  ; 7.773  ;
; X[5]       ; output[4]   ; 7.516  ; 7.516  ; 7.516  ; 7.516  ;
; X[5]       ; output[5]   ; 7.048  ; 7.337  ; 7.337  ; 7.048  ;
; X[5]       ; output[6]   ; 7.249  ; 7.249  ; 7.249  ; 7.249  ;
; X[5]       ; output[7]   ; 7.005  ; 7.005  ; 7.005  ; 7.005  ;
; X[5]       ; output[8]   ; 7.173  ; 7.173  ; 7.173  ; 7.173  ;
; X[5]       ; output[9]   ; 7.602  ; 7.602  ; 7.602  ; 7.602  ;
; X[5]       ; output[10]  ; 7.625  ; 7.625  ; 7.625  ; 7.625  ;
; X[5]       ; output[11]  ; 7.466  ; 7.466  ; 7.466  ; 7.466  ;
; X[5]       ; output[12]  ; 7.503  ; 7.503  ; 7.503  ; 7.503  ;
; X[5]       ; output[13]  ; 7.593  ; 7.593  ; 7.593  ; 7.593  ;
; X[5]       ; output[14]  ; 7.685  ; 7.717  ; 7.717  ; 7.685  ;
; X[5]       ; output[15]  ; 7.521  ; 7.545  ; 7.545  ; 7.521  ;
; X[6]       ; output[2]   ; 7.804  ; 7.804  ; 7.804  ; 7.804  ;
; X[6]       ; output[3]   ; 7.883  ; 7.949  ; 7.949  ; 7.883  ;
; X[6]       ; output[4]   ; 7.349  ; 7.349  ; 7.349  ; 7.349  ;
; X[6]       ; output[5]   ; 7.747  ; 7.870  ; 7.870  ; 7.747  ;
; X[6]       ; output[6]   ; 6.544  ; 6.977  ; 6.977  ; 6.544  ;
; X[6]       ; output[7]   ; 6.838  ; 6.838  ; 6.838  ; 6.838  ;
; X[6]       ; output[8]   ; 7.006  ; 7.006  ; 7.006  ; 7.006  ;
; X[6]       ; output[9]   ; 7.307  ; 7.307  ; 7.307  ; 7.307  ;
; X[6]       ; output[10]  ; 7.687  ; 7.687  ; 7.687  ; 7.687  ;
; X[6]       ; output[11]  ; 7.299  ; 7.299  ; 7.299  ; 7.299  ;
; X[6]       ; output[12]  ; 7.336  ; 7.336  ; 7.336  ; 7.336  ;
; X[6]       ; output[13]  ; 7.495  ; 7.495  ; 7.495  ; 7.495  ;
; X[6]       ; output[14]  ; 7.518  ; 7.550  ; 7.550  ; 7.518  ;
; X[6]       ; output[15]  ; 7.513  ; 7.513  ; 7.513  ; 7.513  ;
; X[7]       ; output[2]   ; 8.051  ; 8.051  ; 8.051  ; 8.051  ;
; X[7]       ; output[3]   ; 8.196  ; 8.196  ; 8.196  ; 8.196  ;
; X[7]       ; output[4]   ; 7.774  ; 7.774  ; 7.774  ; 7.774  ;
; X[7]       ; output[5]   ; 8.172  ; 8.189  ; 8.189  ; 8.172  ;
; X[7]       ; output[6]   ; 7.713  ; 7.713  ; 7.713  ; 7.713  ;
; X[7]       ; output[7]   ; 6.684  ; 7.006  ; 7.006  ; 6.684  ;
; X[7]       ; output[8]   ; 7.431  ; 7.431  ; 7.431  ; 7.431  ;
; X[7]       ; output[9]   ; 7.554  ; 7.554  ; 7.554  ; 7.554  ;
; X[7]       ; output[10]  ; 7.954  ; 7.954  ; 7.954  ; 7.954  ;
; X[7]       ; output[11]  ; 7.693  ; 7.693  ; 7.693  ; 7.693  ;
; X[7]       ; output[12]  ; 7.761  ; 7.761  ; 7.761  ; 7.761  ;
; X[7]       ; output[13]  ; 7.742  ; 7.742  ; 7.742  ; 7.742  ;
; X[7]       ; output[14]  ; 7.943  ; 7.975  ; 7.975  ; 7.943  ;
; X[7]       ; output[15]  ; 7.784  ; 7.807  ; 7.807  ; 7.784  ;
; X[8]       ; output[2]   ; 8.607  ; 8.607  ; 8.607  ; 8.607  ;
; X[8]       ; output[3]   ; 8.527  ; 8.527  ; 8.527  ; 8.527  ;
; X[8]       ; output[4]   ; 8.113  ; 8.113  ; 8.113  ; 8.113  ;
; X[8]       ; output[5]   ; 8.511  ; 8.511  ; 8.511  ; 8.511  ;
; X[8]       ; output[6]   ; 7.766  ; 7.766  ; 7.766  ; 7.766  ;
; X[8]       ; output[7]   ; 7.587  ; 7.759  ; 7.759  ; 7.587  ;
; X[8]       ; output[8]   ; 7.666  ; 7.669  ; 7.669  ; 7.666  ;
; X[8]       ; output[9]   ; 8.322  ; 8.322  ; 8.322  ; 8.322  ;
; X[8]       ; output[10]  ; 8.007  ; 8.007  ; 8.007  ; 8.007  ;
; X[8]       ; output[11]  ; 7.842  ; 7.842  ; 7.842  ; 7.842  ;
; X[8]       ; output[12]  ; 7.924  ; 7.924  ; 7.924  ; 7.924  ;
; X[8]       ; output[13]  ; 8.202  ; 8.202  ; 8.202  ; 8.202  ;
; X[8]       ; output[14]  ; 8.047  ; 8.047  ; 8.047  ; 8.047  ;
; X[8]       ; output[15]  ; 7.837  ; 7.894  ; 7.894  ; 7.837  ;
; X[9]       ; output[2]   ; 9.253  ; 9.253  ; 9.253  ; 9.253  ;
; X[9]       ; output[3]   ; 9.173  ; 9.173  ; 9.173  ; 9.173  ;
; X[9]       ; output[4]   ; 8.759  ; 8.759  ; 8.759  ; 8.759  ;
; X[9]       ; output[5]   ; 9.157  ; 9.157  ; 9.157  ; 9.157  ;
; X[9]       ; output[6]   ; 8.412  ; 8.412  ; 8.412  ; 8.412  ;
; X[9]       ; output[7]   ; 8.233  ; 8.297  ; 8.297  ; 8.233  ;
; X[9]       ; output[8]   ; 8.671  ; 8.854  ; 8.854  ; 8.671  ;
; X[9]       ; output[9]   ; 8.565  ; 8.565  ; 8.565  ; 8.565  ;
; X[9]       ; output[10]  ; 8.653  ; 8.653  ; 8.653  ; 8.653  ;
; X[9]       ; output[11]  ; 8.488  ; 8.488  ; 8.488  ; 8.488  ;
; X[9]       ; output[12]  ; 8.311  ; 8.311  ; 8.311  ; 8.311  ;
; X[9]       ; output[13]  ; 8.848  ; 8.848  ; 8.848  ; 8.848  ;
; X[9]       ; output[14]  ; 8.607  ; 8.607  ; 8.607  ; 8.607  ;
; X[9]       ; output[15]  ; 8.448  ; 8.448  ; 8.448  ; 8.448  ;
; X[10]      ; output[2]   ; 9.447  ; 9.447  ; 9.447  ; 9.447  ;
; X[10]      ; output[3]   ; 9.458  ; 9.458  ; 9.458  ; 9.458  ;
; X[10]      ; output[4]   ; 8.921  ; 8.921  ; 8.921  ; 8.921  ;
; X[10]      ; output[5]   ; 9.319  ; 9.319  ; 9.319  ; 9.319  ;
; X[10]      ; output[6]   ; 8.878  ; 8.878  ; 8.878  ; 8.878  ;
; X[10]      ; output[7]   ; 8.521  ; 8.521  ; 8.521  ; 8.521  ;
; X[10]      ; output[8]   ; 9.078  ; 9.078  ; 9.078  ; 9.078  ;
; X[10]      ; output[9]   ; 9.139  ; 9.139  ; 9.139  ; 9.139  ;
; X[10]      ; output[10]  ; 9.014  ; 9.014  ; 9.014  ; 9.014  ;
; X[10]      ; output[11]  ; 8.863  ; 8.863  ; 8.863  ; 8.863  ;
; X[10]      ; output[12]  ; 8.462  ; 8.462  ; 8.462  ; 8.462  ;
; X[10]      ; output[13]  ; 9.126  ; 9.126  ; 9.126  ; 9.126  ;
; X[10]      ; output[14]  ; 8.771  ; 8.771  ; 8.771  ; 8.771  ;
; X[10]      ; output[15]  ; 8.767  ; 8.767  ; 8.767  ; 8.767  ;
; X[11]      ; output[2]   ; 9.585  ; 9.585  ; 9.585  ; 9.585  ;
; X[11]      ; output[3]   ; 9.505  ; 9.505  ; 9.505  ; 9.505  ;
; X[11]      ; output[4]   ; 9.104  ; 9.104  ; 9.104  ; 9.104  ;
; X[11]      ; output[5]   ; 9.479  ; 9.479  ; 9.479  ; 9.479  ;
; X[11]      ; output[6]   ; 8.931  ; 8.931  ; 8.931  ; 8.931  ;
; X[11]      ; output[7]   ; 8.568  ; 8.568  ; 8.568  ; 8.568  ;
; X[11]      ; output[8]   ; 9.125  ; 9.125  ; 9.125  ; 9.125  ;
; X[11]      ; output[9]   ; 9.186  ; 9.186  ; 9.186  ; 9.186  ;
; X[11]      ; output[10]  ; 9.423  ; 9.423  ; 9.423  ; 9.423  ;
; X[11]      ; output[11]  ; 8.904  ; 8.904  ; 8.904  ; 8.904  ;
; X[11]      ; output[12]  ; 8.645  ; 8.645  ; 8.645  ; 8.645  ;
; X[11]      ; output[13]  ; 9.302  ; 9.302  ; 9.302  ; 9.302  ;
; X[11]      ; output[14]  ; 8.818  ; 8.818  ; 8.818  ; 8.818  ;
; X[11]      ; output[15]  ; 8.913  ; 8.913  ; 8.913  ; 8.913  ;
; X[12]      ; output[2]   ; 9.972  ; 9.972  ; 9.972  ; 9.972  ;
; X[12]      ; output[3]   ; 10.051 ; 10.102 ; 10.102 ; 10.051 ;
; X[12]      ; output[4]   ; 9.446  ; 9.446  ; 9.446  ; 9.446  ;
; X[12]      ; output[5]   ; 9.844  ; 9.895  ; 9.895  ; 9.844  ;
; X[12]      ; output[6]   ; 9.439  ; 9.490  ; 9.490  ; 9.439  ;
; X[12]      ; output[7]   ; 9.046  ; 9.097  ; 9.097  ; 9.046  ;
; X[12]      ; output[8]   ; 9.603  ; 9.654  ; 9.654  ; 9.603  ;
; X[12]      ; output[9]   ; 9.664  ; 9.672  ; 9.672  ; 9.664  ;
; X[12]      ; output[10]  ; 9.901  ; 9.952  ; 9.952  ; 9.901  ;
; X[12]      ; output[11]  ; 9.546  ; 9.597  ; 9.597  ; 9.546  ;
; X[12]      ; output[12]  ; 8.987  ; 9.038  ; 9.038  ; 8.987  ;
; X[12]      ; output[13]  ; 9.651  ; 9.651  ; 9.651  ; 9.651  ;
; X[12]      ; output[14]  ; 9.419  ; 9.419  ; 9.419  ; 9.419  ;
; X[12]      ; output[15]  ; 9.514  ; 9.514  ; 9.514  ; 9.514  ;
; X[13]      ; output[2]   ; 10.034 ; 10.034 ; 10.034 ; 10.034 ;
; X[13]      ; output[3]   ; 9.954  ; 9.954  ; 9.954  ; 9.954  ;
; X[13]      ; output[4]   ; 9.565  ; 9.565  ; 9.565  ; 9.565  ;
; X[13]      ; output[5]   ; 9.928  ; 9.928  ; 9.928  ; 9.928  ;
; X[13]      ; output[6]   ; 9.390  ; 9.390  ; 9.390  ; 9.390  ;
; X[13]      ; output[7]   ; 9.017  ; 9.017  ; 9.017  ; 9.017  ;
; X[13]      ; output[8]   ; 9.574  ; 9.574  ; 9.574  ; 9.574  ;
; X[13]      ; output[9]   ; 9.635  ; 9.635  ; 9.635  ; 9.635  ;
; X[13]      ; output[10]  ; 9.872  ; 9.872  ; 9.872  ; 9.872  ;
; X[13]      ; output[11]  ; 9.517  ; 9.517  ; 9.517  ; 9.517  ;
; X[13]      ; output[12]  ; 9.106  ; 9.326  ; 9.326  ; 9.106  ;
; X[13]      ; output[13]  ; 9.741  ; 9.741  ; 9.741  ; 9.741  ;
; X[13]      ; output[14]  ; 9.267  ; 9.267  ; 9.267  ; 9.267  ;
; X[13]      ; output[15]  ; 9.361  ; 9.361  ; 9.361  ; 9.361  ;
; X[14]      ; output[2]   ; 9.826  ; 9.826  ; 9.826  ; 9.826  ;
; X[14]      ; output[3]   ; 9.746  ; 9.746  ; 9.746  ; 9.746  ;
; X[14]      ; output[4]   ; 9.344  ; 9.344  ; 9.344  ; 9.344  ;
; X[14]      ; output[5]   ; 9.720  ; 9.720  ; 9.720  ; 9.720  ;
; X[14]      ; output[6]   ; 9.182  ; 9.182  ; 9.182  ; 9.182  ;
; X[14]      ; output[7]   ; 8.809  ; 8.809  ; 8.809  ; 8.809  ;
; X[14]      ; output[8]   ; 9.366  ; 9.366  ; 9.366  ; 9.366  ;
; X[14]      ; output[9]   ; 9.427  ; 9.427  ; 9.427  ; 9.427  ;
; X[14]      ; output[10]  ; 9.664  ; 9.664  ; 9.664  ; 9.664  ;
; X[14]      ; output[11]  ; 9.309  ; 9.309  ; 9.309  ; 9.309  ;
; X[14]      ; output[12]  ; 8.885  ; 9.060  ; 9.060  ; 8.885  ;
; X[14]      ; output[13]  ; 9.543  ; 9.543  ; 9.543  ; 9.543  ;
; X[14]      ; output[14]  ; 9.059  ; 9.059  ; 9.059  ; 9.059  ;
; X[14]      ; output[15]  ; 9.195  ; 9.195  ; 9.195  ; 9.195  ;
; X[15]      ; output[2]   ; 9.896  ; 9.791  ; 9.791  ; 9.896  ;
; X[15]      ; output[3]   ; 9.711  ; 9.796  ; 9.796  ; 9.711  ;
; X[15]      ; output[4]   ; 9.309  ; 9.309  ; 9.309  ; 9.309  ;
; X[15]      ; output[5]   ; 9.699  ; 9.698  ; 9.698  ; 9.699  ;
; X[15]      ; output[6]   ; 9.161  ; 9.161  ; 9.161  ; 9.161  ;
; X[15]      ; output[7]   ; 8.788  ; 8.983  ; 8.983  ; 8.788  ;
; X[15]      ; output[8]   ; 9.345  ; 9.540  ; 9.540  ; 9.345  ;
; X[15]      ; output[9]   ; 9.406  ; 9.596  ; 9.596  ; 9.406  ;
; X[15]      ; output[10]  ; 9.643  ; 9.838  ; 9.838  ; 9.643  ;
; X[15]      ; output[11]  ; 9.288  ; 9.483  ; 9.483  ; 9.288  ;
; X[15]      ; output[12]  ; 9.088  ; 9.303  ; 9.303  ; 9.088  ;
; X[15]      ; output[13]  ; 9.522  ; 9.717  ; 9.717  ; 9.522  ;
; X[15]      ; output[14]  ; 9.287  ; 9.502  ; 9.502  ; 9.287  ;
; X[15]      ; output[15]  ; 8.939  ; 9.134  ; 9.134  ; 8.939  ;
+------------+-------------+--------+--------+--------+--------+


+----------------------------------------------------------------------------+
; Multicorner Timing Analysis Summary                                        ;
+------------------+-------+------+----------+---------+---------------------+
; Clock            ; Setup ; Hold ; Recovery ; Removal ; Minimum Pulse Width ;
+------------------+-------+------+----------+---------+---------------------+
; Worst-case Slack ; N/A   ; N/A  ; N/A      ; N/A     ; N/A                 ;
; Design-wide TNS  ; 0.0   ; 0.0  ; 0.0      ; 0.0     ; 0.0                 ;
+------------------+-------+------+----------+---------+---------------------+


+--------------------------------------------------------------+
; Progagation Delay                                            ;
+------------+-------------+--------+--------+--------+--------+
; Input Port ; Output Port ; RR     ; RF     ; FR     ; FF     ;
+------------+-------------+--------+--------+--------+--------+
; X[0]       ; output[0]   ; 8.909  ;        ;        ; 8.909  ;
; X[1]       ; output[1]   ; 8.826  ;        ;        ; 8.826  ;
; X[2]       ; output[2]   ; 14.050 ; 14.050 ; 14.050 ; 14.050 ;
; X[2]       ; output[3]   ; 14.327 ; 14.327 ; 14.327 ; 14.327 ;
; X[2]       ; output[4]   ; 13.924 ; 13.924 ; 13.924 ; 13.924 ;
; X[2]       ; output[5]   ; 14.322 ; 14.322 ; 14.322 ; 14.322 ;
; X[2]       ; output[6]   ; 13.756 ; 13.756 ; 13.756 ; 13.756 ;
; X[2]       ; output[7]   ; 13.842 ; 13.842 ; 13.842 ; 13.842 ;
; X[2]       ; output[8]   ; 13.487 ; 13.487 ; 13.487 ; 13.487 ;
; X[2]       ; output[9]   ; 13.395 ; 13.395 ; 13.395 ; 13.395 ;
; X[2]       ; output[10]  ; 14.262 ; 14.262 ; 14.262 ; 14.262 ;
; X[2]       ; output[11]  ; 14.240 ; 14.240 ; 14.240 ; 14.240 ;
; X[2]       ; output[12]  ; 13.964 ; 13.964 ; 13.964 ; 13.964 ;
; X[2]       ; output[13]  ; 13.776 ; 13.776 ; 13.776 ; 13.776 ;
; X[2]       ; output[14]  ; 14.433 ; 14.433 ; 14.433 ; 14.433 ;
; X[2]       ; output[15]  ; 13.611 ; 13.611 ; 13.611 ; 13.611 ;
; X[3]       ; output[2]   ; 17.410 ; 17.410 ; 17.410 ; 17.410 ;
; X[3]       ; output[3]   ; 17.687 ; 17.687 ; 17.687 ; 17.687 ;
; X[3]       ; output[4]   ; 17.284 ; 17.284 ; 17.284 ; 17.284 ;
; X[3]       ; output[5]   ; 17.682 ; 17.682 ; 17.682 ; 17.682 ;
; X[3]       ; output[6]   ; 17.116 ; 17.116 ; 17.116 ; 17.116 ;
; X[3]       ; output[7]   ; 17.202 ; 17.202 ; 17.202 ; 17.202 ;
; X[3]       ; output[8]   ; 16.847 ; 16.847 ; 16.847 ; 16.847 ;
; X[3]       ; output[9]   ; 16.755 ; 16.755 ; 16.755 ; 16.755 ;
; X[3]       ; output[10]  ; 17.622 ; 17.622 ; 17.622 ; 17.622 ;
; X[3]       ; output[11]  ; 17.600 ; 17.600 ; 17.600 ; 17.600 ;
; X[3]       ; output[12]  ; 17.324 ; 17.324 ; 17.324 ; 17.324 ;
; X[3]       ; output[13]  ; 17.136 ; 17.136 ; 17.136 ; 17.136 ;
; X[3]       ; output[14]  ; 17.793 ; 17.793 ; 17.793 ; 17.793 ;
; X[3]       ; output[15]  ; 16.971 ; 16.971 ; 16.971 ; 16.971 ;
; X[4]       ; output[2]   ; 21.219 ; 21.219 ; 21.219 ; 21.219 ;
; X[4]       ; output[3]   ; 21.496 ; 21.496 ; 21.496 ; 21.496 ;
; X[4]       ; output[4]   ; 21.093 ; 21.093 ; 21.093 ; 21.093 ;
; X[4]       ; output[5]   ; 21.491 ; 21.491 ; 21.491 ; 21.491 ;
; X[4]       ; output[6]   ; 20.925 ; 20.925 ; 20.925 ; 20.925 ;
; X[4]       ; output[7]   ; 21.011 ; 21.011 ; 21.011 ; 21.011 ;
; X[4]       ; output[8]   ; 20.656 ; 20.656 ; 20.656 ; 20.656 ;
; X[4]       ; output[9]   ; 20.564 ; 20.564 ; 20.564 ; 20.564 ;
; X[4]       ; output[10]  ; 21.431 ; 21.431 ; 21.431 ; 21.431 ;
; X[4]       ; output[11]  ; 21.409 ; 21.409 ; 21.409 ; 21.409 ;
; X[4]       ; output[12]  ; 21.133 ; 21.133 ; 21.133 ; 21.133 ;
; X[4]       ; output[13]  ; 20.945 ; 20.945 ; 20.945 ; 20.945 ;
; X[4]       ; output[14]  ; 21.602 ; 21.602 ; 21.602 ; 21.602 ;
; X[4]       ; output[15]  ; 20.780 ; 20.780 ; 20.780 ; 20.780 ;
; X[5]       ; output[2]   ; 25.435 ; 25.435 ; 25.435 ; 25.435 ;
; X[5]       ; output[3]   ; 25.712 ; 25.712 ; 25.712 ; 25.712 ;
; X[5]       ; output[4]   ; 25.309 ; 25.309 ; 25.309 ; 25.309 ;
; X[5]       ; output[5]   ; 25.707 ; 25.707 ; 25.707 ; 25.707 ;
; X[5]       ; output[6]   ; 25.141 ; 25.141 ; 25.141 ; 25.141 ;
; X[5]       ; output[7]   ; 25.227 ; 25.227 ; 25.227 ; 25.227 ;
; X[5]       ; output[8]   ; 24.872 ; 24.872 ; 24.872 ; 24.872 ;
; X[5]       ; output[9]   ; 24.780 ; 24.780 ; 24.780 ; 24.780 ;
; X[5]       ; output[10]  ; 25.647 ; 25.647 ; 25.647 ; 25.647 ;
; X[5]       ; output[11]  ; 25.625 ; 25.625 ; 25.625 ; 25.625 ;
; X[5]       ; output[12]  ; 25.349 ; 25.349 ; 25.349 ; 25.349 ;
; X[5]       ; output[13]  ; 25.161 ; 25.161 ; 25.161 ; 25.161 ;
; X[5]       ; output[14]  ; 25.818 ; 25.818 ; 25.818 ; 25.818 ;
; X[5]       ; output[15]  ; 24.996 ; 24.996 ; 24.996 ; 24.996 ;
; X[6]       ; output[2]   ; 28.573 ; 28.573 ; 28.573 ; 28.573 ;
; X[6]       ; output[3]   ; 28.850 ; 28.850 ; 28.850 ; 28.850 ;
; X[6]       ; output[4]   ; 28.447 ; 28.447 ; 28.447 ; 28.447 ;
; X[6]       ; output[5]   ; 28.845 ; 28.845 ; 28.845 ; 28.845 ;
; X[6]       ; output[6]   ; 28.279 ; 28.279 ; 28.279 ; 28.279 ;
; X[6]       ; output[7]   ; 28.365 ; 28.365 ; 28.365 ; 28.365 ;
; X[6]       ; output[8]   ; 28.010 ; 28.010 ; 28.010 ; 28.010 ;
; X[6]       ; output[9]   ; 27.918 ; 27.918 ; 27.918 ; 27.918 ;
; X[6]       ; output[10]  ; 28.785 ; 28.785 ; 28.785 ; 28.785 ;
; X[6]       ; output[11]  ; 28.763 ; 28.763 ; 28.763 ; 28.763 ;
; X[6]       ; output[12]  ; 28.487 ; 28.487 ; 28.487 ; 28.487 ;
; X[6]       ; output[13]  ; 28.299 ; 28.299 ; 28.299 ; 28.299 ;
; X[6]       ; output[14]  ; 28.956 ; 28.956 ; 28.956 ; 28.956 ;
; X[6]       ; output[15]  ; 28.134 ; 28.134 ; 28.134 ; 28.134 ;
; X[7]       ; output[2]   ; 32.703 ; 32.703 ; 32.703 ; 32.703 ;
; X[7]       ; output[3]   ; 32.980 ; 32.980 ; 32.980 ; 32.980 ;
; X[7]       ; output[4]   ; 32.577 ; 32.577 ; 32.577 ; 32.577 ;
; X[7]       ; output[5]   ; 32.975 ; 32.975 ; 32.975 ; 32.975 ;
; X[7]       ; output[6]   ; 32.409 ; 32.409 ; 32.409 ; 32.409 ;
; X[7]       ; output[7]   ; 32.495 ; 32.495 ; 32.495 ; 32.495 ;
; X[7]       ; output[8]   ; 32.140 ; 32.140 ; 32.140 ; 32.140 ;
; X[7]       ; output[9]   ; 32.048 ; 32.048 ; 32.048 ; 32.048 ;
; X[7]       ; output[10]  ; 32.915 ; 32.915 ; 32.915 ; 32.915 ;
; X[7]       ; output[11]  ; 32.893 ; 32.893 ; 32.893 ; 32.893 ;
; X[7]       ; output[12]  ; 32.617 ; 32.617 ; 32.617 ; 32.617 ;
; X[7]       ; output[13]  ; 32.429 ; 32.429 ; 32.429 ; 32.429 ;
; X[7]       ; output[14]  ; 33.086 ; 33.086 ; 33.086 ; 33.086 ;
; X[7]       ; output[15]  ; 32.264 ; 32.264 ; 32.264 ; 32.264 ;
; X[8]       ; output[2]   ; 35.819 ; 35.819 ; 35.819 ; 35.819 ;
; X[8]       ; output[3]   ; 36.096 ; 36.096 ; 36.096 ; 36.096 ;
; X[8]       ; output[4]   ; 35.693 ; 35.693 ; 35.693 ; 35.693 ;
; X[8]       ; output[5]   ; 36.091 ; 36.091 ; 36.091 ; 36.091 ;
; X[8]       ; output[6]   ; 35.525 ; 35.525 ; 35.525 ; 35.525 ;
; X[8]       ; output[7]   ; 35.611 ; 35.611 ; 35.611 ; 35.611 ;
; X[8]       ; output[8]   ; 35.256 ; 35.256 ; 35.256 ; 35.256 ;
; X[8]       ; output[9]   ; 35.164 ; 35.164 ; 35.164 ; 35.164 ;
; X[8]       ; output[10]  ; 36.031 ; 36.031 ; 36.031 ; 36.031 ;
; X[8]       ; output[11]  ; 36.009 ; 36.009 ; 36.009 ; 36.009 ;
; X[8]       ; output[12]  ; 35.733 ; 35.733 ; 35.733 ; 35.733 ;
; X[8]       ; output[13]  ; 35.545 ; 35.545 ; 35.545 ; 35.545 ;
; X[8]       ; output[14]  ; 36.202 ; 36.202 ; 36.202 ; 36.202 ;
; X[8]       ; output[15]  ; 35.380 ; 35.380 ; 35.380 ; 35.380 ;
; X[9]       ; output[2]   ; 40.008 ; 40.008 ; 40.008 ; 40.008 ;
; X[9]       ; output[3]   ; 40.285 ; 40.285 ; 40.285 ; 40.285 ;
; X[9]       ; output[4]   ; 39.882 ; 39.882 ; 39.882 ; 39.882 ;
; X[9]       ; output[5]   ; 40.280 ; 40.280 ; 40.280 ; 40.280 ;
; X[9]       ; output[6]   ; 39.714 ; 39.714 ; 39.714 ; 39.714 ;
; X[9]       ; output[7]   ; 39.800 ; 39.800 ; 39.800 ; 39.800 ;
; X[9]       ; output[8]   ; 39.445 ; 39.445 ; 39.445 ; 39.445 ;
; X[9]       ; output[9]   ; 39.353 ; 39.353 ; 39.353 ; 39.353 ;
; X[9]       ; output[10]  ; 40.220 ; 40.220 ; 40.220 ; 40.220 ;
; X[9]       ; output[11]  ; 40.198 ; 40.198 ; 40.198 ; 40.198 ;
; X[9]       ; output[12]  ; 39.922 ; 39.922 ; 39.922 ; 39.922 ;
; X[9]       ; output[13]  ; 39.734 ; 39.734 ; 39.734 ; 39.734 ;
; X[9]       ; output[14]  ; 40.391 ; 40.391 ; 40.391 ; 40.391 ;
; X[9]       ; output[15]  ; 39.569 ; 39.569 ; 39.569 ; 39.569 ;
; X[10]      ; output[2]   ; 42.235 ; 42.235 ; 42.235 ; 42.235 ;
; X[10]      ; output[3]   ; 42.512 ; 42.512 ; 42.512 ; 42.512 ;
; X[10]      ; output[4]   ; 42.109 ; 42.109 ; 42.109 ; 42.109 ;
; X[10]      ; output[5]   ; 42.507 ; 42.507 ; 42.507 ; 42.507 ;
; X[10]      ; output[6]   ; 41.941 ; 41.941 ; 41.941 ; 41.941 ;
; X[10]      ; output[7]   ; 42.027 ; 42.027 ; 42.027 ; 42.027 ;
; X[10]      ; output[8]   ; 41.672 ; 41.672 ; 41.672 ; 41.672 ;
; X[10]      ; output[9]   ; 41.580 ; 41.580 ; 41.580 ; 41.580 ;
; X[10]      ; output[10]  ; 42.447 ; 42.447 ; 42.447 ; 42.447 ;
; X[10]      ; output[11]  ; 42.425 ; 42.425 ; 42.425 ; 42.425 ;
; X[10]      ; output[12]  ; 42.149 ; 42.149 ; 42.149 ; 42.149 ;
; X[10]      ; output[13]  ; 41.961 ; 41.961 ; 41.961 ; 41.961 ;
; X[10]      ; output[14]  ; 42.618 ; 42.618 ; 42.618 ; 42.618 ;
; X[10]      ; output[15]  ; 41.796 ; 41.796 ; 41.796 ; 41.796 ;
; X[11]      ; output[2]   ; 45.170 ; 45.170 ; 45.170 ; 45.170 ;
; X[11]      ; output[3]   ; 45.447 ; 45.447 ; 45.447 ; 45.447 ;
; X[11]      ; output[4]   ; 45.044 ; 45.044 ; 45.044 ; 45.044 ;
; X[11]      ; output[5]   ; 45.442 ; 45.442 ; 45.442 ; 45.442 ;
; X[11]      ; output[6]   ; 44.876 ; 44.876 ; 44.876 ; 44.876 ;
; X[11]      ; output[7]   ; 44.962 ; 44.962 ; 44.962 ; 44.962 ;
; X[11]      ; output[8]   ; 44.607 ; 44.607 ; 44.607 ; 44.607 ;
; X[11]      ; output[9]   ; 44.515 ; 44.515 ; 44.515 ; 44.515 ;
; X[11]      ; output[10]  ; 45.382 ; 45.382 ; 45.382 ; 45.382 ;
; X[11]      ; output[11]  ; 45.360 ; 45.360 ; 45.360 ; 45.360 ;
; X[11]      ; output[12]  ; 45.084 ; 45.084 ; 45.084 ; 45.084 ;
; X[11]      ; output[13]  ; 44.896 ; 44.896 ; 44.896 ; 44.896 ;
; X[11]      ; output[14]  ; 45.553 ; 45.553 ; 45.553 ; 45.553 ;
; X[11]      ; output[15]  ; 44.731 ; 44.731 ; 44.731 ; 44.731 ;
; X[12]      ; output[2]   ; 47.559 ; 47.559 ; 47.559 ; 47.559 ;
; X[12]      ; output[3]   ; 47.836 ; 47.836 ; 47.836 ; 47.836 ;
; X[12]      ; output[4]   ; 47.433 ; 47.433 ; 47.433 ; 47.433 ;
; X[12]      ; output[5]   ; 47.831 ; 47.831 ; 47.831 ; 47.831 ;
; X[12]      ; output[6]   ; 47.265 ; 47.265 ; 47.265 ; 47.265 ;
; X[12]      ; output[7]   ; 47.351 ; 47.351 ; 47.351 ; 47.351 ;
; X[12]      ; output[8]   ; 46.996 ; 46.996 ; 46.996 ; 46.996 ;
; X[12]      ; output[9]   ; 46.904 ; 46.904 ; 46.904 ; 46.904 ;
; X[12]      ; output[10]  ; 47.771 ; 47.771 ; 47.771 ; 47.771 ;
; X[12]      ; output[11]  ; 47.749 ; 47.749 ; 47.749 ; 47.749 ;
; X[12]      ; output[12]  ; 47.473 ; 47.473 ; 47.473 ; 47.473 ;
; X[12]      ; output[13]  ; 47.285 ; 47.285 ; 47.285 ; 47.285 ;
; X[12]      ; output[14]  ; 47.942 ; 47.942 ; 47.942 ; 47.942 ;
; X[12]      ; output[15]  ; 47.120 ; 47.120 ; 47.120 ; 47.120 ;
; X[13]      ; output[2]   ; 47.321 ; 47.321 ; 47.321 ; 47.321 ;
; X[13]      ; output[3]   ; 47.598 ; 47.598 ; 47.598 ; 47.598 ;
; X[13]      ; output[4]   ; 47.195 ; 47.195 ; 47.195 ; 47.195 ;
; X[13]      ; output[5]   ; 47.593 ; 47.593 ; 47.593 ; 47.593 ;
; X[13]      ; output[6]   ; 47.027 ; 47.027 ; 47.027 ; 47.027 ;
; X[13]      ; output[7]   ; 47.113 ; 47.113 ; 47.113 ; 47.113 ;
; X[13]      ; output[8]   ; 46.758 ; 46.758 ; 46.758 ; 46.758 ;
; X[13]      ; output[9]   ; 46.666 ; 46.666 ; 46.666 ; 46.666 ;
; X[13]      ; output[10]  ; 47.533 ; 47.533 ; 47.533 ; 47.533 ;
; X[13]      ; output[11]  ; 47.511 ; 47.511 ; 47.511 ; 47.511 ;
; X[13]      ; output[12]  ; 47.235 ; 47.235 ; 47.235 ; 47.235 ;
; X[13]      ; output[13]  ; 47.047 ; 47.047 ; 47.047 ; 47.047 ;
; X[13]      ; output[14]  ; 47.704 ; 47.704 ; 47.704 ; 47.704 ;
; X[13]      ; output[15]  ; 46.882 ; 46.882 ; 46.882 ; 46.882 ;
; X[14]      ; output[2]   ; 46.983 ; 46.983 ; 46.983 ; 46.983 ;
; X[14]      ; output[3]   ; 47.260 ; 47.260 ; 47.260 ; 47.260 ;
; X[14]      ; output[4]   ; 46.857 ; 46.857 ; 46.857 ; 46.857 ;
; X[14]      ; output[5]   ; 47.255 ; 47.255 ; 47.255 ; 47.255 ;
; X[14]      ; output[6]   ; 46.689 ; 46.689 ; 46.689 ; 46.689 ;
; X[14]      ; output[7]   ; 46.775 ; 46.775 ; 46.775 ; 46.775 ;
; X[14]      ; output[8]   ; 46.420 ; 46.420 ; 46.420 ; 46.420 ;
; X[14]      ; output[9]   ; 46.328 ; 46.328 ; 46.328 ; 46.328 ;
; X[14]      ; output[10]  ; 47.195 ; 47.195 ; 47.195 ; 47.195 ;
; X[14]      ; output[11]  ; 47.173 ; 47.173 ; 47.173 ; 47.173 ;
; X[14]      ; output[12]  ; 46.897 ; 46.897 ; 46.897 ; 46.897 ;
; X[14]      ; output[13]  ; 46.709 ; 46.709 ; 46.709 ; 46.709 ;
; X[14]      ; output[14]  ; 47.366 ; 47.366 ; 47.366 ; 47.366 ;
; X[14]      ; output[15]  ; 46.544 ; 46.544 ; 46.544 ; 46.544 ;
; X[15]      ; output[2]   ; 47.109 ; 47.109 ; 47.109 ; 47.109 ;
; X[15]      ; output[3]   ; 47.386 ; 47.386 ; 47.386 ; 47.386 ;
; X[15]      ; output[4]   ; 46.983 ; 46.983 ; 46.983 ; 46.983 ;
; X[15]      ; output[5]   ; 47.381 ; 47.381 ; 47.381 ; 47.381 ;
; X[15]      ; output[6]   ; 46.815 ; 46.815 ; 46.815 ; 46.815 ;
; X[15]      ; output[7]   ; 46.901 ; 46.901 ; 46.901 ; 46.901 ;
; X[15]      ; output[8]   ; 46.546 ; 46.546 ; 46.546 ; 46.546 ;
; X[15]      ; output[9]   ; 46.454 ; 46.454 ; 46.454 ; 46.454 ;
; X[15]      ; output[10]  ; 47.321 ; 47.321 ; 47.321 ; 47.321 ;
; X[15]      ; output[11]  ; 47.299 ; 47.299 ; 47.299 ; 47.299 ;
; X[15]      ; output[12]  ; 47.023 ; 47.023 ; 47.023 ; 47.023 ;
; X[15]      ; output[13]  ; 46.835 ; 46.835 ; 46.835 ; 46.835 ;
; X[15]      ; output[14]  ; 47.492 ; 47.492 ; 47.492 ; 47.492 ;
; X[15]      ; output[15]  ; 46.670 ; 46.670 ; 46.670 ; 46.670 ;
+------------+-------------+--------+--------+--------+--------+


+--------------------------------------------------------------+
; Minimum Progagation Delay                                    ;
+------------+-------------+--------+--------+--------+--------+
; Input Port ; Output Port ; RR     ; RF     ; FR     ; FF     ;
+------------+-------------+--------+--------+--------+--------+
; X[0]       ; output[0]   ; 5.085  ;        ;        ; 5.085  ;
; X[1]       ; output[1]   ; 5.036  ;        ;        ; 5.036  ;
; X[2]       ; output[2]   ; 5.953  ; 6.543  ; 6.543  ; 5.953  ;
; X[2]       ; output[3]   ; 6.693  ; 6.693  ; 6.693  ; 6.693  ;
; X[2]       ; output[4]   ; 6.597  ; 6.597  ; 6.597  ; 6.597  ;
; X[2]       ; output[5]   ; 6.820  ; 6.820  ; 6.820  ; 6.820  ;
; X[2]       ; output[6]   ; 6.821  ; 6.821  ; 6.821  ; 6.821  ;
; X[2]       ; output[7]   ; 6.521  ; 6.521  ; 6.521  ; 6.521  ;
; X[2]       ; output[8]   ; 6.663  ; 6.663  ; 6.663  ; 6.663  ;
; X[2]       ; output[9]   ; 6.747  ; 6.747  ; 6.747  ; 6.747  ;
; X[2]       ; output[10]  ; 7.191  ; 7.191  ; 7.191  ; 7.191  ;
; X[2]       ; output[11]  ; 6.886  ; 6.886  ; 6.886  ; 6.886  ;
; X[2]       ; output[12]  ; 7.170  ; 7.170  ; 7.170  ; 7.170  ;
; X[2]       ; output[13]  ; 6.935  ; 6.935  ; 6.935  ; 6.935  ;
; X[2]       ; output[14]  ; 7.243  ; 7.243  ; 7.243  ; 7.243  ;
; X[2]       ; output[15]  ; 7.000  ; 7.000  ; 7.000  ; 7.000  ;
; X[3]       ; output[2]   ; 6.976  ; 6.976  ; 6.976  ; 6.976  ;
; X[3]       ; output[3]   ; 5.732  ; 6.322  ; 6.322  ; 5.732  ;
; X[3]       ; output[4]   ; 6.329  ; 6.329  ; 6.329  ; 6.329  ;
; X[3]       ; output[5]   ; 6.552  ; 6.552  ; 6.552  ; 6.552  ;
; X[3]       ; output[6]   ; 6.553  ; 6.553  ; 6.553  ; 6.553  ;
; X[3]       ; output[7]   ; 6.253  ; 6.253  ; 6.253  ; 6.253  ;
; X[3]       ; output[8]   ; 6.395  ; 6.395  ; 6.395  ; 6.395  ;
; X[3]       ; output[9]   ; 6.479  ; 6.479  ; 6.479  ; 6.479  ;
; X[3]       ; output[10]  ; 6.923  ; 6.923  ; 6.923  ; 6.923  ;
; X[3]       ; output[11]  ; 6.618  ; 6.618  ; 6.618  ; 6.618  ;
; X[3]       ; output[12]  ; 6.902  ; 6.902  ; 6.902  ; 6.902  ;
; X[3]       ; output[13]  ; 6.667  ; 6.667  ; 6.667  ; 6.667  ;
; X[3]       ; output[14]  ; 6.975  ; 6.975  ; 6.975  ; 6.975  ;
; X[3]       ; output[15]  ; 6.732  ; 6.732  ; 6.732  ; 6.732  ;
; X[4]       ; output[2]   ; 7.095  ; 7.095  ; 7.095  ; 7.095  ;
; X[4]       ; output[3]   ; 7.217  ; 7.240  ; 7.240  ; 7.217  ;
; X[4]       ; output[4]   ; 5.568  ; 6.343  ; 6.343  ; 5.568  ;
; X[4]       ; output[5]   ; 6.671  ; 6.671  ; 6.671  ; 6.671  ;
; X[4]       ; output[6]   ; 6.672  ; 6.672  ; 6.672  ; 6.672  ;
; X[4]       ; output[7]   ; 6.372  ; 6.372  ; 6.372  ; 6.372  ;
; X[4]       ; output[8]   ; 6.514  ; 6.514  ; 6.514  ; 6.514  ;
; X[4]       ; output[9]   ; 6.598  ; 6.598  ; 6.598  ; 6.598  ;
; X[4]       ; output[10]  ; 7.042  ; 7.042  ; 7.042  ; 7.042  ;
; X[4]       ; output[11]  ; 6.737  ; 6.737  ; 6.737  ; 6.737  ;
; X[4]       ; output[12]  ; 7.021  ; 7.021  ; 7.021  ; 7.021  ;
; X[4]       ; output[13]  ; 6.786  ; 6.786  ; 6.786  ; 6.786  ;
; X[4]       ; output[14]  ; 7.094  ; 7.094  ; 7.094  ; 7.094  ;
; X[4]       ; output[15]  ; 6.851  ; 6.851  ; 6.851  ; 6.851  ;
; X[5]       ; output[2]   ; 8.041  ; 7.853  ; 7.853  ; 8.041  ;
; X[5]       ; output[3]   ; 7.773  ; 7.858  ; 7.858  ; 7.773  ;
; X[5]       ; output[4]   ; 7.516  ; 7.516  ; 7.516  ; 7.516  ;
; X[5]       ; output[5]   ; 7.048  ; 7.337  ; 7.337  ; 7.048  ;
; X[5]       ; output[6]   ; 7.249  ; 7.249  ; 7.249  ; 7.249  ;
; X[5]       ; output[7]   ; 7.005  ; 7.005  ; 7.005  ; 7.005  ;
; X[5]       ; output[8]   ; 7.173  ; 7.173  ; 7.173  ; 7.173  ;
; X[5]       ; output[9]   ; 7.602  ; 7.602  ; 7.602  ; 7.602  ;
; X[5]       ; output[10]  ; 7.625  ; 7.625  ; 7.625  ; 7.625  ;
; X[5]       ; output[11]  ; 7.466  ; 7.466  ; 7.466  ; 7.466  ;
; X[5]       ; output[12]  ; 7.503  ; 7.503  ; 7.503  ; 7.503  ;
; X[5]       ; output[13]  ; 7.593  ; 7.593  ; 7.593  ; 7.593  ;
; X[5]       ; output[14]  ; 7.685  ; 7.717  ; 7.717  ; 7.685  ;
; X[5]       ; output[15]  ; 7.521  ; 7.545  ; 7.545  ; 7.521  ;
; X[6]       ; output[2]   ; 7.804  ; 7.804  ; 7.804  ; 7.804  ;
; X[6]       ; output[3]   ; 7.883  ; 7.949  ; 7.949  ; 7.883  ;
; X[6]       ; output[4]   ; 7.349  ; 7.349  ; 7.349  ; 7.349  ;
; X[6]       ; output[5]   ; 7.747  ; 7.870  ; 7.870  ; 7.747  ;
; X[6]       ; output[6]   ; 6.544  ; 6.977  ; 6.977  ; 6.544  ;
; X[6]       ; output[7]   ; 6.838  ; 6.838  ; 6.838  ; 6.838  ;
; X[6]       ; output[8]   ; 7.006  ; 7.006  ; 7.006  ; 7.006  ;
; X[6]       ; output[9]   ; 7.307  ; 7.307  ; 7.307  ; 7.307  ;
; X[6]       ; output[10]  ; 7.687  ; 7.687  ; 7.687  ; 7.687  ;
; X[6]       ; output[11]  ; 7.299  ; 7.299  ; 7.299  ; 7.299  ;
; X[6]       ; output[12]  ; 7.336  ; 7.336  ; 7.336  ; 7.336  ;
; X[6]       ; output[13]  ; 7.495  ; 7.495  ; 7.495  ; 7.495  ;
; X[6]       ; output[14]  ; 7.518  ; 7.550  ; 7.550  ; 7.518  ;
; X[6]       ; output[15]  ; 7.513  ; 7.513  ; 7.513  ; 7.513  ;
; X[7]       ; output[2]   ; 8.051  ; 8.051  ; 8.051  ; 8.051  ;
; X[7]       ; output[3]   ; 8.196  ; 8.196  ; 8.196  ; 8.196  ;
; X[7]       ; output[4]   ; 7.774  ; 7.774  ; 7.774  ; 7.774  ;
; X[7]       ; output[5]   ; 8.172  ; 8.189  ; 8.189  ; 8.172  ;
; X[7]       ; output[6]   ; 7.713  ; 7.713  ; 7.713  ; 7.713  ;
; X[7]       ; output[7]   ; 6.684  ; 7.006  ; 7.006  ; 6.684  ;
; X[7]       ; output[8]   ; 7.431  ; 7.431  ; 7.431  ; 7.431  ;
; X[7]       ; output[9]   ; 7.554  ; 7.554  ; 7.554  ; 7.554  ;
; X[7]       ; output[10]  ; 7.954  ; 7.954  ; 7.954  ; 7.954  ;
; X[7]       ; output[11]  ; 7.693  ; 7.693  ; 7.693  ; 7.693  ;
; X[7]       ; output[12]  ; 7.761  ; 7.761  ; 7.761  ; 7.761  ;
; X[7]       ; output[13]  ; 7.742  ; 7.742  ; 7.742  ; 7.742  ;
; X[7]       ; output[14]  ; 7.943  ; 7.975  ; 7.975  ; 7.943  ;
; X[7]       ; output[15]  ; 7.784  ; 7.807  ; 7.807  ; 7.784  ;
; X[8]       ; output[2]   ; 8.607  ; 8.607  ; 8.607  ; 8.607  ;
; X[8]       ; output[3]   ; 8.527  ; 8.527  ; 8.527  ; 8.527  ;
; X[8]       ; output[4]   ; 8.113  ; 8.113  ; 8.113  ; 8.113  ;
; X[8]       ; output[5]   ; 8.511  ; 8.511  ; 8.511  ; 8.511  ;
; X[8]       ; output[6]   ; 7.766  ; 7.766  ; 7.766  ; 7.766  ;
; X[8]       ; output[7]   ; 7.587  ; 7.759  ; 7.759  ; 7.587  ;
; X[8]       ; output[8]   ; 7.666  ; 7.669  ; 7.669  ; 7.666  ;
; X[8]       ; output[9]   ; 8.322  ; 8.322  ; 8.322  ; 8.322  ;
; X[8]       ; output[10]  ; 8.007  ; 8.007  ; 8.007  ; 8.007  ;
; X[8]       ; output[11]  ; 7.842  ; 7.842  ; 7.842  ; 7.842  ;
; X[8]       ; output[12]  ; 7.924  ; 7.924  ; 7.924  ; 7.924  ;
; X[8]       ; output[13]  ; 8.202  ; 8.202  ; 8.202  ; 8.202  ;
; X[8]       ; output[14]  ; 8.047  ; 8.047  ; 8.047  ; 8.047  ;
; X[8]       ; output[15]  ; 7.837  ; 7.894  ; 7.894  ; 7.837  ;
; X[9]       ; output[2]   ; 9.253  ; 9.253  ; 9.253  ; 9.253  ;
; X[9]       ; output[3]   ; 9.173  ; 9.173  ; 9.173  ; 9.173  ;
; X[9]       ; output[4]   ; 8.759  ; 8.759  ; 8.759  ; 8.759  ;
; X[9]       ; output[5]   ; 9.157  ; 9.157  ; 9.157  ; 9.157  ;
; X[9]       ; output[6]   ; 8.412  ; 8.412  ; 8.412  ; 8.412  ;
; X[9]       ; output[7]   ; 8.233  ; 8.297  ; 8.297  ; 8.233  ;
; X[9]       ; output[8]   ; 8.671  ; 8.854  ; 8.854  ; 8.671  ;
; X[9]       ; output[9]   ; 8.565  ; 8.565  ; 8.565  ; 8.565  ;
; X[9]       ; output[10]  ; 8.653  ; 8.653  ; 8.653  ; 8.653  ;
; X[9]       ; output[11]  ; 8.488  ; 8.488  ; 8.488  ; 8.488  ;
; X[9]       ; output[12]  ; 8.311  ; 8.311  ; 8.311  ; 8.311  ;
; X[9]       ; output[13]  ; 8.848  ; 8.848  ; 8.848  ; 8.848  ;
; X[9]       ; output[14]  ; 8.607  ; 8.607  ; 8.607  ; 8.607  ;
; X[9]       ; output[15]  ; 8.448  ; 8.448  ; 8.448  ; 8.448  ;
; X[10]      ; output[2]   ; 9.447  ; 9.447  ; 9.447  ; 9.447  ;
; X[10]      ; output[3]   ; 9.458  ; 9.458  ; 9.458  ; 9.458  ;
; X[10]      ; output[4]   ; 8.921  ; 8.921  ; 8.921  ; 8.921  ;
; X[10]      ; output[5]   ; 9.319  ; 9.319  ; 9.319  ; 9.319  ;
; X[10]      ; output[6]   ; 8.878  ; 8.878  ; 8.878  ; 8.878  ;
; X[10]      ; output[7]   ; 8.521  ; 8.521  ; 8.521  ; 8.521  ;
; X[10]      ; output[8]   ; 9.078  ; 9.078  ; 9.078  ; 9.078  ;
; X[10]      ; output[9]   ; 9.139  ; 9.139  ; 9.139  ; 9.139  ;
; X[10]      ; output[10]  ; 9.014  ; 9.014  ; 9.014  ; 9.014  ;
; X[10]      ; output[11]  ; 8.863  ; 8.863  ; 8.863  ; 8.863  ;
; X[10]      ; output[12]  ; 8.462  ; 8.462  ; 8.462  ; 8.462  ;
; X[10]      ; output[13]  ; 9.126  ; 9.126  ; 9.126  ; 9.126  ;
; X[10]      ; output[14]  ; 8.771  ; 8.771  ; 8.771  ; 8.771  ;
; X[10]      ; output[15]  ; 8.767  ; 8.767  ; 8.767  ; 8.767  ;
; X[11]      ; output[2]   ; 9.585  ; 9.585  ; 9.585  ; 9.585  ;
; X[11]      ; output[3]   ; 9.505  ; 9.505  ; 9.505  ; 9.505  ;
; X[11]      ; output[4]   ; 9.104  ; 9.104  ; 9.104  ; 9.104  ;
; X[11]      ; output[5]   ; 9.479  ; 9.479  ; 9.479  ; 9.479  ;
; X[11]      ; output[6]   ; 8.931  ; 8.931  ; 8.931  ; 8.931  ;
; X[11]      ; output[7]   ; 8.568  ; 8.568  ; 8.568  ; 8.568  ;
; X[11]      ; output[8]   ; 9.125  ; 9.125  ; 9.125  ; 9.125  ;
; X[11]      ; output[9]   ; 9.186  ; 9.186  ; 9.186  ; 9.186  ;
; X[11]      ; output[10]  ; 9.423  ; 9.423  ; 9.423  ; 9.423  ;
; X[11]      ; output[11]  ; 8.904  ; 8.904  ; 8.904  ; 8.904  ;
; X[11]      ; output[12]  ; 8.645  ; 8.645  ; 8.645  ; 8.645  ;
; X[11]      ; output[13]  ; 9.302  ; 9.302  ; 9.302  ; 9.302  ;
; X[11]      ; output[14]  ; 8.818  ; 8.818  ; 8.818  ; 8.818  ;
; X[11]      ; output[15]  ; 8.913  ; 8.913  ; 8.913  ; 8.913  ;
; X[12]      ; output[2]   ; 9.972  ; 9.972  ; 9.972  ; 9.972  ;
; X[12]      ; output[3]   ; 10.051 ; 10.102 ; 10.102 ; 10.051 ;
; X[12]      ; output[4]   ; 9.446  ; 9.446  ; 9.446  ; 9.446  ;
; X[12]      ; output[5]   ; 9.844  ; 9.895  ; 9.895  ; 9.844  ;
; X[12]      ; output[6]   ; 9.439  ; 9.490  ; 9.490  ; 9.439  ;
; X[12]      ; output[7]   ; 9.046  ; 9.097  ; 9.097  ; 9.046  ;
; X[12]      ; output[8]   ; 9.603  ; 9.654  ; 9.654  ; 9.603  ;
; X[12]      ; output[9]   ; 9.664  ; 9.672  ; 9.672  ; 9.664  ;
; X[12]      ; output[10]  ; 9.901  ; 9.952  ; 9.952  ; 9.901  ;
; X[12]      ; output[11]  ; 9.546  ; 9.597  ; 9.597  ; 9.546  ;
; X[12]      ; output[12]  ; 8.987  ; 9.038  ; 9.038  ; 8.987  ;
; X[12]      ; output[13]  ; 9.651  ; 9.651  ; 9.651  ; 9.651  ;
; X[12]      ; output[14]  ; 9.419  ; 9.419  ; 9.419  ; 9.419  ;
; X[12]      ; output[15]  ; 9.514  ; 9.514  ; 9.514  ; 9.514  ;
; X[13]      ; output[2]   ; 10.034 ; 10.034 ; 10.034 ; 10.034 ;
; X[13]      ; output[3]   ; 9.954  ; 9.954  ; 9.954  ; 9.954  ;
; X[13]      ; output[4]   ; 9.565  ; 9.565  ; 9.565  ; 9.565  ;
; X[13]      ; output[5]   ; 9.928  ; 9.928  ; 9.928  ; 9.928  ;
; X[13]      ; output[6]   ; 9.390  ; 9.390  ; 9.390  ; 9.390  ;
; X[13]      ; output[7]   ; 9.017  ; 9.017  ; 9.017  ; 9.017  ;
; X[13]      ; output[8]   ; 9.574  ; 9.574  ; 9.574  ; 9.574  ;
; X[13]      ; output[9]   ; 9.635  ; 9.635  ; 9.635  ; 9.635  ;
; X[13]      ; output[10]  ; 9.872  ; 9.872  ; 9.872  ; 9.872  ;
; X[13]      ; output[11]  ; 9.517  ; 9.517  ; 9.517  ; 9.517  ;
; X[13]      ; output[12]  ; 9.106  ; 9.326  ; 9.326  ; 9.106  ;
; X[13]      ; output[13]  ; 9.741  ; 9.741  ; 9.741  ; 9.741  ;
; X[13]      ; output[14]  ; 9.267  ; 9.267  ; 9.267  ; 9.267  ;
; X[13]      ; output[15]  ; 9.361  ; 9.361  ; 9.361  ; 9.361  ;
; X[14]      ; output[2]   ; 9.826  ; 9.826  ; 9.826  ; 9.826  ;
; X[14]      ; output[3]   ; 9.746  ; 9.746  ; 9.746  ; 9.746  ;
; X[14]      ; output[4]   ; 9.344  ; 9.344  ; 9.344  ; 9.344  ;
; X[14]      ; output[5]   ; 9.720  ; 9.720  ; 9.720  ; 9.720  ;
; X[14]      ; output[6]   ; 9.182  ; 9.182  ; 9.182  ; 9.182  ;
; X[14]      ; output[7]   ; 8.809  ; 8.809  ; 8.809  ; 8.809  ;
; X[14]      ; output[8]   ; 9.366  ; 9.366  ; 9.366  ; 9.366  ;
; X[14]      ; output[9]   ; 9.427  ; 9.427  ; 9.427  ; 9.427  ;
; X[14]      ; output[10]  ; 9.664  ; 9.664  ; 9.664  ; 9.664  ;
; X[14]      ; output[11]  ; 9.309  ; 9.309  ; 9.309  ; 9.309  ;
; X[14]      ; output[12]  ; 8.885  ; 9.060  ; 9.060  ; 8.885  ;
; X[14]      ; output[13]  ; 9.543  ; 9.543  ; 9.543  ; 9.543  ;
; X[14]      ; output[14]  ; 9.059  ; 9.059  ; 9.059  ; 9.059  ;
; X[14]      ; output[15]  ; 9.195  ; 9.195  ; 9.195  ; 9.195  ;
; X[15]      ; output[2]   ; 9.896  ; 9.791  ; 9.791  ; 9.896  ;
; X[15]      ; output[3]   ; 9.711  ; 9.796  ; 9.796  ; 9.711  ;
; X[15]      ; output[4]   ; 9.309  ; 9.309  ; 9.309  ; 9.309  ;
; X[15]      ; output[5]   ; 9.699  ; 9.698  ; 9.698  ; 9.699  ;
; X[15]      ; output[6]   ; 9.161  ; 9.161  ; 9.161  ; 9.161  ;
; X[15]      ; output[7]   ; 8.788  ; 8.983  ; 8.983  ; 8.788  ;
; X[15]      ; output[8]   ; 9.345  ; 9.540  ; 9.540  ; 9.345  ;
; X[15]      ; output[9]   ; 9.406  ; 9.596  ; 9.596  ; 9.406  ;
; X[15]      ; output[10]  ; 9.643  ; 9.838  ; 9.838  ; 9.643  ;
; X[15]      ; output[11]  ; 9.288  ; 9.483  ; 9.483  ; 9.288  ;
; X[15]      ; output[12]  ; 9.088  ; 9.303  ; 9.303  ; 9.088  ;
; X[15]      ; output[13]  ; 9.522  ; 9.717  ; 9.717  ; 9.522  ;
; X[15]      ; output[14]  ; 9.287  ; 9.502  ; 9.502  ; 9.287  ;
; X[15]      ; output[15]  ; 8.939  ; 9.134  ; 9.134  ; 8.939  ;
+------------+-------------+--------+--------+--------+--------+


-------------------
; Clock Transfers ;
-------------------
Nothing to report.


---------------
; Report TCCS ;
---------------
No dedicated SERDES Transmitter circuitry present in device or used in design


---------------
; Report RSKM ;
---------------
No dedicated SERDES Receiver circuitry present in device or used in design


+------------------------------------------------+
; Unconstrained Paths                            ;
+---------------------------------+-------+------+
; Property                        ; Setup ; Hold ;
+---------------------------------+-------+------+
; Illegal Clocks                  ; 0     ; 0    ;
; Unconstrained Clocks            ; 0     ; 0    ;
; Unconstrained Input Ports       ; 16    ; 16   ;
; Unconstrained Input Port Paths  ; 198   ; 198  ;
; Unconstrained Output Ports      ; 16    ; 16   ;
; Unconstrained Output Port Paths ; 198   ; 198  ;
+---------------------------------+-------+------+


+------------------------------------+
; TimeQuest Timing Analyzer Messages ;
+------------------------------------+
Info: *******************************************************************
Info: Running Quartus II 64-Bit TimeQuest Timing Analyzer
    Info: Version 13.0.1 Build 232 06/12/2013 Service Pack 1 SJ Web Edition
    Info: Processing started: Sun Nov 17 13:04:40 2019
Info: Command: quartus_sta remainder -c remainder
Info: qsta_default_script.tcl version: #1
Info (11104): Parallel Compilation has detected 12 hyper-threaded processors. However, the extra hyper-threaded processors will not be used by default. Parallel Compilation will use 6 of the 6 physical processors detected instead.
Critical Warning (332012): Synopsys Design Constraints File file not found: 'remainder.sdc'. A Synopsys Design Constraints File is required by the TimeQuest Timing Analyzer to get proper timing constraints. Without it, the Compiler will not properly optimize the design.
Info (332142): No user constrained base clocks found in the design. Calling "derive_clocks -period 1.0"
Info (332096): The command derive_clocks did not find any clocks to derive.  No clocks were created or changed.
Warning (332068): No clocks defined in design.
Info: Found TIMEQUEST_REPORT_SCRIPT_INCLUDE_DEFAULT_ANALYSIS = ON
Info (332159): No clocks to report
Info: Analyzing Slow Model
Info (332140): No fmax paths to report
Info (332140): No Setup paths to report
Info (332140): No Hold paths to report
Info (332140): No Recovery paths to report
Info (332140): No Removal paths to report
Info (332140): No Minimum Pulse Width paths to report
Info (332001): The selected device family is not supported by the report_metastability command.
Info: Analyzing Fast Model
Info (332142): No user constrained base clocks found in the design. Calling "derive_clocks -period 1.0"
Info (332096): The command derive_clocks did not find any clocks to derive.  No clocks were created or changed.
Warning (332068): No clocks defined in design.
Info (332140): No Setup paths to report
Info (332140): No Hold paths to report
Info (332140): No Recovery paths to report
Info (332140): No Removal paths to report
Info (332140): No Minimum Pulse Width paths to report
Info (332001): The selected device family is not supported by the report_metastability command.
Info (332102): Design is not fully constrained for setup requirements
Info (332102): Design is not fully constrained for hold requirements
Info: Quartus II 64-Bit TimeQuest Timing Analyzer was successful. 0 errors, 3 warnings
    Info: Peak virtual memory: 4568 megabytes
    Info: Processing ended: Sun Nov 17 13:04:41 2019
    Info: Elapsed time: 00:00:01
    Info: Total CPU time (on all processors): 00:00:01


