Flow report for contador
Fri Nov 01 15:59:44 2019
Quartus II 32-bit Version 12.1 Build 177 11/07/2012 SJ Web Edition


---------------------
; Table of Contents ;
---------------------
  1. Legal Notice
  2. Flow Summary
  3. Flow Settings
  4. Flow Non-Default Global Settings
  5. Flow Elapsed Time
  6. Flow OS Summary
  7. Flow Log



----------------
; Legal Notice ;
----------------
Copyright (C) 1991-2012 Altera Corporation
Your use of Altera Corporation's design tools, logic functions 
and other software and tools, and its AMPP partner logic 
functions, and any output files from any of the foregoing 
(including device programming or simulation files), and any 
associated documentation or information are expressly subject 
to the terms and conditions of the Altera Program License 
Subscription Agreement, Altera MegaCore Function License 
Agreement, or other applicable license agreement, including, 
without limitation, that your use is for the sole purpose of 
programming logic devices manufactured by Altera and sold by 
Altera or its authorized distributors.  Please refer to the 
applicable agreement for further details.



+-------------------------------------------------------------------------------+
; Flow Summary                                                                  ;
+------------------------------------+------------------------------------------+
; Flow Status                        ; Successful - Fri Nov 01 15:59:44 2019    ;
; Quartus II 32-bit Version          ; 12.1 Build 177 11/07/2012 SJ Web Edition ;
; Revision Name                      ; contador                                 ;
; Top-level Entity Name              ; contador                                 ;
; Family                             ; Cyclone II                               ;
; Total logic elements               ; 16 / 4,608 ( < 1 % )                     ;
;     Total combinational functions  ; 0 / 4,608 ( 0 % )                        ;
;     Dedicated logic registers      ; 16 / 4,608 ( < 1 % )                     ;
; Total registers                    ; 16                                       ;
; Total pins                         ; 35 / 89 ( 39 % )                         ;
; Total virtual pins                 ; 0                                        ;
; Total memory bits                  ; 0 / 119,808 ( 0 % )                      ;
; Embedded Multiplier 9-bit elements ; 0 / 26 ( 0 % )                           ;
; Total PLLs                         ; 0 / 2 ( 0 % )                            ;
; Device                             ; EP2C5T144C6                              ;
; Timing Models                      ; Final                                    ;
+------------------------------------+------------------------------------------+


+-----------------------------------------+
; Flow Settings                           ;
+-------------------+---------------------+
; Option            ; Setting             ;
+-------------------+---------------------+
; Start date & time ; 11/01/2019 15:59:35 ;
; Main task         ; Compilation         ;
; Revision Name     ; contador            ;
+-------------------+---------------------+


+------------------------------------------------------------------------------------------------------------------+
; Flow Non-Default Global Settings                                                                                 ;
+-------------------------------------+-----------------------------+---------------+-------------+----------------+
; Assignment Name                     ; Value                       ; Default Value ; Entity Name ; Section Id     ;
+-------------------------------------+-----------------------------+---------------+-------------+----------------+
; COMPILER_SIGNATURE_ID               ; 21850474314.157263477514628 ; --            ; --          ; --             ;
; EDA_OUTPUT_DATA_FORMAT              ; Vhdl                        ; --            ; --          ; eda_simulation ;
; EDA_SIMULATION_TOOL                 ; ModelSim-Altera (VHDL)      ; <None>        ; --          ; --             ;
; PARTITION_COLOR                     ; 16764057                    ; --            ; --          ; Top            ;
; PARTITION_FITTER_PRESERVATION_LEVEL ; PLACEMENT_AND_ROUTING       ; --            ; --          ; Top            ;
; PARTITION_NETLIST_TYPE              ; SOURCE                      ; --            ; --          ; Top            ;
; PROJECT_OUTPUT_DIRECTORY            ; output_files                ; --            ; --          ; --             ;
+-------------------------------------+-----------------------------+---------------+-------------+----------------+


+-------------------------------------------------------------------------------------------------------------------------------+
; Flow Elapsed Time                                                                                                             ;
+---------------------------+--------------+-------------------------+---------------------+------------------------------------+
; Module Name               ; Elapsed Time ; Average Processors Used ; Peak Virtual Memory ; Total CPU Time (on all processors) ;
+---------------------------+--------------+-------------------------+---------------------+------------------------------------+
; Analysis & Synthesis      ; 00:00:01     ; 1.0                     ; 371 MB              ; 00:00:01                           ;
; Fitter                    ; 00:00:02     ; 1.0                     ; 495 MB              ; 00:00:02                           ;
; Assembler                 ; 00:00:01     ; 1.0                     ; 354 MB              ; 00:00:01                           ;
; TimeQuest Timing Analyzer ; 00:00:01     ; 1.0                     ; 333 MB              ; 00:00:01                           ;
; EDA Netlist Writer        ; 00:00:01     ; 1.0                     ; 322 MB              ; 00:00:00                           ;
; Total                     ; 00:00:06     ; --                      ; --                  ; 00:00:05                           ;
+---------------------------+--------------+-------------------------+---------------------+------------------------------------+


+----------------------------------------------------------------------------------------+
; Flow OS Summary                                                                        ;
+---------------------------+------------------+-----------+------------+----------------+
; Module Name               ; Machine Hostname ; OS Name   ; OS Version ; Processor type ;
+---------------------------+------------------+-----------+------------+----------------+
; Analysis & Synthesis      ; DESKTOP-GF5D68G  ; Windows 7 ; 6.2        ; x86_64         ;
; Fitter                    ; DESKTOP-GF5D68G  ; Windows 7 ; 6.2        ; x86_64         ;
; Assembler                 ; DESKTOP-GF5D68G  ; Windows 7 ; 6.2        ; x86_64         ;
; TimeQuest Timing Analyzer ; DESKTOP-GF5D68G  ; Windows 7 ; 6.2        ; x86_64         ;
; EDA Netlist Writer        ; DESKTOP-GF5D68G  ; Windows 7 ; 6.2        ; x86_64         ;
+---------------------------+------------------+-----------+------------+----------------+


------------
; Flow Log ;
------------
quartus_map --read_settings_files=on --write_settings_files=off contador -c contador
quartus_fit --read_settings_files=off --write_settings_files=off contador -c contador
quartus_asm --read_settings_files=off --write_settings_files=off contador -c contador
quartus_sta contador -c contador
quartus_eda --read_settings_files=off --write_settings_files=off contador -c contador



