Analysis & Synthesis report for trabalho
Fri Nov 22 15:05:13 2019
Quartus II 64-Bit Version 13.0.1 Build 232 06/12/2013 Service Pack 1 SJ Web Edition


---------------------
; Table of Contents ;
---------------------
  1. Legal Notice
  2. Analysis & Synthesis Summary
  3. Analysis & Synthesis Settings
  4. Parallel Compilation
  5. Analysis & Synthesis Source Files Read
  6. Analysis & Synthesis Resource Usage Summary
  7. Analysis & Synthesis Resource Utilization by Entity
  8. General Register Statistics
  9. Parameter Settings for Inferred Entity Instance: remainder:instancia_remainder|lpm_divide:Mod0
 10. Elapsed Time Per Partition
 11. Analysis & Synthesis Messages



----------------
; Legal Notice ;
----------------
Copyright (C) 1991-2013 Altera Corporation
Your use of Altera Corporation's design tools, logic functions 
and other software and tools, and its AMPP partner logic 
functions, and any output files from any of the foregoing 
(including device programming or simulation files), and any 
associated documentation or information are expressly subject 
to the terms and conditions of the Altera Program License 
Subscription Agreement, Altera MegaCore Function License 
Agreement, or other applicable license agreement, including, 
without limitation, that your use is for the sole purpose of 
programming logic devices manufactured by Altera and sold by 
Altera or its authorized distributors.  Please refer to the 
applicable agreement for further details.



+--------------------------------------------------------------------------------------+
; Analysis & Synthesis Summary                                                         ;
+------------------------------------+-------------------------------------------------+
; Analysis & Synthesis Status        ; Successful - Fri Nov 22 15:05:13 2019           ;
; Quartus II 64-Bit Version          ; 13.0.1 Build 232 06/12/2013 SP 1 SJ Web Edition ;
; Revision Name                      ; trabalho                                        ;
; Top-level Entity Name              ; trabalho                                        ;
; Family                             ; Cyclone II                                      ;
; Total logic elements               ; 353                                             ;
;     Total combinational functions  ; 337                                             ;
;     Dedicated logic registers      ; 32                                              ;
; Total registers                    ; 32                                              ;
; Total pins                         ; 39                                              ;
; Total virtual pins                 ; 0                                               ;
; Total memory bits                  ; 0                                               ;
; Embedded Multiplier 9-bit elements ; 0                                               ;
; Total PLLs                         ; 0                                               ;
+------------------------------------+-------------------------------------------------+


+----------------------------------------------------------------------------------------------------------------------+
; Analysis & Synthesis Settings                                                                                        ;
+----------------------------------------------------------------------------+--------------------+--------------------+
; Option                                                                     ; Setting            ; Default Value      ;
+----------------------------------------------------------------------------+--------------------+--------------------+
; Top-level entity name                                                      ; trabalho           ; trabalho           ;
; Family name                                                                ; Cyclone II         ; Cyclone IV GX      ;
; Use smart compilation                                                      ; Off                ; Off                ;
; Enable parallel Assembler and TimeQuest Timing Analyzer during compilation ; On                 ; On                 ;
; Enable compact report table                                                ; Off                ; Off                ;
; Restructure Multiplexers                                                   ; Auto               ; Auto               ;
; Create Debugging Nodes for IP Cores                                        ; Off                ; Off                ;
; Preserve fewer node names                                                  ; On                 ; On                 ;
; Disable OpenCore Plus hardware evaluation                                  ; Off                ; Off                ;
; Verilog Version                                                            ; Verilog_2001       ; Verilog_2001       ;
; VHDL Version                                                               ; VHDL_1993          ; VHDL_1993          ;
; State Machine Processing                                                   ; Auto               ; Auto               ;
; Safe State Machine                                                         ; Off                ; Off                ;
; Extract Verilog State Machines                                             ; On                 ; On                 ;
; Extract VHDL State Machines                                                ; On                 ; On                 ;
; Ignore Verilog initial constructs                                          ; Off                ; Off                ;
; Iteration limit for constant Verilog loops                                 ; 5000               ; 5000               ;
; Iteration limit for non-constant Verilog loops                             ; 250                ; 250                ;
; Add Pass-Through Logic to Inferred RAMs                                    ; On                 ; On                 ;
; Infer RAMs from Raw Logic                                                  ; On                 ; On                 ;
; Parallel Synthesis                                                         ; On                 ; On                 ;
; DSP Block Balancing                                                        ; Auto               ; Auto               ;
; NOT Gate Push-Back                                                         ; On                 ; On                 ;
; Power-Up Don't Care                                                        ; On                 ; On                 ;
; Remove Redundant Logic Cells                                               ; Off                ; Off                ;
; Remove Duplicate Registers                                                 ; On                 ; On                 ;
; Ignore CARRY Buffers                                                       ; Off                ; Off                ;
; Ignore CASCADE Buffers                                                     ; Off                ; Off                ;
; Ignore GLOBAL Buffers                                                      ; Off                ; Off                ;
; Ignore ROW GLOBAL Buffers                                                  ; Off                ; Off                ;
; Ignore LCELL Buffers                                                       ; Off                ; Off                ;
; Ignore SOFT Buffers                                                        ; On                 ; On                 ;
; Limit AHDL Integers to 32 Bits                                             ; Off                ; Off                ;
; Optimization Technique                                                     ; Balanced           ; Balanced           ;
; Carry Chain Length                                                         ; 70                 ; 70                 ;
; Auto Carry Chains                                                          ; On                 ; On                 ;
; Auto Open-Drain Pins                                                       ; On                 ; On                 ;
; Perform WYSIWYG Primitive Resynthesis                                      ; Off                ; Off                ;
; Auto ROM Replacement                                                       ; On                 ; On                 ;
; Auto RAM Replacement                                                       ; On                 ; On                 ;
; Auto Shift Register Replacement                                            ; Auto               ; Auto               ;
; Allow Shift Register Merging across Hierarchies                            ; Auto               ; Auto               ;
; Auto Clock Enable Replacement                                              ; On                 ; On                 ;
; Strict RAM Replacement                                                     ; Off                ; Off                ;
; Allow Synchronous Control Signals                                          ; On                 ; On                 ;
; Force Use of Synchronous Clear Signals                                     ; Off                ; Off                ;
; Auto RAM to Logic Cell Conversion                                          ; Off                ; Off                ;
; Auto Resource Sharing                                                      ; Off                ; Off                ;
; Allow Any RAM Size For Recognition                                         ; Off                ; Off                ;
; Allow Any ROM Size For Recognition                                         ; Off                ; Off                ;
; Allow Any Shift Register Size For Recognition                              ; Off                ; Off                ;
; Use LogicLock Constraints during Resource Balancing                        ; On                 ; On                 ;
; Ignore translate_off and synthesis_off directives                          ; Off                ; Off                ;
; Timing-Driven Synthesis                                                    ; Off                ; Off                ;
; Report Parameter Settings                                                  ; On                 ; On                 ;
; Report Source Assignments                                                  ; On                 ; On                 ;
; Report Connectivity Checks                                                 ; On                 ; On                 ;
; Ignore Maximum Fan-Out Assignments                                         ; Off                ; Off                ;
; Synchronization Register Chain Length                                      ; 2                  ; 2                  ;
; PowerPlay Power Optimization                                               ; Normal compilation ; Normal compilation ;
; HDL message level                                                          ; Level2             ; Level2             ;
; Suppress Register Optimization Related Messages                            ; Off                ; Off                ;
; Number of Removed Registers Reported in Synthesis Report                   ; 5000               ; 5000               ;
; Number of Swept Nodes Reported in Synthesis Report                         ; 5000               ; 5000               ;
; Number of Inverted Registers Reported in Synthesis Report                  ; 100                ; 100                ;
; Clock MUX Protection                                                       ; On                 ; On                 ;
; Auto Gated Clock Conversion                                                ; Off                ; Off                ;
; Block Design Naming                                                        ; Auto               ; Auto               ;
; SDC constraint protection                                                  ; Off                ; Off                ;
; Synthesis Effort                                                           ; Auto               ; Auto               ;
; Shift Register Replacement - Allow Asynchronous Clear Signal               ; On                 ; On                 ;
; Pre-Mapping Resynthesis Optimization                                       ; Off                ; Off                ;
; Analysis & Synthesis Message Level                                         ; Medium             ; Medium             ;
; Disable Register Merging Across Hierarchies                                ; Auto               ; Auto               ;
; Resource Aware Inference For Block RAM                                     ; On                 ; On                 ;
; Synthesis Seed                                                             ; 1                  ; 1                  ;
+----------------------------------------------------------------------------+--------------------+--------------------+


+------------------------------------------+
; Parallel Compilation                     ;
+----------------------------+-------------+
; Processors                 ; Number      ;
+----------------------------+-------------+
; Number detected on machine ; 12          ;
; Maximum allowed            ; 6           ;
;                            ;             ;
; Average used               ; 1.00        ;
; Maximum used               ; 1           ;
;                            ;             ;
; Usage by Processor         ; % Time Used ;
;     Processor 1            ; 100.0%      ;
;     Processors 2-12        ;   0.0%      ;
+----------------------------+-------------+


+-----------------------------------------------------------------------------------------------------------------------------------------------------------------------------------------------+
; Analysis & Synthesis Source Files Read                                                                                                                                                        ;
+----------------------------------+-----------------+------------------------------+-------------------------------------------------------------------------------------------------+---------+
; File Name with User-Entered Path ; Used in Netlist ; File Type                    ; File Name with Absolute Path                                                                    ; Library ;
+----------------------------------+-----------------+------------------------------+-------------------------------------------------------------------------------------------------+---------+
; ../Comparador/Comparador.vhd     ; yes             ; User VHDL File               ; D:/Documentos/UFMG/20192/Laboratório de SD/Quartus/Trabalho/Comparador/Comparador.vhd           ;         ;
; ../Remainder/remainder.vhd       ; yes             ; User VHDL File               ; D:/Documentos/UFMG/20192/Laboratório de SD/Quartus/Trabalho/Remainder/remainder.vhd             ;         ;
; ../Registrador/contador.vhd      ; yes             ; User VHDL File               ; D:/Documentos/UFMG/20192/Laboratório de SD/Quartus/Trabalho/Registrador/contador.vhd            ;         ;
; ../Mux/mux.vhd                   ; yes             ; User VHDL File               ; D:/Documentos/UFMG/20192/Laboratório de SD/Quartus/Trabalho/Mux/mux.vhd                         ;         ;
; ../Somador 16 bits/somador.vhd   ; yes             ; User VHDL File               ; D:/Documentos/UFMG/20192/Laboratório de SD/Quartus/Trabalho/Somador 16 bits/somador.vhd         ;         ;
; trabalho.vhd                     ; yes             ; User VHDL File               ; D:/Documentos/UFMG/20192/Laboratório de SD/Quartus/Trabalho/Trabalho/trabalho.vhd               ;         ;
; lpm_divide.tdf                   ; yes             ; Megafunction                 ; d:/arquivos de programas/altera/13.0sp1/quartus/libraries/megafunctions/lpm_divide.tdf          ;         ;
; abs_divider.inc                  ; yes             ; Megafunction                 ; d:/arquivos de programas/altera/13.0sp1/quartus/libraries/megafunctions/abs_divider.inc         ;         ;
; sign_div_unsign.inc              ; yes             ; Megafunction                 ; d:/arquivos de programas/altera/13.0sp1/quartus/libraries/megafunctions/sign_div_unsign.inc     ;         ;
; aglobal130.inc                   ; yes             ; Megafunction                 ; d:/arquivos de programas/altera/13.0sp1/quartus/libraries/megafunctions/aglobal130.inc          ;         ;
; db/lpm_divide_68m.tdf            ; yes             ; Auto-Generated Megafunction  ; D:/Documentos/UFMG/20192/Laboratório de SD/Quartus/Trabalho/Trabalho/db/lpm_divide_68m.tdf      ;         ;
; db/sign_div_unsign_dnh.tdf       ; yes             ; Auto-Generated Megafunction  ; D:/Documentos/UFMG/20192/Laboratório de SD/Quartus/Trabalho/Trabalho/db/sign_div_unsign_dnh.tdf ;         ;
; db/alt_u_div_s5f.tdf             ; yes             ; Auto-Generated Megafunction  ; D:/Documentos/UFMG/20192/Laboratório de SD/Quartus/Trabalho/Trabalho/db/alt_u_div_s5f.tdf       ;         ;
; db/add_sub_lkc.tdf               ; yes             ; Auto-Generated Megafunction  ; D:/Documentos/UFMG/20192/Laboratório de SD/Quartus/Trabalho/Trabalho/db/add_sub_lkc.tdf         ;         ;
; db/add_sub_mkc.tdf               ; yes             ; Auto-Generated Megafunction  ; D:/Documentos/UFMG/20192/Laboratório de SD/Quartus/Trabalho/Trabalho/db/add_sub_mkc.tdf         ;         ;
+----------------------------------+-----------------+------------------------------+-------------------------------------------------------------------------------------------------+---------+


+----------------------------------------------------------------------------------------------------------------------------------------------------------------------------------------------------------+
; Analysis & Synthesis Resource Usage Summary                                                                                                                                                              ;
+---------------------------------------------+------------------------------------------------------------------------------------------------------------------------------------------------------------+
; Resource                                    ; Usage                                                                                                                                                      ;
+---------------------------------------------+------------------------------------------------------------------------------------------------------------------------------------------------------------+
; Estimated Total logic elements              ; 353                                                                                                                                                        ;
;                                             ;                                                                                                                                                            ;
; Total combinational functions               ; 337                                                                                                                                                        ;
; Logic element usage by number of LUT inputs ;                                                                                                                                                            ;
;     -- 4 input functions                    ; 87                                                                                                                                                         ;
;     -- 3 input functions                    ; 101                                                                                                                                                        ;
;     -- <=2 input functions                  ; 149                                                                                                                                                        ;
;                                             ;                                                                                                                                                            ;
; Logic elements by mode                      ;                                                                                                                                                            ;
;     -- normal mode                          ; 223                                                                                                                                                        ;
;     -- arithmetic mode                      ; 114                                                                                                                                                        ;
;                                             ;                                                                                                                                                            ;
; Total registers                             ; 32                                                                                                                                                         ;
;     -- Dedicated logic registers            ; 32                                                                                                                                                         ;
;     -- I/O registers                        ; 0                                                                                                                                                          ;
;                                             ;                                                                                                                                                            ;
; I/O pins                                    ; 39                                                                                                                                                         ;
; Embedded Multiplier 9-bit elements          ; 0                                                                                                                                                          ;
; Maximum fan-out node                        ; remainder:instancia_remainder|lpm_divide:Mod0|lpm_divide_68m:auto_generated|sign_div_unsign_dnh:divider|alt_u_div_s5f:divider|add_sub_13_result_int[14]~24 ;
; Maximum fan-out                             ; 38                                                                                                                                                         ;
; Total fan-out                               ; 1103                                                                                                                                                       ;
; Average fan-out                             ; 2.70                                                                                                                                                       ;
+---------------------------------------------+------------------------------------------------------------------------------------------------------------------------------------------------------------+


+----------------------------------------------------------------------------------------------------------------------------------------------------------------------------------------------------------------------------------------------------------------------------------------------------------------+
; Analysis & Synthesis Resource Utilization by Entity                                                                                                                                                                                                                                                            ;
+-------------------------------------------+-------------------+--------------+-------------+--------------+---------+-----------+------+--------------+-----------------------------------------------------------------------------------------------------------------------------------------+--------------+
; Compilation Hierarchy Node                ; LC Combinationals ; LC Registers ; Memory Bits ; DSP Elements ; DSP 9x9 ; DSP 18x18 ; Pins ; Virtual Pins ; Full Hierarchy Name                                                                                                                     ; Library Name ;
+-------------------------------------------+-------------------+--------------+-------------+--------------+---------+-----------+------+--------------+-----------------------------------------------------------------------------------------------------------------------------------------+--------------+
; |trabalho                                 ; 337 (0)           ; 32 (0)       ; 0           ; 0            ; 0       ; 0         ; 39   ; 0            ; |trabalho                                                                                                                               ; work         ;
;    |Comparador:instancia_comparador|      ; 21 (21)           ; 0 (0)        ; 0           ; 0            ; 0       ; 0         ; 0    ; 0            ; |trabalho|Comparador:instancia_comparador                                                                                               ; work         ;
;    |contador:instancia_contador_OUT|      ; 0 (0)             ; 16 (16)      ; 0           ; 0            ; 0       ; 0         ; 0    ; 0            ; |trabalho|contador:instancia_contador_OUT                                                                                               ; work         ;
;    |contador:instancia_contador|          ; 16 (16)           ; 16 (16)      ; 0           ; 0            ; 0       ; 0         ; 0    ; 0            ; |trabalho|contador:instancia_contador                                                                                                   ; work         ;
;    |remainder:instancia_remainder|        ; 300 (0)           ; 0 (0)        ; 0           ; 0            ; 0       ; 0         ; 0    ; 0            ; |trabalho|remainder:instancia_remainder                                                                                                 ; work         ;
;       |lpm_divide:Mod0|                   ; 300 (0)           ; 0 (0)        ; 0           ; 0            ; 0       ; 0         ; 0    ; 0            ; |trabalho|remainder:instancia_remainder|lpm_divide:Mod0                                                                                 ; work         ;
;          |lpm_divide_68m:auto_generated|  ; 300 (0)           ; 0 (0)        ; 0           ; 0            ; 0       ; 0         ; 0    ; 0            ; |trabalho|remainder:instancia_remainder|lpm_divide:Mod0|lpm_divide_68m:auto_generated                                                   ; work         ;
;             |sign_div_unsign_dnh:divider| ; 300 (0)           ; 0 (0)        ; 0           ; 0            ; 0       ; 0         ; 0    ; 0            ; |trabalho|remainder:instancia_remainder|lpm_divide:Mod0|lpm_divide_68m:auto_generated|sign_div_unsign_dnh:divider                       ; work         ;
;                |alt_u_div_s5f:divider|    ; 300 (300)         ; 0 (0)        ; 0           ; 0            ; 0       ; 0         ; 0    ; 0            ; |trabalho|remainder:instancia_remainder|lpm_divide:Mod0|lpm_divide_68m:auto_generated|sign_div_unsign_dnh:divider|alt_u_div_s5f:divider ; work         ;
+-------------------------------------------+-------------------+--------------+-------------+--------------+---------+-----------+------+--------------+-----------------------------------------------------------------------------------------------------------------------------------------+--------------+
Note: For table entries with two numbers listed, the numbers in parentheses indicate the number of resources of the given type used by the specific entity alone. The numbers listed outside of parentheses indicate the total resources of the given type used by the specific entity and all of its sub-entities in the hierarchy.


+------------------------------------------------------+
; General Register Statistics                          ;
+----------------------------------------------+-------+
; Statistic                                    ; Value ;
+----------------------------------------------+-------+
; Total registers                              ; 32    ;
; Number of registers using Synchronous Clear  ; 0     ;
; Number of registers using Synchronous Load   ; 16    ;
; Number of registers using Asynchronous Clear ; 32    ;
; Number of registers using Asynchronous Load  ; 0     ;
; Number of registers using Clock Enable       ; 32    ;
; Number of registers using Preset             ; 0     ;
+----------------------------------------------+-------+


+------------------------------------------------------------------------------------------------+
; Parameter Settings for Inferred Entity Instance: remainder:instancia_remainder|lpm_divide:Mod0 ;
+------------------------+----------------+------------------------------------------------------+
; Parameter Name         ; Value          ; Type                                                 ;
+------------------------+----------------+------------------------------------------------------+
; LPM_WIDTHN             ; 16             ; Untyped                                              ;
; LPM_WIDTHD             ; 16             ; Untyped                                              ;
; LPM_NREPRESENTATION    ; UNSIGNED       ; Untyped                                              ;
; LPM_DREPRESENTATION    ; UNSIGNED       ; Untyped                                              ;
; LPM_PIPELINE           ; 0              ; Untyped                                              ;
; LPM_REMAINDERPOSITIVE  ; TRUE           ; Untyped                                              ;
; MAXIMIZE_SPEED         ; 5              ; Untyped                                              ;
; CBXI_PARAMETER         ; lpm_divide_68m ; Untyped                                              ;
; CARRY_CHAIN            ; MANUAL         ; Untyped                                              ;
; OPTIMIZE_FOR_SPEED     ; 5              ; Untyped                                              ;
; AUTO_CARRY_CHAINS      ; ON             ; AUTO_CARRY                                           ;
; IGNORE_CARRY_BUFFERS   ; OFF            ; IGNORE_CARRY                                         ;
; AUTO_CASCADE_CHAINS    ; ON             ; AUTO_CASCADE                                         ;
; IGNORE_CASCADE_BUFFERS ; OFF            ; IGNORE_CASCADE                                       ;
+------------------------+----------------+------------------------------------------------------+
Note: In order to hide this table in the UI and the text report file, please set the "Show Parameter Settings in Synthesis Report" option in "Analysis and Synthesis Settings -> More Settings" to "Off".


+-------------------------------+
; Elapsed Time Per Partition    ;
+----------------+--------------+
; Partition Name ; Elapsed Time ;
+----------------+--------------+
; Top            ; 00:00:01     ;
+----------------+--------------+


+-------------------------------+
; Analysis & Synthesis Messages ;
+-------------------------------+
Info: *******************************************************************
Info: Running Quartus II 64-Bit Analysis & Synthesis
    Info: Version 13.0.1 Build 232 06/12/2013 Service Pack 1 SJ Web Edition
    Info: Processing started: Fri Nov 22 15:05:09 2019
Info: Command: quartus_map --read_settings_files=on --write_settings_files=off trabalho -c trabalho
Info (11104): Parallel Compilation has detected 12 hyper-threaded processors. However, the extra hyper-threaded processors will not be used by default. Parallel Compilation will use 6 of the 6 physical processors detected instead.
Info (12021): Found 2 design units, including 1 entities, in source file /documentos/ufmg/20192/laboratório de sd/quartus/trabalho/comparador/comparador.vhd
    Info (12022): Found design unit 1: Comparador-arch
    Info (12023): Found entity 1: Comparador
Info (12021): Found 2 design units, including 1 entities, in source file /documentos/ufmg/20192/laboratório de sd/quartus/trabalho/remainder/remainder.vhd
    Info (12022): Found design unit 1: remainder-arch
    Info (12023): Found entity 1: remainder
Info (12021): Found 2 design units, including 1 entities, in source file /documentos/ufmg/20192/laboratório de sd/quartus/trabalho/registrador/contador.vhd
    Info (12022): Found design unit 1: contador-arch
    Info (12023): Found entity 1: contador
Warning (12090): Entity "mux" obtained from "../Mux/mux.vhd" instead of from Quartus II megafunction library
Info (12021): Found 2 design units, including 1 entities, in source file /documentos/ufmg/20192/laboratório de sd/quartus/trabalho/mux/mux.vhd
    Info (12022): Found design unit 1: mux-arch
    Info (12023): Found entity 1: mux
Info (12021): Found 2 design units, including 1 entities, in source file /documentos/ufmg/20192/laboratório de sd/quartus/trabalho/somador 16 bits/somador.vhd
    Info (12022): Found design unit 1: somador-arch
    Info (12023): Found entity 1: somador
Info (12021): Found 2 design units, including 1 entities, in source file trabalho.vhd
    Info (12022): Found design unit 1: trabalho-arch
    Info (12023): Found entity 1: trabalho
Info (12021): Found 2 design units, including 1 entities, in source file tb_trabalho.vhd
    Info (12022): Found design unit 1: tb_trabalho-teste
    Info (12023): Found entity 1: tb_trabalho
Info (12127): Elaborating entity "trabalho" for the top level hierarchy
Info (12128): Elaborating entity "mux" for hierarchy "mux:instancia_mux"
Info (12128): Elaborating entity "contador" for hierarchy "contador:instancia_contador"
Info (12128): Elaborating entity "remainder" for hierarchy "remainder:instancia_remainder"
Warning (10540): VHDL Signal Declaration warning at remainder.vhd(13): used explicit default value for signal "Y" because signal was never assigned a value
Info (12128): Elaborating entity "Comparador" for hierarchy "Comparador:instancia_comparador"
Warning (10540): VHDL Signal Declaration warning at Comparador.vhd(13): used explicit default value for signal "Y" because signal was never assigned a value
Info (12128): Elaborating entity "somador" for hierarchy "somador:instancia_incrementador"
Warning (10540): VHDL Signal Declaration warning at somador.vhd(13): used explicit default value for signal "Y" because signal was never assigned a value
Info (278001): Inferred 1 megafunctions from design logic
    Info (278004): Inferred divider/modulo megafunction ("lpm_divide") from the following logic: "remainder:instancia_remainder|Mod0"
Info (12130): Elaborated megafunction instantiation "remainder:instancia_remainder|lpm_divide:Mod0"
Info (12133): Instantiated megafunction "remainder:instancia_remainder|lpm_divide:Mod0" with the following parameter:
    Info (12134): Parameter "LPM_WIDTHN" = "16"
    Info (12134): Parameter "LPM_WIDTHD" = "16"
    Info (12134): Parameter "LPM_NREPRESENTATION" = "UNSIGNED"
    Info (12134): Parameter "LPM_DREPRESENTATION" = "UNSIGNED"
Info (12021): Found 1 design units, including 1 entities, in source file db/lpm_divide_68m.tdf
    Info (12023): Found entity 1: lpm_divide_68m
Info (12021): Found 1 design units, including 1 entities, in source file db/sign_div_unsign_dnh.tdf
    Info (12023): Found entity 1: sign_div_unsign_dnh
Info (12021): Found 1 design units, including 1 entities, in source file db/alt_u_div_s5f.tdf
    Info (12023): Found entity 1: alt_u_div_s5f
Info (12021): Found 1 design units, including 1 entities, in source file db/add_sub_lkc.tdf
    Info (12023): Found entity 1: add_sub_lkc
Info (12021): Found 1 design units, including 1 entities, in source file db/add_sub_mkc.tdf
    Info (12023): Found entity 1: add_sub_mkc
Info (16010): Generating hard_block partition "hard_block:auto_generated_inst"
    Info (16011): Adding 0 node(s), including 0 DDIO, 0 PLL, 0 transceiver and 0 LCELL
Info (21057): Implemented 392 device resources after synthesis - the final resource count might be different
    Info (21058): Implemented 22 input pins
    Info (21059): Implemented 17 output pins
    Info (21061): Implemented 353 logic cells
Info: Quartus II 64-Bit Analysis & Synthesis was successful. 0 errors, 4 warnings
    Info: Peak virtual memory: 4634 megabytes
    Info: Processing ended: Fri Nov 22 15:05:13 2019
    Info: Elapsed time: 00:00:04
    Info: Total CPU time (on all processors): 00:00:02


