TimeQuest Timing Analyzer report for somador
Fri Oct 25 16:27:06 2019
Quartus II 32-bit Version 12.1 Build 177 11/07/2012 SJ Web Edition


---------------------
; Table of Contents ;
---------------------
  1. Legal Notice
  2. TimeQuest Timing Analyzer Summary
  3. Parallel Compilation
  4. Clocks
  5. Slow Model Fmax Summary
  6. Slow Model Setup Summary
  7. Slow Model Hold Summary
  8. Slow Model Recovery Summary
  9. Slow Model Removal Summary
 10. Slow Model Minimum Pulse Width Summary
 11. Propagation Delay
 12. Minimum Propagation Delay
 13. Fast Model Setup Summary
 14. Fast Model Hold Summary
 15. Fast Model Recovery Summary
 16. Fast Model Removal Summary
 17. Fast Model Minimum Pulse Width Summary
 18. Propagation Delay
 19. Minimum Propagation Delay
 20. Multicorner Timing Analysis Summary
 21. Progagation Delay
 22. Minimum Progagation Delay
 23. Clock Transfers
 24. Report TCCS
 25. Report RSKM
 26. Unconstrained Paths
 27. TimeQuest Timing Analyzer Messages



----------------
; Legal Notice ;
----------------
Copyright (C) 1991-2012 Altera Corporation
Your use of Altera Corporation's design tools, logic functions 
and other software and tools, and its AMPP partner logic 
functions, and any output files from any of the foregoing 
(including device programming or simulation files), and any 
associated documentation or information are expressly subject 
to the terms and conditions of the Altera Program License 
Subscription Agreement, Altera MegaCore Function License 
Agreement, or other applicable license agreement, including, 
without limitation, that your use is for the sole purpose of 
programming logic devices manufactured by Altera and sold by 
Altera or its authorized distributors.  Please refer to the 
applicable agreement for further details.



+-----------------------------------------------------------------------+
; TimeQuest Timing Analyzer Summary                                     ;
+--------------------+--------------------------------------------------+
; Quartus II Version ; Version 12.1 Build 177 11/07/2012 SJ Web Edition ;
; Revision Name      ; somador                                          ;
; Device Family      ; Cyclone II                                       ;
; Device Name        ; EP2C5T144C6                                      ;
; Timing Models      ; Final                                            ;
; Delay Model        ; Combined                                         ;
; Rise/Fall Delays   ; Unavailable                                      ;
+--------------------+--------------------------------------------------+


+------------------------------------------+
; Parallel Compilation                     ;
+----------------------------+-------------+
; Processors                 ; Number      ;
+----------------------------+-------------+
; Number detected on machine ; 12          ;
; Maximum allowed            ; 6           ;
;                            ;             ;
; Average used               ; 1.00        ;
; Maximum used               ; 1           ;
;                            ;             ;
; Usage by Processor         ; % Time Used ;
;     1 processor            ; 100.0%      ;
;     2-12 processors        ;   0.0%      ;
+----------------------------+-------------+


----------
; Clocks ;
----------
No clocks to report.


---------------------------
; Slow Model Fmax Summary ;
---------------------------
No paths to report.


----------------------------
; Slow Model Setup Summary ;
----------------------------
No paths to report.


---------------------------
; Slow Model Hold Summary ;
---------------------------
No paths to report.


-------------------------------
; Slow Model Recovery Summary ;
-------------------------------
No paths to report.


------------------------------
; Slow Model Removal Summary ;
------------------------------
No paths to report.


------------------------------------------
; Slow Model Minimum Pulse Width Summary ;
------------------------------------------
No paths to report.


+--------------------------------------------------------------+
; Propagation Delay                                            ;
+------------+-------------+--------+--------+--------+--------+
; Input Port ; Output Port ; RR     ; RF     ; FR     ; FF     ;
+------------+-------------+--------+--------+--------+--------+
; X[0]       ; output[0]   ;        ; 7.979  ; 7.979  ;        ;
; X[0]       ; output[1]   ; 10.380 ; 10.380 ; 10.380 ; 10.380 ;
; X[0]       ; output[2]   ; 10.426 ; 10.426 ; 10.426 ; 10.426 ;
; X[0]       ; output[3]   ; 11.204 ; 11.204 ; 11.204 ; 11.204 ;
; X[0]       ; output[4]   ; 12.182 ; 12.182 ; 12.182 ; 12.182 ;
; X[0]       ; output[5]   ; 10.986 ; 10.986 ; 10.986 ; 10.986 ;
; X[0]       ; output[6]   ; 10.669 ; 10.669 ; 10.669 ; 10.669 ;
; X[0]       ; output[7]   ; 11.127 ; 11.127 ; 11.127 ; 11.127 ;
; X[0]       ; output[8]   ; 12.128 ; 12.128 ; 12.128 ; 12.128 ;
; X[0]       ; output[9]   ; 11.098 ; 11.098 ; 11.098 ; 11.098 ;
; X[0]       ; output[10]  ; 12.316 ; 12.316 ; 12.316 ; 12.316 ;
; X[0]       ; output[11]  ; 11.492 ; 11.492 ; 11.492 ; 11.492 ;
; X[0]       ; output[12]  ; 11.177 ; 11.177 ; 11.177 ; 11.177 ;
; X[0]       ; output[13]  ; 11.852 ; 11.852 ; 11.852 ; 11.852 ;
; X[0]       ; output[14]  ; 11.388 ; 11.388 ; 11.388 ; 11.388 ;
; X[0]       ; output[15]  ; 11.434 ; 11.434 ; 11.434 ; 11.434 ;
; X[1]       ; output[1]   ; 10.575 ; 10.575 ; 10.575 ; 10.575 ;
; X[1]       ; output[2]   ; 10.625 ; 10.625 ; 10.625 ; 10.625 ;
; X[1]       ; output[3]   ; 11.403 ; 11.403 ; 11.403 ; 11.403 ;
; X[1]       ; output[4]   ; 12.381 ; 12.381 ; 12.381 ; 12.381 ;
; X[1]       ; output[5]   ; 11.185 ; 11.185 ; 11.185 ; 11.185 ;
; X[1]       ; output[6]   ; 10.868 ; 10.868 ; 10.868 ; 10.868 ;
; X[1]       ; output[7]   ; 11.326 ; 11.326 ; 11.326 ; 11.326 ;
; X[1]       ; output[8]   ; 12.327 ; 12.327 ; 12.327 ; 12.327 ;
; X[1]       ; output[9]   ; 11.297 ; 11.297 ; 11.297 ; 11.297 ;
; X[1]       ; output[10]  ; 12.515 ; 12.515 ; 12.515 ; 12.515 ;
; X[1]       ; output[11]  ; 11.691 ; 11.691 ; 11.691 ; 11.691 ;
; X[1]       ; output[12]  ; 11.376 ; 11.376 ; 11.376 ; 11.376 ;
; X[1]       ; output[13]  ; 12.051 ; 12.051 ; 12.051 ; 12.051 ;
; X[1]       ; output[14]  ; 11.587 ; 11.587 ; 11.587 ; 11.587 ;
; X[1]       ; output[15]  ; 11.633 ; 11.633 ; 11.633 ; 11.633 ;
; X[2]       ; output[2]   ; 9.635  ; 9.635  ; 9.635  ; 9.635  ;
; X[2]       ; output[3]   ; 10.725 ; 10.725 ; 10.725 ; 10.725 ;
; X[2]       ; output[4]   ; 11.703 ; 11.703 ; 11.703 ; 11.703 ;
; X[2]       ; output[5]   ; 10.507 ; 10.507 ; 10.507 ; 10.507 ;
; X[2]       ; output[6]   ; 10.190 ; 10.190 ; 10.190 ; 10.190 ;
; X[2]       ; output[7]   ; 10.648 ; 10.648 ; 10.648 ; 10.648 ;
; X[2]       ; output[8]   ; 11.649 ; 11.649 ; 11.649 ; 11.649 ;
; X[2]       ; output[9]   ; 10.619 ; 10.619 ; 10.619 ; 10.619 ;
; X[2]       ; output[10]  ; 11.837 ; 11.837 ; 11.837 ; 11.837 ;
; X[2]       ; output[11]  ; 11.013 ; 11.013 ; 11.013 ; 11.013 ;
; X[2]       ; output[12]  ; 10.698 ; 10.698 ; 10.698 ; 10.698 ;
; X[2]       ; output[13]  ; 11.373 ; 11.373 ; 11.373 ; 11.373 ;
; X[2]       ; output[14]  ; 10.909 ; 10.909 ; 10.909 ; 10.909 ;
; X[2]       ; output[15]  ; 10.955 ; 10.955 ; 10.955 ; 10.955 ;
; X[3]       ; output[3]   ; 10.188 ; 10.188 ; 10.188 ; 10.188 ;
; X[3]       ; output[4]   ; 11.478 ; 11.478 ; 11.478 ; 11.478 ;
; X[3]       ; output[5]   ; 10.282 ; 10.282 ; 10.282 ; 10.282 ;
; X[3]       ; output[6]   ; 9.965  ; 9.965  ; 9.965  ; 9.965  ;
; X[3]       ; output[7]   ; 10.423 ; 10.423 ; 10.423 ; 10.423 ;
; X[3]       ; output[8]   ; 11.424 ; 11.424 ; 11.424 ; 11.424 ;
; X[3]       ; output[9]   ; 10.394 ; 10.394 ; 10.394 ; 10.394 ;
; X[3]       ; output[10]  ; 11.612 ; 11.612 ; 11.612 ; 11.612 ;
; X[3]       ; output[11]  ; 10.788 ; 10.788 ; 10.788 ; 10.788 ;
; X[3]       ; output[12]  ; 10.473 ; 10.473 ; 10.473 ; 10.473 ;
; X[3]       ; output[13]  ; 11.148 ; 11.148 ; 11.148 ; 11.148 ;
; X[3]       ; output[14]  ; 10.684 ; 10.684 ; 10.684 ; 10.684 ;
; X[3]       ; output[15]  ; 10.730 ; 10.730 ; 10.730 ; 10.730 ;
; X[4]       ; output[4]   ; 11.903 ; 11.903 ; 11.903 ; 11.903 ;
; X[4]       ; output[5]   ; 11.022 ; 11.022 ; 11.022 ; 11.022 ;
; X[4]       ; output[6]   ; 10.705 ; 10.705 ; 10.705 ; 10.705 ;
; X[4]       ; output[7]   ; 11.163 ; 11.163 ; 11.163 ; 11.163 ;
; X[4]       ; output[8]   ; 12.164 ; 12.164 ; 12.164 ; 12.164 ;
; X[4]       ; output[9]   ; 11.134 ; 11.134 ; 11.134 ; 11.134 ;
; X[4]       ; output[10]  ; 12.352 ; 12.352 ; 12.352 ; 12.352 ;
; X[4]       ; output[11]  ; 11.528 ; 11.528 ; 11.528 ; 11.528 ;
; X[4]       ; output[12]  ; 11.213 ; 11.213 ; 11.213 ; 11.213 ;
; X[4]       ; output[13]  ; 11.888 ; 11.888 ; 11.888 ; 11.888 ;
; X[4]       ; output[14]  ; 11.424 ; 11.424 ; 11.424 ; 11.424 ;
; X[4]       ; output[15]  ; 11.470 ; 11.470 ; 11.470 ; 11.470 ;
; X[5]       ; output[5]   ; 10.050 ; 10.050 ; 10.050 ; 10.050 ;
; X[5]       ; output[6]   ; 10.045 ; 10.045 ; 10.045 ; 10.045 ;
; X[5]       ; output[7]   ; 10.503 ; 10.503 ; 10.503 ; 10.503 ;
; X[5]       ; output[8]   ; 11.504 ; 11.504 ; 11.504 ; 11.504 ;
; X[5]       ; output[9]   ; 10.474 ; 10.474 ; 10.474 ; 10.474 ;
; X[5]       ; output[10]  ; 11.692 ; 11.692 ; 11.692 ; 11.692 ;
; X[5]       ; output[11]  ; 10.868 ; 10.868 ; 10.868 ; 10.868 ;
; X[5]       ; output[12]  ; 10.553 ; 10.553 ; 10.553 ; 10.553 ;
; X[5]       ; output[13]  ; 11.228 ; 11.228 ; 11.228 ; 11.228 ;
; X[5]       ; output[14]  ; 10.764 ; 10.764 ; 10.764 ; 10.764 ;
; X[5]       ; output[15]  ; 10.810 ; 10.810 ; 10.810 ; 10.810 ;
; X[6]       ; output[6]   ; 10.219 ; 10.219 ; 10.219 ; 10.219 ;
; X[6]       ; output[7]   ; 10.989 ; 10.989 ; 10.989 ; 10.989 ;
; X[6]       ; output[8]   ; 11.990 ; 11.990 ; 11.990 ; 11.990 ;
; X[6]       ; output[9]   ; 10.960 ; 10.960 ; 10.960 ; 10.960 ;
; X[6]       ; output[10]  ; 12.178 ; 12.178 ; 12.178 ; 12.178 ;
; X[6]       ; output[11]  ; 11.354 ; 11.354 ; 11.354 ; 11.354 ;
; X[6]       ; output[12]  ; 11.039 ; 11.039 ; 11.039 ; 11.039 ;
; X[6]       ; output[13]  ; 11.714 ; 11.714 ; 11.714 ; 11.714 ;
; X[6]       ; output[14]  ; 11.250 ; 11.250 ; 11.250 ; 11.250 ;
; X[6]       ; output[15]  ; 11.296 ; 11.296 ; 11.296 ; 11.296 ;
; X[7]       ; output[7]   ; 10.593 ; 10.593 ; 10.593 ; 10.593 ;
; X[7]       ; output[8]   ; 11.911 ; 11.911 ; 11.911 ; 11.911 ;
; X[7]       ; output[9]   ; 10.881 ; 10.881 ; 10.881 ; 10.881 ;
; X[7]       ; output[10]  ; 12.099 ; 12.099 ; 12.099 ; 12.099 ;
; X[7]       ; output[11]  ; 11.275 ; 11.275 ; 11.275 ; 11.275 ;
; X[7]       ; output[12]  ; 10.960 ; 10.960 ; 10.960 ; 10.960 ;
; X[7]       ; output[13]  ; 11.635 ; 11.635 ; 11.635 ; 11.635 ;
; X[7]       ; output[14]  ; 11.171 ; 11.171 ; 11.171 ; 11.171 ;
; X[7]       ; output[15]  ; 11.217 ; 11.217 ; 11.217 ; 11.217 ;
; X[8]       ; output[8]   ; 11.143 ; 11.143 ; 11.143 ; 11.143 ;
; X[8]       ; output[9]   ; 10.425 ; 10.425 ; 10.425 ; 10.425 ;
; X[8]       ; output[10]  ; 11.643 ; 11.643 ; 11.643 ; 11.643 ;
; X[8]       ; output[11]  ; 10.819 ; 10.819 ; 10.819 ; 10.819 ;
; X[8]       ; output[12]  ; 10.504 ; 10.504 ; 10.504 ; 10.504 ;
; X[8]       ; output[13]  ; 11.179 ; 11.179 ; 11.179 ; 11.179 ;
; X[8]       ; output[14]  ; 10.715 ; 10.715 ; 10.715 ; 10.715 ;
; X[8]       ; output[15]  ; 10.761 ; 10.761 ; 10.761 ; 10.761 ;
; X[9]       ; output[9]   ; 9.498  ; 9.498  ; 9.498  ; 9.498  ;
; X[9]       ; output[10]  ; 11.028 ; 11.028 ; 11.028 ; 11.028 ;
; X[9]       ; output[11]  ; 10.204 ; 10.204 ; 10.204 ; 10.204 ;
; X[9]       ; output[12]  ; 9.889  ; 9.889  ; 9.889  ; 9.889  ;
; X[9]       ; output[13]  ; 10.564 ; 10.564 ; 10.564 ; 10.564 ;
; X[9]       ; output[14]  ; 10.100 ; 10.100 ; 10.100 ; 10.100 ;
; X[9]       ; output[15]  ; 10.146 ; 10.146 ; 10.146 ; 10.146 ;
; X[10]      ; output[10]  ; 11.454 ; 11.454 ; 11.454 ; 11.454 ;
; X[10]      ; output[11]  ; 10.942 ; 10.942 ; 10.942 ; 10.942 ;
; X[10]      ; output[12]  ; 10.627 ; 10.627 ; 10.627 ; 10.627 ;
; X[10]      ; output[13]  ; 11.302 ; 11.302 ; 11.302 ; 11.302 ;
; X[10]      ; output[14]  ; 10.838 ; 10.838 ; 10.838 ; 10.838 ;
; X[10]      ; output[15]  ; 10.884 ; 10.884 ; 10.884 ; 10.884 ;
; X[11]      ; output[11]  ; 9.761  ; 9.761  ; 9.761  ; 9.761  ;
; X[11]      ; output[12]  ; 9.758  ; 9.758  ; 9.758  ; 9.758  ;
; X[11]      ; output[13]  ; 10.433 ; 10.433 ; 10.433 ; 10.433 ;
; X[11]      ; output[14]  ; 9.969  ; 9.969  ; 9.969  ; 9.969  ;
; X[11]      ; output[15]  ; 10.015 ; 10.015 ; 10.015 ; 10.015 ;
; X[12]      ; output[12]  ; 9.937  ; 9.937  ; 9.937  ; 9.937  ;
; X[12]      ; output[13]  ; 10.927 ; 10.927 ; 10.927 ; 10.927 ;
; X[12]      ; output[14]  ; 10.463 ; 10.463 ; 10.463 ; 10.463 ;
; X[12]      ; output[15]  ; 10.509 ; 10.509 ; 10.509 ; 10.509 ;
; X[13]      ; output[13]  ; 10.035 ; 10.035 ; 10.035 ; 10.035 ;
; X[13]      ; output[14]  ; 9.883  ; 9.883  ; 9.883  ; 9.883  ;
; X[13]      ; output[15]  ; 9.929  ; 9.929  ; 9.929  ; 9.929  ;
; X[14]      ; output[14]  ; 9.479  ; 9.479  ; 9.479  ; 9.479  ;
; X[14]      ; output[15]  ; 9.840  ; 9.840  ; 9.840  ; 9.840  ;
; X[15]      ; output[15]  ; 9.147  ; 9.147  ; 9.147  ; 9.147  ;
+------------+-------------+--------+--------+--------+--------+


+--------------------------------------------------------------+
; Minimum Propagation Delay                                    ;
+------------+-------------+--------+--------+--------+--------+
; Input Port ; Output Port ; RR     ; RF     ; FR     ; FF     ;
+------------+-------------+--------+--------+--------+--------+
; X[0]       ; output[0]   ;        ; 7.979  ; 7.979  ;        ;
; X[0]       ; output[1]   ; 10.380 ; 10.380 ; 10.380 ; 10.380 ;
; X[0]       ; output[2]   ; 10.426 ; 10.426 ; 10.426 ; 10.426 ;
; X[0]       ; output[3]   ; 11.204 ; 11.204 ; 11.204 ; 11.204 ;
; X[0]       ; output[4]   ; 12.182 ; 12.182 ; 12.182 ; 12.182 ;
; X[0]       ; output[5]   ; 10.986 ; 10.986 ; 10.986 ; 10.986 ;
; X[0]       ; output[6]   ; 10.669 ; 10.669 ; 10.669 ; 10.669 ;
; X[0]       ; output[7]   ; 11.127 ; 11.127 ; 11.127 ; 11.127 ;
; X[0]       ; output[8]   ; 12.128 ; 12.128 ; 12.128 ; 12.128 ;
; X[0]       ; output[9]   ; 11.098 ; 11.098 ; 11.098 ; 11.098 ;
; X[0]       ; output[10]  ; 12.316 ; 12.316 ; 12.316 ; 12.316 ;
; X[0]       ; output[11]  ; 11.492 ; 11.492 ; 11.492 ; 11.492 ;
; X[0]       ; output[12]  ; 11.177 ; 11.177 ; 11.177 ; 11.177 ;
; X[0]       ; output[13]  ; 11.852 ; 11.852 ; 11.852 ; 11.852 ;
; X[0]       ; output[14]  ; 11.388 ; 11.388 ; 11.388 ; 11.388 ;
; X[0]       ; output[15]  ; 11.434 ; 11.434 ; 11.434 ; 11.434 ;
; X[1]       ; output[1]   ; 10.575 ; 10.575 ; 10.575 ; 10.575 ;
; X[1]       ; output[2]   ; 10.625 ; 10.625 ; 10.625 ; 10.625 ;
; X[1]       ; output[3]   ; 11.403 ; 11.403 ; 11.403 ; 11.403 ;
; X[1]       ; output[4]   ; 12.381 ; 12.381 ; 12.381 ; 12.381 ;
; X[1]       ; output[5]   ; 11.185 ; 11.185 ; 11.185 ; 11.185 ;
; X[1]       ; output[6]   ; 10.868 ; 10.868 ; 10.868 ; 10.868 ;
; X[1]       ; output[7]   ; 11.326 ; 11.326 ; 11.326 ; 11.326 ;
; X[1]       ; output[8]   ; 12.327 ; 12.327 ; 12.327 ; 12.327 ;
; X[1]       ; output[9]   ; 11.297 ; 11.297 ; 11.297 ; 11.297 ;
; X[1]       ; output[10]  ; 12.515 ; 12.515 ; 12.515 ; 12.515 ;
; X[1]       ; output[11]  ; 11.691 ; 11.691 ; 11.691 ; 11.691 ;
; X[1]       ; output[12]  ; 11.376 ; 11.376 ; 11.376 ; 11.376 ;
; X[1]       ; output[13]  ; 12.051 ; 12.051 ; 12.051 ; 12.051 ;
; X[1]       ; output[14]  ; 11.587 ; 11.587 ; 11.587 ; 11.587 ;
; X[1]       ; output[15]  ; 11.633 ; 11.633 ; 11.633 ; 11.633 ;
; X[2]       ; output[2]   ; 9.635  ; 9.635  ; 9.635  ; 9.635  ;
; X[2]       ; output[3]   ; 10.725 ; 10.725 ; 10.725 ; 10.725 ;
; X[2]       ; output[4]   ; 11.703 ; 11.703 ; 11.703 ; 11.703 ;
; X[2]       ; output[5]   ; 10.507 ; 10.507 ; 10.507 ; 10.507 ;
; X[2]       ; output[6]   ; 10.190 ; 10.190 ; 10.190 ; 10.190 ;
; X[2]       ; output[7]   ; 10.648 ; 10.648 ; 10.648 ; 10.648 ;
; X[2]       ; output[8]   ; 11.649 ; 11.649 ; 11.649 ; 11.649 ;
; X[2]       ; output[9]   ; 10.619 ; 10.619 ; 10.619 ; 10.619 ;
; X[2]       ; output[10]  ; 11.837 ; 11.837 ; 11.837 ; 11.837 ;
; X[2]       ; output[11]  ; 11.013 ; 11.013 ; 11.013 ; 11.013 ;
; X[2]       ; output[12]  ; 10.698 ; 10.698 ; 10.698 ; 10.698 ;
; X[2]       ; output[13]  ; 11.373 ; 11.373 ; 11.373 ; 11.373 ;
; X[2]       ; output[14]  ; 10.909 ; 10.909 ; 10.909 ; 10.909 ;
; X[2]       ; output[15]  ; 10.955 ; 10.955 ; 10.955 ; 10.955 ;
; X[3]       ; output[3]   ; 10.188 ; 10.188 ; 10.188 ; 10.188 ;
; X[3]       ; output[4]   ; 11.478 ; 11.478 ; 11.478 ; 11.478 ;
; X[3]       ; output[5]   ; 10.282 ; 10.282 ; 10.282 ; 10.282 ;
; X[3]       ; output[6]   ; 9.965  ; 9.965  ; 9.965  ; 9.965  ;
; X[3]       ; output[7]   ; 10.423 ; 10.423 ; 10.423 ; 10.423 ;
; X[3]       ; output[8]   ; 11.424 ; 11.424 ; 11.424 ; 11.424 ;
; X[3]       ; output[9]   ; 10.394 ; 10.394 ; 10.394 ; 10.394 ;
; X[3]       ; output[10]  ; 11.612 ; 11.612 ; 11.612 ; 11.612 ;
; X[3]       ; output[11]  ; 10.788 ; 10.788 ; 10.788 ; 10.788 ;
; X[3]       ; output[12]  ; 10.473 ; 10.473 ; 10.473 ; 10.473 ;
; X[3]       ; output[13]  ; 11.148 ; 11.148 ; 11.148 ; 11.148 ;
; X[3]       ; output[14]  ; 10.684 ; 10.684 ; 10.684 ; 10.684 ;
; X[3]       ; output[15]  ; 10.730 ; 10.730 ; 10.730 ; 10.730 ;
; X[4]       ; output[4]   ; 11.903 ; 11.903 ; 11.903 ; 11.903 ;
; X[4]       ; output[5]   ; 11.022 ; 11.022 ; 11.022 ; 11.022 ;
; X[4]       ; output[6]   ; 10.705 ; 10.705 ; 10.705 ; 10.705 ;
; X[4]       ; output[7]   ; 11.163 ; 11.163 ; 11.163 ; 11.163 ;
; X[4]       ; output[8]   ; 12.164 ; 12.164 ; 12.164 ; 12.164 ;
; X[4]       ; output[9]   ; 11.134 ; 11.134 ; 11.134 ; 11.134 ;
; X[4]       ; output[10]  ; 12.352 ; 12.352 ; 12.352 ; 12.352 ;
; X[4]       ; output[11]  ; 11.528 ; 11.528 ; 11.528 ; 11.528 ;
; X[4]       ; output[12]  ; 11.213 ; 11.213 ; 11.213 ; 11.213 ;
; X[4]       ; output[13]  ; 11.888 ; 11.888 ; 11.888 ; 11.888 ;
; X[4]       ; output[14]  ; 11.424 ; 11.424 ; 11.424 ; 11.424 ;
; X[4]       ; output[15]  ; 11.470 ; 11.470 ; 11.470 ; 11.470 ;
; X[5]       ; output[5]   ; 10.050 ; 10.050 ; 10.050 ; 10.050 ;
; X[5]       ; output[6]   ; 10.045 ; 10.045 ; 10.045 ; 10.045 ;
; X[5]       ; output[7]   ; 10.503 ; 10.503 ; 10.503 ; 10.503 ;
; X[5]       ; output[8]   ; 11.504 ; 11.504 ; 11.504 ; 11.504 ;
; X[5]       ; output[9]   ; 10.474 ; 10.474 ; 10.474 ; 10.474 ;
; X[5]       ; output[10]  ; 11.692 ; 11.692 ; 11.692 ; 11.692 ;
; X[5]       ; output[11]  ; 10.868 ; 10.868 ; 10.868 ; 10.868 ;
; X[5]       ; output[12]  ; 10.553 ; 10.553 ; 10.553 ; 10.553 ;
; X[5]       ; output[13]  ; 11.228 ; 11.228 ; 11.228 ; 11.228 ;
; X[5]       ; output[14]  ; 10.764 ; 10.764 ; 10.764 ; 10.764 ;
; X[5]       ; output[15]  ; 10.810 ; 10.810 ; 10.810 ; 10.810 ;
; X[6]       ; output[6]   ; 10.219 ; 10.219 ; 10.219 ; 10.219 ;
; X[6]       ; output[7]   ; 10.989 ; 10.989 ; 10.989 ; 10.989 ;
; X[6]       ; output[8]   ; 11.990 ; 11.990 ; 11.990 ; 11.990 ;
; X[6]       ; output[9]   ; 10.960 ; 10.960 ; 10.960 ; 10.960 ;
; X[6]       ; output[10]  ; 12.178 ; 12.178 ; 12.178 ; 12.178 ;
; X[6]       ; output[11]  ; 11.354 ; 11.354 ; 11.354 ; 11.354 ;
; X[6]       ; output[12]  ; 11.039 ; 11.039 ; 11.039 ; 11.039 ;
; X[6]       ; output[13]  ; 11.714 ; 11.714 ; 11.714 ; 11.714 ;
; X[6]       ; output[14]  ; 11.250 ; 11.250 ; 11.250 ; 11.250 ;
; X[6]       ; output[15]  ; 11.296 ; 11.296 ; 11.296 ; 11.296 ;
; X[7]       ; output[7]   ; 10.593 ; 10.593 ; 10.593 ; 10.593 ;
; X[7]       ; output[8]   ; 11.911 ; 11.911 ; 11.911 ; 11.911 ;
; X[7]       ; output[9]   ; 10.881 ; 10.881 ; 10.881 ; 10.881 ;
; X[7]       ; output[10]  ; 12.099 ; 12.099 ; 12.099 ; 12.099 ;
; X[7]       ; output[11]  ; 11.275 ; 11.275 ; 11.275 ; 11.275 ;
; X[7]       ; output[12]  ; 10.960 ; 10.960 ; 10.960 ; 10.960 ;
; X[7]       ; output[13]  ; 11.635 ; 11.635 ; 11.635 ; 11.635 ;
; X[7]       ; output[14]  ; 11.171 ; 11.171 ; 11.171 ; 11.171 ;
; X[7]       ; output[15]  ; 11.217 ; 11.217 ; 11.217 ; 11.217 ;
; X[8]       ; output[8]   ; 11.143 ; 11.143 ; 11.143 ; 11.143 ;
; X[8]       ; output[9]   ; 10.425 ; 10.425 ; 10.425 ; 10.425 ;
; X[8]       ; output[10]  ; 11.643 ; 11.643 ; 11.643 ; 11.643 ;
; X[8]       ; output[11]  ; 10.819 ; 10.819 ; 10.819 ; 10.819 ;
; X[8]       ; output[12]  ; 10.504 ; 10.504 ; 10.504 ; 10.504 ;
; X[8]       ; output[13]  ; 11.179 ; 11.179 ; 11.179 ; 11.179 ;
; X[8]       ; output[14]  ; 10.715 ; 10.715 ; 10.715 ; 10.715 ;
; X[8]       ; output[15]  ; 10.761 ; 10.761 ; 10.761 ; 10.761 ;
; X[9]       ; output[9]   ; 9.498  ; 9.498  ; 9.498  ; 9.498  ;
; X[9]       ; output[10]  ; 11.028 ; 11.028 ; 11.028 ; 11.028 ;
; X[9]       ; output[11]  ; 10.204 ; 10.204 ; 10.204 ; 10.204 ;
; X[9]       ; output[12]  ; 9.889  ; 9.889  ; 9.889  ; 9.889  ;
; X[9]       ; output[13]  ; 10.564 ; 10.564 ; 10.564 ; 10.564 ;
; X[9]       ; output[14]  ; 10.100 ; 10.100 ; 10.100 ; 10.100 ;
; X[9]       ; output[15]  ; 10.146 ; 10.146 ; 10.146 ; 10.146 ;
; X[10]      ; output[10]  ; 11.454 ; 11.454 ; 11.454 ; 11.454 ;
; X[10]      ; output[11]  ; 10.942 ; 10.942 ; 10.942 ; 10.942 ;
; X[10]      ; output[12]  ; 10.627 ; 10.627 ; 10.627 ; 10.627 ;
; X[10]      ; output[13]  ; 11.302 ; 11.302 ; 11.302 ; 11.302 ;
; X[10]      ; output[14]  ; 10.838 ; 10.838 ; 10.838 ; 10.838 ;
; X[10]      ; output[15]  ; 10.884 ; 10.884 ; 10.884 ; 10.884 ;
; X[11]      ; output[11]  ; 9.761  ; 9.761  ; 9.761  ; 9.761  ;
; X[11]      ; output[12]  ; 9.758  ; 9.758  ; 9.758  ; 9.758  ;
; X[11]      ; output[13]  ; 10.433 ; 10.433 ; 10.433 ; 10.433 ;
; X[11]      ; output[14]  ; 9.969  ; 9.969  ; 9.969  ; 9.969  ;
; X[11]      ; output[15]  ; 10.015 ; 10.015 ; 10.015 ; 10.015 ;
; X[12]      ; output[12]  ; 9.937  ; 9.937  ; 9.937  ; 9.937  ;
; X[12]      ; output[13]  ; 10.927 ; 10.927 ; 10.927 ; 10.927 ;
; X[12]      ; output[14]  ; 10.463 ; 10.463 ; 10.463 ; 10.463 ;
; X[12]      ; output[15]  ; 10.509 ; 10.509 ; 10.509 ; 10.509 ;
; X[13]      ; output[13]  ; 10.035 ; 10.035 ; 10.035 ; 10.035 ;
; X[13]      ; output[14]  ; 9.883  ; 9.883  ; 9.883  ; 9.883  ;
; X[13]      ; output[15]  ; 9.929  ; 9.929  ; 9.929  ; 9.929  ;
; X[14]      ; output[14]  ; 9.479  ; 9.479  ; 9.479  ; 9.479  ;
; X[14]      ; output[15]  ; 9.840  ; 9.840  ; 9.840  ; 9.840  ;
; X[15]      ; output[15]  ; 9.147  ; 9.147  ; 9.147  ; 9.147  ;
+------------+-------------+--------+--------+--------+--------+


----------------------------
; Fast Model Setup Summary ;
----------------------------
No paths to report.


---------------------------
; Fast Model Hold Summary ;
---------------------------
No paths to report.


-------------------------------
; Fast Model Recovery Summary ;
-------------------------------
No paths to report.


------------------------------
; Fast Model Removal Summary ;
------------------------------
No paths to report.


------------------------------------------
; Fast Model Minimum Pulse Width Summary ;
------------------------------------------
No paths to report.


+----------------------------------------------------------+
; Propagation Delay                                        ;
+------------+-------------+-------+-------+-------+-------+
; Input Port ; Output Port ; RR    ; RF    ; FR    ; FF    ;
+------------+-------------+-------+-------+-------+-------+
; X[0]       ; output[0]   ;       ; 4.634 ; 4.634 ;       ;
; X[0]       ; output[1]   ; 5.721 ; 5.721 ; 5.721 ; 5.721 ;
; X[0]       ; output[2]   ; 5.689 ; 5.689 ; 5.689 ; 5.689 ;
; X[0]       ; output[3]   ; 6.120 ; 6.120 ; 6.120 ; 6.120 ;
; X[0]       ; output[4]   ; 6.572 ; 6.572 ; 6.572 ; 6.572 ;
; X[0]       ; output[5]   ; 5.964 ; 5.964 ; 5.964 ; 5.964 ;
; X[0]       ; output[6]   ; 5.813 ; 5.813 ; 5.813 ; 5.813 ;
; X[0]       ; output[7]   ; 6.091 ; 6.091 ; 6.091 ; 6.091 ;
; X[0]       ; output[8]   ; 6.606 ; 6.606 ; 6.606 ; 6.606 ;
; X[0]       ; output[9]   ; 6.099 ; 6.099 ; 6.099 ; 6.099 ;
; X[0]       ; output[10]  ; 6.734 ; 6.734 ; 6.734 ; 6.734 ;
; X[0]       ; output[11]  ; 6.292 ; 6.292 ; 6.292 ; 6.292 ;
; X[0]       ; output[12]  ; 6.072 ; 6.072 ; 6.072 ; 6.072 ;
; X[0]       ; output[13]  ; 6.457 ; 6.457 ; 6.457 ; 6.457 ;
; X[0]       ; output[14]  ; 6.183 ; 6.183 ; 6.183 ; 6.183 ;
; X[0]       ; output[15]  ; 6.217 ; 6.217 ; 6.217 ; 6.217 ;
; X[1]       ; output[1]   ; 5.825 ; 5.825 ; 5.825 ; 5.825 ;
; X[1]       ; output[2]   ; 5.798 ; 5.798 ; 5.798 ; 5.798 ;
; X[1]       ; output[3]   ; 6.229 ; 6.229 ; 6.229 ; 6.229 ;
; X[1]       ; output[4]   ; 6.681 ; 6.681 ; 6.681 ; 6.681 ;
; X[1]       ; output[5]   ; 6.073 ; 6.073 ; 6.073 ; 6.073 ;
; X[1]       ; output[6]   ; 5.922 ; 5.922 ; 5.922 ; 5.922 ;
; X[1]       ; output[7]   ; 6.200 ; 6.200 ; 6.200 ; 6.200 ;
; X[1]       ; output[8]   ; 6.715 ; 6.715 ; 6.715 ; 6.715 ;
; X[1]       ; output[9]   ; 6.208 ; 6.208 ; 6.208 ; 6.208 ;
; X[1]       ; output[10]  ; 6.843 ; 6.843 ; 6.843 ; 6.843 ;
; X[1]       ; output[11]  ; 6.401 ; 6.401 ; 6.401 ; 6.401 ;
; X[1]       ; output[12]  ; 6.181 ; 6.181 ; 6.181 ; 6.181 ;
; X[1]       ; output[13]  ; 6.566 ; 6.566 ; 6.566 ; 6.566 ;
; X[1]       ; output[14]  ; 6.292 ; 6.292 ; 6.292 ; 6.292 ;
; X[1]       ; output[15]  ; 6.326 ; 6.326 ; 6.326 ; 6.326 ;
; X[2]       ; output[2]   ; 5.336 ; 5.336 ; 5.336 ; 5.336 ;
; X[2]       ; output[3]   ; 5.870 ; 5.870 ; 5.870 ; 5.870 ;
; X[2]       ; output[4]   ; 6.322 ; 6.322 ; 6.322 ; 6.322 ;
; X[2]       ; output[5]   ; 5.714 ; 5.714 ; 5.714 ; 5.714 ;
; X[2]       ; output[6]   ; 5.563 ; 5.563 ; 5.563 ; 5.563 ;
; X[2]       ; output[7]   ; 5.841 ; 5.841 ; 5.841 ; 5.841 ;
; X[2]       ; output[8]   ; 6.356 ; 6.356 ; 6.356 ; 6.356 ;
; X[2]       ; output[9]   ; 5.849 ; 5.849 ; 5.849 ; 5.849 ;
; X[2]       ; output[10]  ; 6.484 ; 6.484 ; 6.484 ; 6.484 ;
; X[2]       ; output[11]  ; 6.042 ; 6.042 ; 6.042 ; 6.042 ;
; X[2]       ; output[12]  ; 5.822 ; 5.822 ; 5.822 ; 5.822 ;
; X[2]       ; output[13]  ; 6.207 ; 6.207 ; 6.207 ; 6.207 ;
; X[2]       ; output[14]  ; 5.933 ; 5.933 ; 5.933 ; 5.933 ;
; X[2]       ; output[15]  ; 5.967 ; 5.967 ; 5.967 ; 5.967 ;
; X[3]       ; output[3]   ; 5.653 ; 5.653 ; 5.653 ; 5.653 ;
; X[3]       ; output[4]   ; 6.208 ; 6.208 ; 6.208 ; 6.208 ;
; X[3]       ; output[5]   ; 5.600 ; 5.600 ; 5.600 ; 5.600 ;
; X[3]       ; output[6]   ; 5.449 ; 5.449 ; 5.449 ; 5.449 ;
; X[3]       ; output[7]   ; 5.727 ; 5.727 ; 5.727 ; 5.727 ;
; X[3]       ; output[8]   ; 6.242 ; 6.242 ; 6.242 ; 6.242 ;
; X[3]       ; output[9]   ; 5.735 ; 5.735 ; 5.735 ; 5.735 ;
; X[3]       ; output[10]  ; 6.370 ; 6.370 ; 6.370 ; 6.370 ;
; X[3]       ; output[11]  ; 5.928 ; 5.928 ; 5.928 ; 5.928 ;
; X[3]       ; output[12]  ; 5.708 ; 5.708 ; 5.708 ; 5.708 ;
; X[3]       ; output[13]  ; 6.093 ; 6.093 ; 6.093 ; 6.093 ;
; X[3]       ; output[14]  ; 5.819 ; 5.819 ; 5.819 ; 5.819 ;
; X[3]       ; output[15]  ; 5.853 ; 5.853 ; 5.853 ; 5.853 ;
; X[4]       ; output[4]   ; 6.472 ; 6.472 ; 6.472 ; 6.472 ;
; X[4]       ; output[5]   ; 5.969 ; 5.969 ; 5.969 ; 5.969 ;
; X[4]       ; output[6]   ; 5.818 ; 5.818 ; 5.818 ; 5.818 ;
; X[4]       ; output[7]   ; 6.096 ; 6.096 ; 6.096 ; 6.096 ;
; X[4]       ; output[8]   ; 6.611 ; 6.611 ; 6.611 ; 6.611 ;
; X[4]       ; output[9]   ; 6.104 ; 6.104 ; 6.104 ; 6.104 ;
; X[4]       ; output[10]  ; 6.739 ; 6.739 ; 6.739 ; 6.739 ;
; X[4]       ; output[11]  ; 6.297 ; 6.297 ; 6.297 ; 6.297 ;
; X[4]       ; output[12]  ; 6.077 ; 6.077 ; 6.077 ; 6.077 ;
; X[4]       ; output[13]  ; 6.462 ; 6.462 ; 6.462 ; 6.462 ;
; X[4]       ; output[14]  ; 6.188 ; 6.188 ; 6.188 ; 6.188 ;
; X[4]       ; output[15]  ; 6.222 ; 6.222 ; 6.222 ; 6.222 ;
; X[5]       ; output[5]   ; 5.525 ; 5.525 ; 5.525 ; 5.525 ;
; X[5]       ; output[6]   ; 5.477 ; 5.477 ; 5.477 ; 5.477 ;
; X[5]       ; output[7]   ; 5.755 ; 5.755 ; 5.755 ; 5.755 ;
; X[5]       ; output[8]   ; 6.270 ; 6.270 ; 6.270 ; 6.270 ;
; X[5]       ; output[9]   ; 5.763 ; 5.763 ; 5.763 ; 5.763 ;
; X[5]       ; output[10]  ; 6.398 ; 6.398 ; 6.398 ; 6.398 ;
; X[5]       ; output[11]  ; 5.956 ; 5.956 ; 5.956 ; 5.956 ;
; X[5]       ; output[12]  ; 5.736 ; 5.736 ; 5.736 ; 5.736 ;
; X[5]       ; output[13]  ; 6.121 ; 6.121 ; 6.121 ; 6.121 ;
; X[5]       ; output[14]  ; 5.847 ; 5.847 ; 5.847 ; 5.847 ;
; X[5]       ; output[15]  ; 5.881 ; 5.881 ; 5.881 ; 5.881 ;
; X[6]       ; output[6]   ; 5.652 ; 5.652 ; 5.652 ; 5.652 ;
; X[6]       ; output[7]   ; 6.033 ; 6.033 ; 6.033 ; 6.033 ;
; X[6]       ; output[8]   ; 6.548 ; 6.548 ; 6.548 ; 6.548 ;
; X[6]       ; output[9]   ; 6.041 ; 6.041 ; 6.041 ; 6.041 ;
; X[6]       ; output[10]  ; 6.676 ; 6.676 ; 6.676 ; 6.676 ;
; X[6]       ; output[11]  ; 6.234 ; 6.234 ; 6.234 ; 6.234 ;
; X[6]       ; output[12]  ; 6.014 ; 6.014 ; 6.014 ; 6.014 ;
; X[6]       ; output[13]  ; 6.399 ; 6.399 ; 6.399 ; 6.399 ;
; X[6]       ; output[14]  ; 6.125 ; 6.125 ; 6.125 ; 6.125 ;
; X[6]       ; output[15]  ; 6.159 ; 6.159 ; 6.159 ; 6.159 ;
; X[7]       ; output[7]   ; 5.869 ; 5.869 ; 5.869 ; 5.869 ;
; X[7]       ; output[8]   ; 6.484 ; 6.484 ; 6.484 ; 6.484 ;
; X[7]       ; output[9]   ; 5.977 ; 5.977 ; 5.977 ; 5.977 ;
; X[7]       ; output[10]  ; 6.612 ; 6.612 ; 6.612 ; 6.612 ;
; X[7]       ; output[11]  ; 6.170 ; 6.170 ; 6.170 ; 6.170 ;
; X[7]       ; output[12]  ; 5.950 ; 5.950 ; 5.950 ; 5.950 ;
; X[7]       ; output[13]  ; 6.335 ; 6.335 ; 6.335 ; 6.335 ;
; X[7]       ; output[14]  ; 6.061 ; 6.061 ; 6.061 ; 6.061 ;
; X[7]       ; output[15]  ; 6.095 ; 6.095 ; 6.095 ; 6.095 ;
; X[8]       ; output[8]   ; 6.121 ; 6.121 ; 6.121 ; 6.121 ;
; X[8]       ; output[9]   ; 5.717 ; 5.717 ; 5.717 ; 5.717 ;
; X[8]       ; output[10]  ; 6.352 ; 6.352 ; 6.352 ; 6.352 ;
; X[8]       ; output[11]  ; 5.910 ; 5.910 ; 5.910 ; 5.910 ;
; X[8]       ; output[12]  ; 5.690 ; 5.690 ; 5.690 ; 5.690 ;
; X[8]       ; output[13]  ; 6.075 ; 6.075 ; 6.075 ; 6.075 ;
; X[8]       ; output[14]  ; 5.801 ; 5.801 ; 5.801 ; 5.801 ;
; X[8]       ; output[15]  ; 5.835 ; 5.835 ; 5.835 ; 5.835 ;
; X[9]       ; output[9]   ; 5.337 ; 5.337 ; 5.337 ; 5.337 ;
; X[9]       ; output[10]  ; 6.075 ; 6.075 ; 6.075 ; 6.075 ;
; X[9]       ; output[11]  ; 5.633 ; 5.633 ; 5.633 ; 5.633 ;
; X[9]       ; output[12]  ; 5.413 ; 5.413 ; 5.413 ; 5.413 ;
; X[9]       ; output[13]  ; 5.798 ; 5.798 ; 5.798 ; 5.798 ;
; X[9]       ; output[14]  ; 5.524 ; 5.524 ; 5.524 ; 5.524 ;
; X[9]       ; output[15]  ; 5.558 ; 5.558 ; 5.558 ; 5.558 ;
; X[10]      ; output[10]  ; 6.388 ; 6.388 ; 6.388 ; 6.388 ;
; X[10]      ; output[11]  ; 6.049 ; 6.049 ; 6.049 ; 6.049 ;
; X[10]      ; output[12]  ; 5.829 ; 5.829 ; 5.829 ; 5.829 ;
; X[10]      ; output[13]  ; 6.214 ; 6.214 ; 6.214 ; 6.214 ;
; X[10]      ; output[14]  ; 5.940 ; 5.940 ; 5.940 ; 5.940 ;
; X[10]      ; output[15]  ; 5.974 ; 5.974 ; 5.974 ; 5.974 ;
; X[11]      ; output[11]  ; 5.475 ; 5.475 ; 5.475 ; 5.475 ;
; X[11]      ; output[12]  ; 5.358 ; 5.358 ; 5.358 ; 5.358 ;
; X[11]      ; output[13]  ; 5.743 ; 5.743 ; 5.743 ; 5.743 ;
; X[11]      ; output[14]  ; 5.469 ; 5.469 ; 5.469 ; 5.469 ;
; X[11]      ; output[15]  ; 5.503 ; 5.503 ; 5.503 ; 5.503 ;
; X[12]      ; output[12]  ; 5.457 ; 5.457 ; 5.457 ; 5.457 ;
; X[12]      ; output[13]  ; 5.947 ; 5.947 ; 5.947 ; 5.947 ;
; X[12]      ; output[14]  ; 5.673 ; 5.673 ; 5.673 ; 5.673 ;
; X[12]      ; output[15]  ; 5.707 ; 5.707 ; 5.707 ; 5.707 ;
; X[13]      ; output[13]  ; 5.578 ; 5.578 ; 5.578 ; 5.578 ;
; X[13]      ; output[14]  ; 5.407 ; 5.407 ; 5.407 ; 5.407 ;
; X[13]      ; output[15]  ; 5.441 ; 5.441 ; 5.441 ; 5.441 ;
; X[14]      ; output[14]  ; 5.273 ; 5.273 ; 5.273 ; 5.273 ;
; X[14]      ; output[15]  ; 5.412 ; 5.412 ; 5.412 ; 5.412 ;
; X[15]      ; output[15]  ; 5.145 ; 5.145 ; 5.145 ; 5.145 ;
+------------+-------------+-------+-------+-------+-------+


+----------------------------------------------------------+
; Minimum Propagation Delay                                ;
+------------+-------------+-------+-------+-------+-------+
; Input Port ; Output Port ; RR    ; RF    ; FR    ; FF    ;
+------------+-------------+-------+-------+-------+-------+
; X[0]       ; output[0]   ;       ; 4.634 ; 4.634 ;       ;
; X[0]       ; output[1]   ; 5.721 ; 5.721 ; 5.721 ; 5.721 ;
; X[0]       ; output[2]   ; 5.689 ; 5.689 ; 5.689 ; 5.689 ;
; X[0]       ; output[3]   ; 6.120 ; 6.120 ; 6.120 ; 6.120 ;
; X[0]       ; output[4]   ; 6.572 ; 6.572 ; 6.572 ; 6.572 ;
; X[0]       ; output[5]   ; 5.964 ; 5.964 ; 5.964 ; 5.964 ;
; X[0]       ; output[6]   ; 5.813 ; 5.813 ; 5.813 ; 5.813 ;
; X[0]       ; output[7]   ; 6.091 ; 6.091 ; 6.091 ; 6.091 ;
; X[0]       ; output[8]   ; 6.606 ; 6.606 ; 6.606 ; 6.606 ;
; X[0]       ; output[9]   ; 6.099 ; 6.099 ; 6.099 ; 6.099 ;
; X[0]       ; output[10]  ; 6.734 ; 6.734 ; 6.734 ; 6.734 ;
; X[0]       ; output[11]  ; 6.292 ; 6.292 ; 6.292 ; 6.292 ;
; X[0]       ; output[12]  ; 6.072 ; 6.072 ; 6.072 ; 6.072 ;
; X[0]       ; output[13]  ; 6.457 ; 6.457 ; 6.457 ; 6.457 ;
; X[0]       ; output[14]  ; 6.183 ; 6.183 ; 6.183 ; 6.183 ;
; X[0]       ; output[15]  ; 6.217 ; 6.217 ; 6.217 ; 6.217 ;
; X[1]       ; output[1]   ; 5.825 ; 5.825 ; 5.825 ; 5.825 ;
; X[1]       ; output[2]   ; 5.798 ; 5.798 ; 5.798 ; 5.798 ;
; X[1]       ; output[3]   ; 6.229 ; 6.229 ; 6.229 ; 6.229 ;
; X[1]       ; output[4]   ; 6.681 ; 6.681 ; 6.681 ; 6.681 ;
; X[1]       ; output[5]   ; 6.073 ; 6.073 ; 6.073 ; 6.073 ;
; X[1]       ; output[6]   ; 5.922 ; 5.922 ; 5.922 ; 5.922 ;
; X[1]       ; output[7]   ; 6.200 ; 6.200 ; 6.200 ; 6.200 ;
; X[1]       ; output[8]   ; 6.715 ; 6.715 ; 6.715 ; 6.715 ;
; X[1]       ; output[9]   ; 6.208 ; 6.208 ; 6.208 ; 6.208 ;
; X[1]       ; output[10]  ; 6.843 ; 6.843 ; 6.843 ; 6.843 ;
; X[1]       ; output[11]  ; 6.401 ; 6.401 ; 6.401 ; 6.401 ;
; X[1]       ; output[12]  ; 6.181 ; 6.181 ; 6.181 ; 6.181 ;
; X[1]       ; output[13]  ; 6.566 ; 6.566 ; 6.566 ; 6.566 ;
; X[1]       ; output[14]  ; 6.292 ; 6.292 ; 6.292 ; 6.292 ;
; X[1]       ; output[15]  ; 6.326 ; 6.326 ; 6.326 ; 6.326 ;
; X[2]       ; output[2]   ; 5.336 ; 5.336 ; 5.336 ; 5.336 ;
; X[2]       ; output[3]   ; 5.870 ; 5.870 ; 5.870 ; 5.870 ;
; X[2]       ; output[4]   ; 6.322 ; 6.322 ; 6.322 ; 6.322 ;
; X[2]       ; output[5]   ; 5.714 ; 5.714 ; 5.714 ; 5.714 ;
; X[2]       ; output[6]   ; 5.563 ; 5.563 ; 5.563 ; 5.563 ;
; X[2]       ; output[7]   ; 5.841 ; 5.841 ; 5.841 ; 5.841 ;
; X[2]       ; output[8]   ; 6.356 ; 6.356 ; 6.356 ; 6.356 ;
; X[2]       ; output[9]   ; 5.849 ; 5.849 ; 5.849 ; 5.849 ;
; X[2]       ; output[10]  ; 6.484 ; 6.484 ; 6.484 ; 6.484 ;
; X[2]       ; output[11]  ; 6.042 ; 6.042 ; 6.042 ; 6.042 ;
; X[2]       ; output[12]  ; 5.822 ; 5.822 ; 5.822 ; 5.822 ;
; X[2]       ; output[13]  ; 6.207 ; 6.207 ; 6.207 ; 6.207 ;
; X[2]       ; output[14]  ; 5.933 ; 5.933 ; 5.933 ; 5.933 ;
; X[2]       ; output[15]  ; 5.967 ; 5.967 ; 5.967 ; 5.967 ;
; X[3]       ; output[3]   ; 5.653 ; 5.653 ; 5.653 ; 5.653 ;
; X[3]       ; output[4]   ; 6.208 ; 6.208 ; 6.208 ; 6.208 ;
; X[3]       ; output[5]   ; 5.600 ; 5.600 ; 5.600 ; 5.600 ;
; X[3]       ; output[6]   ; 5.449 ; 5.449 ; 5.449 ; 5.449 ;
; X[3]       ; output[7]   ; 5.727 ; 5.727 ; 5.727 ; 5.727 ;
; X[3]       ; output[8]   ; 6.242 ; 6.242 ; 6.242 ; 6.242 ;
; X[3]       ; output[9]   ; 5.735 ; 5.735 ; 5.735 ; 5.735 ;
; X[3]       ; output[10]  ; 6.370 ; 6.370 ; 6.370 ; 6.370 ;
; X[3]       ; output[11]  ; 5.928 ; 5.928 ; 5.928 ; 5.928 ;
; X[3]       ; output[12]  ; 5.708 ; 5.708 ; 5.708 ; 5.708 ;
; X[3]       ; output[13]  ; 6.093 ; 6.093 ; 6.093 ; 6.093 ;
; X[3]       ; output[14]  ; 5.819 ; 5.819 ; 5.819 ; 5.819 ;
; X[3]       ; output[15]  ; 5.853 ; 5.853 ; 5.853 ; 5.853 ;
; X[4]       ; output[4]   ; 6.472 ; 6.472 ; 6.472 ; 6.472 ;
; X[4]       ; output[5]   ; 5.969 ; 5.969 ; 5.969 ; 5.969 ;
; X[4]       ; output[6]   ; 5.818 ; 5.818 ; 5.818 ; 5.818 ;
; X[4]       ; output[7]   ; 6.096 ; 6.096 ; 6.096 ; 6.096 ;
; X[4]       ; output[8]   ; 6.611 ; 6.611 ; 6.611 ; 6.611 ;
; X[4]       ; output[9]   ; 6.104 ; 6.104 ; 6.104 ; 6.104 ;
; X[4]       ; output[10]  ; 6.739 ; 6.739 ; 6.739 ; 6.739 ;
; X[4]       ; output[11]  ; 6.297 ; 6.297 ; 6.297 ; 6.297 ;
; X[4]       ; output[12]  ; 6.077 ; 6.077 ; 6.077 ; 6.077 ;
; X[4]       ; output[13]  ; 6.462 ; 6.462 ; 6.462 ; 6.462 ;
; X[4]       ; output[14]  ; 6.188 ; 6.188 ; 6.188 ; 6.188 ;
; X[4]       ; output[15]  ; 6.222 ; 6.222 ; 6.222 ; 6.222 ;
; X[5]       ; output[5]   ; 5.525 ; 5.525 ; 5.525 ; 5.525 ;
; X[5]       ; output[6]   ; 5.477 ; 5.477 ; 5.477 ; 5.477 ;
; X[5]       ; output[7]   ; 5.755 ; 5.755 ; 5.755 ; 5.755 ;
; X[5]       ; output[8]   ; 6.270 ; 6.270 ; 6.270 ; 6.270 ;
; X[5]       ; output[9]   ; 5.763 ; 5.763 ; 5.763 ; 5.763 ;
; X[5]       ; output[10]  ; 6.398 ; 6.398 ; 6.398 ; 6.398 ;
; X[5]       ; output[11]  ; 5.956 ; 5.956 ; 5.956 ; 5.956 ;
; X[5]       ; output[12]  ; 5.736 ; 5.736 ; 5.736 ; 5.736 ;
; X[5]       ; output[13]  ; 6.121 ; 6.121 ; 6.121 ; 6.121 ;
; X[5]       ; output[14]  ; 5.847 ; 5.847 ; 5.847 ; 5.847 ;
; X[5]       ; output[15]  ; 5.881 ; 5.881 ; 5.881 ; 5.881 ;
; X[6]       ; output[6]   ; 5.652 ; 5.652 ; 5.652 ; 5.652 ;
; X[6]       ; output[7]   ; 6.033 ; 6.033 ; 6.033 ; 6.033 ;
; X[6]       ; output[8]   ; 6.548 ; 6.548 ; 6.548 ; 6.548 ;
; X[6]       ; output[9]   ; 6.041 ; 6.041 ; 6.041 ; 6.041 ;
; X[6]       ; output[10]  ; 6.676 ; 6.676 ; 6.676 ; 6.676 ;
; X[6]       ; output[11]  ; 6.234 ; 6.234 ; 6.234 ; 6.234 ;
; X[6]       ; output[12]  ; 6.014 ; 6.014 ; 6.014 ; 6.014 ;
; X[6]       ; output[13]  ; 6.399 ; 6.399 ; 6.399 ; 6.399 ;
; X[6]       ; output[14]  ; 6.125 ; 6.125 ; 6.125 ; 6.125 ;
; X[6]       ; output[15]  ; 6.159 ; 6.159 ; 6.159 ; 6.159 ;
; X[7]       ; output[7]   ; 5.869 ; 5.869 ; 5.869 ; 5.869 ;
; X[7]       ; output[8]   ; 6.484 ; 6.484 ; 6.484 ; 6.484 ;
; X[7]       ; output[9]   ; 5.977 ; 5.977 ; 5.977 ; 5.977 ;
; X[7]       ; output[10]  ; 6.612 ; 6.612 ; 6.612 ; 6.612 ;
; X[7]       ; output[11]  ; 6.170 ; 6.170 ; 6.170 ; 6.170 ;
; X[7]       ; output[12]  ; 5.950 ; 5.950 ; 5.950 ; 5.950 ;
; X[7]       ; output[13]  ; 6.335 ; 6.335 ; 6.335 ; 6.335 ;
; X[7]       ; output[14]  ; 6.061 ; 6.061 ; 6.061 ; 6.061 ;
; X[7]       ; output[15]  ; 6.095 ; 6.095 ; 6.095 ; 6.095 ;
; X[8]       ; output[8]   ; 6.121 ; 6.121 ; 6.121 ; 6.121 ;
; X[8]       ; output[9]   ; 5.717 ; 5.717 ; 5.717 ; 5.717 ;
; X[8]       ; output[10]  ; 6.352 ; 6.352 ; 6.352 ; 6.352 ;
; X[8]       ; output[11]  ; 5.910 ; 5.910 ; 5.910 ; 5.910 ;
; X[8]       ; output[12]  ; 5.690 ; 5.690 ; 5.690 ; 5.690 ;
; X[8]       ; output[13]  ; 6.075 ; 6.075 ; 6.075 ; 6.075 ;
; X[8]       ; output[14]  ; 5.801 ; 5.801 ; 5.801 ; 5.801 ;
; X[8]       ; output[15]  ; 5.835 ; 5.835 ; 5.835 ; 5.835 ;
; X[9]       ; output[9]   ; 5.337 ; 5.337 ; 5.337 ; 5.337 ;
; X[9]       ; output[10]  ; 6.075 ; 6.075 ; 6.075 ; 6.075 ;
; X[9]       ; output[11]  ; 5.633 ; 5.633 ; 5.633 ; 5.633 ;
; X[9]       ; output[12]  ; 5.413 ; 5.413 ; 5.413 ; 5.413 ;
; X[9]       ; output[13]  ; 5.798 ; 5.798 ; 5.798 ; 5.798 ;
; X[9]       ; output[14]  ; 5.524 ; 5.524 ; 5.524 ; 5.524 ;
; X[9]       ; output[15]  ; 5.558 ; 5.558 ; 5.558 ; 5.558 ;
; X[10]      ; output[10]  ; 6.388 ; 6.388 ; 6.388 ; 6.388 ;
; X[10]      ; output[11]  ; 6.049 ; 6.049 ; 6.049 ; 6.049 ;
; X[10]      ; output[12]  ; 5.829 ; 5.829 ; 5.829 ; 5.829 ;
; X[10]      ; output[13]  ; 6.214 ; 6.214 ; 6.214 ; 6.214 ;
; X[10]      ; output[14]  ; 5.940 ; 5.940 ; 5.940 ; 5.940 ;
; X[10]      ; output[15]  ; 5.974 ; 5.974 ; 5.974 ; 5.974 ;
; X[11]      ; output[11]  ; 5.475 ; 5.475 ; 5.475 ; 5.475 ;
; X[11]      ; output[12]  ; 5.358 ; 5.358 ; 5.358 ; 5.358 ;
; X[11]      ; output[13]  ; 5.743 ; 5.743 ; 5.743 ; 5.743 ;
; X[11]      ; output[14]  ; 5.469 ; 5.469 ; 5.469 ; 5.469 ;
; X[11]      ; output[15]  ; 5.503 ; 5.503 ; 5.503 ; 5.503 ;
; X[12]      ; output[12]  ; 5.457 ; 5.457 ; 5.457 ; 5.457 ;
; X[12]      ; output[13]  ; 5.947 ; 5.947 ; 5.947 ; 5.947 ;
; X[12]      ; output[14]  ; 5.673 ; 5.673 ; 5.673 ; 5.673 ;
; X[12]      ; output[15]  ; 5.707 ; 5.707 ; 5.707 ; 5.707 ;
; X[13]      ; output[13]  ; 5.578 ; 5.578 ; 5.578 ; 5.578 ;
; X[13]      ; output[14]  ; 5.407 ; 5.407 ; 5.407 ; 5.407 ;
; X[13]      ; output[15]  ; 5.441 ; 5.441 ; 5.441 ; 5.441 ;
; X[14]      ; output[14]  ; 5.273 ; 5.273 ; 5.273 ; 5.273 ;
; X[14]      ; output[15]  ; 5.412 ; 5.412 ; 5.412 ; 5.412 ;
; X[15]      ; output[15]  ; 5.145 ; 5.145 ; 5.145 ; 5.145 ;
+------------+-------------+-------+-------+-------+-------+


+----------------------------------------------------------------------------+
; Multicorner Timing Analysis Summary                                        ;
+------------------+-------+------+----------+---------+---------------------+
; Clock            ; Setup ; Hold ; Recovery ; Removal ; Minimum Pulse Width ;
+------------------+-------+------+----------+---------+---------------------+
; Worst-case Slack ; N/A   ; N/A  ; N/A      ; N/A     ; N/A                 ;
; Design-wide TNS  ; 0.0   ; 0.0  ; 0.0      ; 0.0     ; 0.0                 ;
+------------------+-------+------+----------+---------+---------------------+


+--------------------------------------------------------------+
; Progagation Delay                                            ;
+------------+-------------+--------+--------+--------+--------+
; Input Port ; Output Port ; RR     ; RF     ; FR     ; FF     ;
+------------+-------------+--------+--------+--------+--------+
; X[0]       ; output[0]   ;        ; 7.979  ; 7.979  ;        ;
; X[0]       ; output[1]   ; 10.380 ; 10.380 ; 10.380 ; 10.380 ;
; X[0]       ; output[2]   ; 10.426 ; 10.426 ; 10.426 ; 10.426 ;
; X[0]       ; output[3]   ; 11.204 ; 11.204 ; 11.204 ; 11.204 ;
; X[0]       ; output[4]   ; 12.182 ; 12.182 ; 12.182 ; 12.182 ;
; X[0]       ; output[5]   ; 10.986 ; 10.986 ; 10.986 ; 10.986 ;
; X[0]       ; output[6]   ; 10.669 ; 10.669 ; 10.669 ; 10.669 ;
; X[0]       ; output[7]   ; 11.127 ; 11.127 ; 11.127 ; 11.127 ;
; X[0]       ; output[8]   ; 12.128 ; 12.128 ; 12.128 ; 12.128 ;
; X[0]       ; output[9]   ; 11.098 ; 11.098 ; 11.098 ; 11.098 ;
; X[0]       ; output[10]  ; 12.316 ; 12.316 ; 12.316 ; 12.316 ;
; X[0]       ; output[11]  ; 11.492 ; 11.492 ; 11.492 ; 11.492 ;
; X[0]       ; output[12]  ; 11.177 ; 11.177 ; 11.177 ; 11.177 ;
; X[0]       ; output[13]  ; 11.852 ; 11.852 ; 11.852 ; 11.852 ;
; X[0]       ; output[14]  ; 11.388 ; 11.388 ; 11.388 ; 11.388 ;
; X[0]       ; output[15]  ; 11.434 ; 11.434 ; 11.434 ; 11.434 ;
; X[1]       ; output[1]   ; 10.575 ; 10.575 ; 10.575 ; 10.575 ;
; X[1]       ; output[2]   ; 10.625 ; 10.625 ; 10.625 ; 10.625 ;
; X[1]       ; output[3]   ; 11.403 ; 11.403 ; 11.403 ; 11.403 ;
; X[1]       ; output[4]   ; 12.381 ; 12.381 ; 12.381 ; 12.381 ;
; X[1]       ; output[5]   ; 11.185 ; 11.185 ; 11.185 ; 11.185 ;
; X[1]       ; output[6]   ; 10.868 ; 10.868 ; 10.868 ; 10.868 ;
; X[1]       ; output[7]   ; 11.326 ; 11.326 ; 11.326 ; 11.326 ;
; X[1]       ; output[8]   ; 12.327 ; 12.327 ; 12.327 ; 12.327 ;
; X[1]       ; output[9]   ; 11.297 ; 11.297 ; 11.297 ; 11.297 ;
; X[1]       ; output[10]  ; 12.515 ; 12.515 ; 12.515 ; 12.515 ;
; X[1]       ; output[11]  ; 11.691 ; 11.691 ; 11.691 ; 11.691 ;
; X[1]       ; output[12]  ; 11.376 ; 11.376 ; 11.376 ; 11.376 ;
; X[1]       ; output[13]  ; 12.051 ; 12.051 ; 12.051 ; 12.051 ;
; X[1]       ; output[14]  ; 11.587 ; 11.587 ; 11.587 ; 11.587 ;
; X[1]       ; output[15]  ; 11.633 ; 11.633 ; 11.633 ; 11.633 ;
; X[2]       ; output[2]   ; 9.635  ; 9.635  ; 9.635  ; 9.635  ;
; X[2]       ; output[3]   ; 10.725 ; 10.725 ; 10.725 ; 10.725 ;
; X[2]       ; output[4]   ; 11.703 ; 11.703 ; 11.703 ; 11.703 ;
; X[2]       ; output[5]   ; 10.507 ; 10.507 ; 10.507 ; 10.507 ;
; X[2]       ; output[6]   ; 10.190 ; 10.190 ; 10.190 ; 10.190 ;
; X[2]       ; output[7]   ; 10.648 ; 10.648 ; 10.648 ; 10.648 ;
; X[2]       ; output[8]   ; 11.649 ; 11.649 ; 11.649 ; 11.649 ;
; X[2]       ; output[9]   ; 10.619 ; 10.619 ; 10.619 ; 10.619 ;
; X[2]       ; output[10]  ; 11.837 ; 11.837 ; 11.837 ; 11.837 ;
; X[2]       ; output[11]  ; 11.013 ; 11.013 ; 11.013 ; 11.013 ;
; X[2]       ; output[12]  ; 10.698 ; 10.698 ; 10.698 ; 10.698 ;
; X[2]       ; output[13]  ; 11.373 ; 11.373 ; 11.373 ; 11.373 ;
; X[2]       ; output[14]  ; 10.909 ; 10.909 ; 10.909 ; 10.909 ;
; X[2]       ; output[15]  ; 10.955 ; 10.955 ; 10.955 ; 10.955 ;
; X[3]       ; output[3]   ; 10.188 ; 10.188 ; 10.188 ; 10.188 ;
; X[3]       ; output[4]   ; 11.478 ; 11.478 ; 11.478 ; 11.478 ;
; X[3]       ; output[5]   ; 10.282 ; 10.282 ; 10.282 ; 10.282 ;
; X[3]       ; output[6]   ; 9.965  ; 9.965  ; 9.965  ; 9.965  ;
; X[3]       ; output[7]   ; 10.423 ; 10.423 ; 10.423 ; 10.423 ;
; X[3]       ; output[8]   ; 11.424 ; 11.424 ; 11.424 ; 11.424 ;
; X[3]       ; output[9]   ; 10.394 ; 10.394 ; 10.394 ; 10.394 ;
; X[3]       ; output[10]  ; 11.612 ; 11.612 ; 11.612 ; 11.612 ;
; X[3]       ; output[11]  ; 10.788 ; 10.788 ; 10.788 ; 10.788 ;
; X[3]       ; output[12]  ; 10.473 ; 10.473 ; 10.473 ; 10.473 ;
; X[3]       ; output[13]  ; 11.148 ; 11.148 ; 11.148 ; 11.148 ;
; X[3]       ; output[14]  ; 10.684 ; 10.684 ; 10.684 ; 10.684 ;
; X[3]       ; output[15]  ; 10.730 ; 10.730 ; 10.730 ; 10.730 ;
; X[4]       ; output[4]   ; 11.903 ; 11.903 ; 11.903 ; 11.903 ;
; X[4]       ; output[5]   ; 11.022 ; 11.022 ; 11.022 ; 11.022 ;
; X[4]       ; output[6]   ; 10.705 ; 10.705 ; 10.705 ; 10.705 ;
; X[4]       ; output[7]   ; 11.163 ; 11.163 ; 11.163 ; 11.163 ;
; X[4]       ; output[8]   ; 12.164 ; 12.164 ; 12.164 ; 12.164 ;
; X[4]       ; output[9]   ; 11.134 ; 11.134 ; 11.134 ; 11.134 ;
; X[4]       ; output[10]  ; 12.352 ; 12.352 ; 12.352 ; 12.352 ;
; X[4]       ; output[11]  ; 11.528 ; 11.528 ; 11.528 ; 11.528 ;
; X[4]       ; output[12]  ; 11.213 ; 11.213 ; 11.213 ; 11.213 ;
; X[4]       ; output[13]  ; 11.888 ; 11.888 ; 11.888 ; 11.888 ;
; X[4]       ; output[14]  ; 11.424 ; 11.424 ; 11.424 ; 11.424 ;
; X[4]       ; output[15]  ; 11.470 ; 11.470 ; 11.470 ; 11.470 ;
; X[5]       ; output[5]   ; 10.050 ; 10.050 ; 10.050 ; 10.050 ;
; X[5]       ; output[6]   ; 10.045 ; 10.045 ; 10.045 ; 10.045 ;
; X[5]       ; output[7]   ; 10.503 ; 10.503 ; 10.503 ; 10.503 ;
; X[5]       ; output[8]   ; 11.504 ; 11.504 ; 11.504 ; 11.504 ;
; X[5]       ; output[9]   ; 10.474 ; 10.474 ; 10.474 ; 10.474 ;
; X[5]       ; output[10]  ; 11.692 ; 11.692 ; 11.692 ; 11.692 ;
; X[5]       ; output[11]  ; 10.868 ; 10.868 ; 10.868 ; 10.868 ;
; X[5]       ; output[12]  ; 10.553 ; 10.553 ; 10.553 ; 10.553 ;
; X[5]       ; output[13]  ; 11.228 ; 11.228 ; 11.228 ; 11.228 ;
; X[5]       ; output[14]  ; 10.764 ; 10.764 ; 10.764 ; 10.764 ;
; X[5]       ; output[15]  ; 10.810 ; 10.810 ; 10.810 ; 10.810 ;
; X[6]       ; output[6]   ; 10.219 ; 10.219 ; 10.219 ; 10.219 ;
; X[6]       ; output[7]   ; 10.989 ; 10.989 ; 10.989 ; 10.989 ;
; X[6]       ; output[8]   ; 11.990 ; 11.990 ; 11.990 ; 11.990 ;
; X[6]       ; output[9]   ; 10.960 ; 10.960 ; 10.960 ; 10.960 ;
; X[6]       ; output[10]  ; 12.178 ; 12.178 ; 12.178 ; 12.178 ;
; X[6]       ; output[11]  ; 11.354 ; 11.354 ; 11.354 ; 11.354 ;
; X[6]       ; output[12]  ; 11.039 ; 11.039 ; 11.039 ; 11.039 ;
; X[6]       ; output[13]  ; 11.714 ; 11.714 ; 11.714 ; 11.714 ;
; X[6]       ; output[14]  ; 11.250 ; 11.250 ; 11.250 ; 11.250 ;
; X[6]       ; output[15]  ; 11.296 ; 11.296 ; 11.296 ; 11.296 ;
; X[7]       ; output[7]   ; 10.593 ; 10.593 ; 10.593 ; 10.593 ;
; X[7]       ; output[8]   ; 11.911 ; 11.911 ; 11.911 ; 11.911 ;
; X[7]       ; output[9]   ; 10.881 ; 10.881 ; 10.881 ; 10.881 ;
; X[7]       ; output[10]  ; 12.099 ; 12.099 ; 12.099 ; 12.099 ;
; X[7]       ; output[11]  ; 11.275 ; 11.275 ; 11.275 ; 11.275 ;
; X[7]       ; output[12]  ; 10.960 ; 10.960 ; 10.960 ; 10.960 ;
; X[7]       ; output[13]  ; 11.635 ; 11.635 ; 11.635 ; 11.635 ;
; X[7]       ; output[14]  ; 11.171 ; 11.171 ; 11.171 ; 11.171 ;
; X[7]       ; output[15]  ; 11.217 ; 11.217 ; 11.217 ; 11.217 ;
; X[8]       ; output[8]   ; 11.143 ; 11.143 ; 11.143 ; 11.143 ;
; X[8]       ; output[9]   ; 10.425 ; 10.425 ; 10.425 ; 10.425 ;
; X[8]       ; output[10]  ; 11.643 ; 11.643 ; 11.643 ; 11.643 ;
; X[8]       ; output[11]  ; 10.819 ; 10.819 ; 10.819 ; 10.819 ;
; X[8]       ; output[12]  ; 10.504 ; 10.504 ; 10.504 ; 10.504 ;
; X[8]       ; output[13]  ; 11.179 ; 11.179 ; 11.179 ; 11.179 ;
; X[8]       ; output[14]  ; 10.715 ; 10.715 ; 10.715 ; 10.715 ;
; X[8]       ; output[15]  ; 10.761 ; 10.761 ; 10.761 ; 10.761 ;
; X[9]       ; output[9]   ; 9.498  ; 9.498  ; 9.498  ; 9.498  ;
; X[9]       ; output[10]  ; 11.028 ; 11.028 ; 11.028 ; 11.028 ;
; X[9]       ; output[11]  ; 10.204 ; 10.204 ; 10.204 ; 10.204 ;
; X[9]       ; output[12]  ; 9.889  ; 9.889  ; 9.889  ; 9.889  ;
; X[9]       ; output[13]  ; 10.564 ; 10.564 ; 10.564 ; 10.564 ;
; X[9]       ; output[14]  ; 10.100 ; 10.100 ; 10.100 ; 10.100 ;
; X[9]       ; output[15]  ; 10.146 ; 10.146 ; 10.146 ; 10.146 ;
; X[10]      ; output[10]  ; 11.454 ; 11.454 ; 11.454 ; 11.454 ;
; X[10]      ; output[11]  ; 10.942 ; 10.942 ; 10.942 ; 10.942 ;
; X[10]      ; output[12]  ; 10.627 ; 10.627 ; 10.627 ; 10.627 ;
; X[10]      ; output[13]  ; 11.302 ; 11.302 ; 11.302 ; 11.302 ;
; X[10]      ; output[14]  ; 10.838 ; 10.838 ; 10.838 ; 10.838 ;
; X[10]      ; output[15]  ; 10.884 ; 10.884 ; 10.884 ; 10.884 ;
; X[11]      ; output[11]  ; 9.761  ; 9.761  ; 9.761  ; 9.761  ;
; X[11]      ; output[12]  ; 9.758  ; 9.758  ; 9.758  ; 9.758  ;
; X[11]      ; output[13]  ; 10.433 ; 10.433 ; 10.433 ; 10.433 ;
; X[11]      ; output[14]  ; 9.969  ; 9.969  ; 9.969  ; 9.969  ;
; X[11]      ; output[15]  ; 10.015 ; 10.015 ; 10.015 ; 10.015 ;
; X[12]      ; output[12]  ; 9.937  ; 9.937  ; 9.937  ; 9.937  ;
; X[12]      ; output[13]  ; 10.927 ; 10.927 ; 10.927 ; 10.927 ;
; X[12]      ; output[14]  ; 10.463 ; 10.463 ; 10.463 ; 10.463 ;
; X[12]      ; output[15]  ; 10.509 ; 10.509 ; 10.509 ; 10.509 ;
; X[13]      ; output[13]  ; 10.035 ; 10.035 ; 10.035 ; 10.035 ;
; X[13]      ; output[14]  ; 9.883  ; 9.883  ; 9.883  ; 9.883  ;
; X[13]      ; output[15]  ; 9.929  ; 9.929  ; 9.929  ; 9.929  ;
; X[14]      ; output[14]  ; 9.479  ; 9.479  ; 9.479  ; 9.479  ;
; X[14]      ; output[15]  ; 9.840  ; 9.840  ; 9.840  ; 9.840  ;
; X[15]      ; output[15]  ; 9.147  ; 9.147  ; 9.147  ; 9.147  ;
+------------+-------------+--------+--------+--------+--------+


+----------------------------------------------------------+
; Minimum Progagation Delay                                ;
+------------+-------------+-------+-------+-------+-------+
; Input Port ; Output Port ; RR    ; RF    ; FR    ; FF    ;
+------------+-------------+-------+-------+-------+-------+
; X[0]       ; output[0]   ;       ; 4.634 ; 4.634 ;       ;
; X[0]       ; output[1]   ; 5.721 ; 5.721 ; 5.721 ; 5.721 ;
; X[0]       ; output[2]   ; 5.689 ; 5.689 ; 5.689 ; 5.689 ;
; X[0]       ; output[3]   ; 6.120 ; 6.120 ; 6.120 ; 6.120 ;
; X[0]       ; output[4]   ; 6.572 ; 6.572 ; 6.572 ; 6.572 ;
; X[0]       ; output[5]   ; 5.964 ; 5.964 ; 5.964 ; 5.964 ;
; X[0]       ; output[6]   ; 5.813 ; 5.813 ; 5.813 ; 5.813 ;
; X[0]       ; output[7]   ; 6.091 ; 6.091 ; 6.091 ; 6.091 ;
; X[0]       ; output[8]   ; 6.606 ; 6.606 ; 6.606 ; 6.606 ;
; X[0]       ; output[9]   ; 6.099 ; 6.099 ; 6.099 ; 6.099 ;
; X[0]       ; output[10]  ; 6.734 ; 6.734 ; 6.734 ; 6.734 ;
; X[0]       ; output[11]  ; 6.292 ; 6.292 ; 6.292 ; 6.292 ;
; X[0]       ; output[12]  ; 6.072 ; 6.072 ; 6.072 ; 6.072 ;
; X[0]       ; output[13]  ; 6.457 ; 6.457 ; 6.457 ; 6.457 ;
; X[0]       ; output[14]  ; 6.183 ; 6.183 ; 6.183 ; 6.183 ;
; X[0]       ; output[15]  ; 6.217 ; 6.217 ; 6.217 ; 6.217 ;
; X[1]       ; output[1]   ; 5.825 ; 5.825 ; 5.825 ; 5.825 ;
; X[1]       ; output[2]   ; 5.798 ; 5.798 ; 5.798 ; 5.798 ;
; X[1]       ; output[3]   ; 6.229 ; 6.229 ; 6.229 ; 6.229 ;
; X[1]       ; output[4]   ; 6.681 ; 6.681 ; 6.681 ; 6.681 ;
; X[1]       ; output[5]   ; 6.073 ; 6.073 ; 6.073 ; 6.073 ;
; X[1]       ; output[6]   ; 5.922 ; 5.922 ; 5.922 ; 5.922 ;
; X[1]       ; output[7]   ; 6.200 ; 6.200 ; 6.200 ; 6.200 ;
; X[1]       ; output[8]   ; 6.715 ; 6.715 ; 6.715 ; 6.715 ;
; X[1]       ; output[9]   ; 6.208 ; 6.208 ; 6.208 ; 6.208 ;
; X[1]       ; output[10]  ; 6.843 ; 6.843 ; 6.843 ; 6.843 ;
; X[1]       ; output[11]  ; 6.401 ; 6.401 ; 6.401 ; 6.401 ;
; X[1]       ; output[12]  ; 6.181 ; 6.181 ; 6.181 ; 6.181 ;
; X[1]       ; output[13]  ; 6.566 ; 6.566 ; 6.566 ; 6.566 ;
; X[1]       ; output[14]  ; 6.292 ; 6.292 ; 6.292 ; 6.292 ;
; X[1]       ; output[15]  ; 6.326 ; 6.326 ; 6.326 ; 6.326 ;
; X[2]       ; output[2]   ; 5.336 ; 5.336 ; 5.336 ; 5.336 ;
; X[2]       ; output[3]   ; 5.870 ; 5.870 ; 5.870 ; 5.870 ;
; X[2]       ; output[4]   ; 6.322 ; 6.322 ; 6.322 ; 6.322 ;
; X[2]       ; output[5]   ; 5.714 ; 5.714 ; 5.714 ; 5.714 ;
; X[2]       ; output[6]   ; 5.563 ; 5.563 ; 5.563 ; 5.563 ;
; X[2]       ; output[7]   ; 5.841 ; 5.841 ; 5.841 ; 5.841 ;
; X[2]       ; output[8]   ; 6.356 ; 6.356 ; 6.356 ; 6.356 ;
; X[2]       ; output[9]   ; 5.849 ; 5.849 ; 5.849 ; 5.849 ;
; X[2]       ; output[10]  ; 6.484 ; 6.484 ; 6.484 ; 6.484 ;
; X[2]       ; output[11]  ; 6.042 ; 6.042 ; 6.042 ; 6.042 ;
; X[2]       ; output[12]  ; 5.822 ; 5.822 ; 5.822 ; 5.822 ;
; X[2]       ; output[13]  ; 6.207 ; 6.207 ; 6.207 ; 6.207 ;
; X[2]       ; output[14]  ; 5.933 ; 5.933 ; 5.933 ; 5.933 ;
; X[2]       ; output[15]  ; 5.967 ; 5.967 ; 5.967 ; 5.967 ;
; X[3]       ; output[3]   ; 5.653 ; 5.653 ; 5.653 ; 5.653 ;
; X[3]       ; output[4]   ; 6.208 ; 6.208 ; 6.208 ; 6.208 ;
; X[3]       ; output[5]   ; 5.600 ; 5.600 ; 5.600 ; 5.600 ;
; X[3]       ; output[6]   ; 5.449 ; 5.449 ; 5.449 ; 5.449 ;
; X[3]       ; output[7]   ; 5.727 ; 5.727 ; 5.727 ; 5.727 ;
; X[3]       ; output[8]   ; 6.242 ; 6.242 ; 6.242 ; 6.242 ;
; X[3]       ; output[9]   ; 5.735 ; 5.735 ; 5.735 ; 5.735 ;
; X[3]       ; output[10]  ; 6.370 ; 6.370 ; 6.370 ; 6.370 ;
; X[3]       ; output[11]  ; 5.928 ; 5.928 ; 5.928 ; 5.928 ;
; X[3]       ; output[12]  ; 5.708 ; 5.708 ; 5.708 ; 5.708 ;
; X[3]       ; output[13]  ; 6.093 ; 6.093 ; 6.093 ; 6.093 ;
; X[3]       ; output[14]  ; 5.819 ; 5.819 ; 5.819 ; 5.819 ;
; X[3]       ; output[15]  ; 5.853 ; 5.853 ; 5.853 ; 5.853 ;
; X[4]       ; output[4]   ; 6.472 ; 6.472 ; 6.472 ; 6.472 ;
; X[4]       ; output[5]   ; 5.969 ; 5.969 ; 5.969 ; 5.969 ;
; X[4]       ; output[6]   ; 5.818 ; 5.818 ; 5.818 ; 5.818 ;
; X[4]       ; output[7]   ; 6.096 ; 6.096 ; 6.096 ; 6.096 ;
; X[4]       ; output[8]   ; 6.611 ; 6.611 ; 6.611 ; 6.611 ;
; X[4]       ; output[9]   ; 6.104 ; 6.104 ; 6.104 ; 6.104 ;
; X[4]       ; output[10]  ; 6.739 ; 6.739 ; 6.739 ; 6.739 ;
; X[4]       ; output[11]  ; 6.297 ; 6.297 ; 6.297 ; 6.297 ;
; X[4]       ; output[12]  ; 6.077 ; 6.077 ; 6.077 ; 6.077 ;
; X[4]       ; output[13]  ; 6.462 ; 6.462 ; 6.462 ; 6.462 ;
; X[4]       ; output[14]  ; 6.188 ; 6.188 ; 6.188 ; 6.188 ;
; X[4]       ; output[15]  ; 6.222 ; 6.222 ; 6.222 ; 6.222 ;
; X[5]       ; output[5]   ; 5.525 ; 5.525 ; 5.525 ; 5.525 ;
; X[5]       ; output[6]   ; 5.477 ; 5.477 ; 5.477 ; 5.477 ;
; X[5]       ; output[7]   ; 5.755 ; 5.755 ; 5.755 ; 5.755 ;
; X[5]       ; output[8]   ; 6.270 ; 6.270 ; 6.270 ; 6.270 ;
; X[5]       ; output[9]   ; 5.763 ; 5.763 ; 5.763 ; 5.763 ;
; X[5]       ; output[10]  ; 6.398 ; 6.398 ; 6.398 ; 6.398 ;
; X[5]       ; output[11]  ; 5.956 ; 5.956 ; 5.956 ; 5.956 ;
; X[5]       ; output[12]  ; 5.736 ; 5.736 ; 5.736 ; 5.736 ;
; X[5]       ; output[13]  ; 6.121 ; 6.121 ; 6.121 ; 6.121 ;
; X[5]       ; output[14]  ; 5.847 ; 5.847 ; 5.847 ; 5.847 ;
; X[5]       ; output[15]  ; 5.881 ; 5.881 ; 5.881 ; 5.881 ;
; X[6]       ; output[6]   ; 5.652 ; 5.652 ; 5.652 ; 5.652 ;
; X[6]       ; output[7]   ; 6.033 ; 6.033 ; 6.033 ; 6.033 ;
; X[6]       ; output[8]   ; 6.548 ; 6.548 ; 6.548 ; 6.548 ;
; X[6]       ; output[9]   ; 6.041 ; 6.041 ; 6.041 ; 6.041 ;
; X[6]       ; output[10]  ; 6.676 ; 6.676 ; 6.676 ; 6.676 ;
; X[6]       ; output[11]  ; 6.234 ; 6.234 ; 6.234 ; 6.234 ;
; X[6]       ; output[12]  ; 6.014 ; 6.014 ; 6.014 ; 6.014 ;
; X[6]       ; output[13]  ; 6.399 ; 6.399 ; 6.399 ; 6.399 ;
; X[6]       ; output[14]  ; 6.125 ; 6.125 ; 6.125 ; 6.125 ;
; X[6]       ; output[15]  ; 6.159 ; 6.159 ; 6.159 ; 6.159 ;
; X[7]       ; output[7]   ; 5.869 ; 5.869 ; 5.869 ; 5.869 ;
; X[7]       ; output[8]   ; 6.484 ; 6.484 ; 6.484 ; 6.484 ;
; X[7]       ; output[9]   ; 5.977 ; 5.977 ; 5.977 ; 5.977 ;
; X[7]       ; output[10]  ; 6.612 ; 6.612 ; 6.612 ; 6.612 ;
; X[7]       ; output[11]  ; 6.170 ; 6.170 ; 6.170 ; 6.170 ;
; X[7]       ; output[12]  ; 5.950 ; 5.950 ; 5.950 ; 5.950 ;
; X[7]       ; output[13]  ; 6.335 ; 6.335 ; 6.335 ; 6.335 ;
; X[7]       ; output[14]  ; 6.061 ; 6.061 ; 6.061 ; 6.061 ;
; X[7]       ; output[15]  ; 6.095 ; 6.095 ; 6.095 ; 6.095 ;
; X[8]       ; output[8]   ; 6.121 ; 6.121 ; 6.121 ; 6.121 ;
; X[8]       ; output[9]   ; 5.717 ; 5.717 ; 5.717 ; 5.717 ;
; X[8]       ; output[10]  ; 6.352 ; 6.352 ; 6.352 ; 6.352 ;
; X[8]       ; output[11]  ; 5.910 ; 5.910 ; 5.910 ; 5.910 ;
; X[8]       ; output[12]  ; 5.690 ; 5.690 ; 5.690 ; 5.690 ;
; X[8]       ; output[13]  ; 6.075 ; 6.075 ; 6.075 ; 6.075 ;
; X[8]       ; output[14]  ; 5.801 ; 5.801 ; 5.801 ; 5.801 ;
; X[8]       ; output[15]  ; 5.835 ; 5.835 ; 5.835 ; 5.835 ;
; X[9]       ; output[9]   ; 5.337 ; 5.337 ; 5.337 ; 5.337 ;
; X[9]       ; output[10]  ; 6.075 ; 6.075 ; 6.075 ; 6.075 ;
; X[9]       ; output[11]  ; 5.633 ; 5.633 ; 5.633 ; 5.633 ;
; X[9]       ; output[12]  ; 5.413 ; 5.413 ; 5.413 ; 5.413 ;
; X[9]       ; output[13]  ; 5.798 ; 5.798 ; 5.798 ; 5.798 ;
; X[9]       ; output[14]  ; 5.524 ; 5.524 ; 5.524 ; 5.524 ;
; X[9]       ; output[15]  ; 5.558 ; 5.558 ; 5.558 ; 5.558 ;
; X[10]      ; output[10]  ; 6.388 ; 6.388 ; 6.388 ; 6.388 ;
; X[10]      ; output[11]  ; 6.049 ; 6.049 ; 6.049 ; 6.049 ;
; X[10]      ; output[12]  ; 5.829 ; 5.829 ; 5.829 ; 5.829 ;
; X[10]      ; output[13]  ; 6.214 ; 6.214 ; 6.214 ; 6.214 ;
; X[10]      ; output[14]  ; 5.940 ; 5.940 ; 5.940 ; 5.940 ;
; X[10]      ; output[15]  ; 5.974 ; 5.974 ; 5.974 ; 5.974 ;
; X[11]      ; output[11]  ; 5.475 ; 5.475 ; 5.475 ; 5.475 ;
; X[11]      ; output[12]  ; 5.358 ; 5.358 ; 5.358 ; 5.358 ;
; X[11]      ; output[13]  ; 5.743 ; 5.743 ; 5.743 ; 5.743 ;
; X[11]      ; output[14]  ; 5.469 ; 5.469 ; 5.469 ; 5.469 ;
; X[11]      ; output[15]  ; 5.503 ; 5.503 ; 5.503 ; 5.503 ;
; X[12]      ; output[12]  ; 5.457 ; 5.457 ; 5.457 ; 5.457 ;
; X[12]      ; output[13]  ; 5.947 ; 5.947 ; 5.947 ; 5.947 ;
; X[12]      ; output[14]  ; 5.673 ; 5.673 ; 5.673 ; 5.673 ;
; X[12]      ; output[15]  ; 5.707 ; 5.707 ; 5.707 ; 5.707 ;
; X[13]      ; output[13]  ; 5.578 ; 5.578 ; 5.578 ; 5.578 ;
; X[13]      ; output[14]  ; 5.407 ; 5.407 ; 5.407 ; 5.407 ;
; X[13]      ; output[15]  ; 5.441 ; 5.441 ; 5.441 ; 5.441 ;
; X[14]      ; output[14]  ; 5.273 ; 5.273 ; 5.273 ; 5.273 ;
; X[14]      ; output[15]  ; 5.412 ; 5.412 ; 5.412 ; 5.412 ;
; X[15]      ; output[15]  ; 5.145 ; 5.145 ; 5.145 ; 5.145 ;
+------------+-------------+-------+-------+-------+-------+


-------------------
; Clock Transfers ;
-------------------
Nothing to report.


---------------
; Report TCCS ;
---------------
No dedicated SERDES Transmitter circuitry present in device or used in design


---------------
; Report RSKM ;
---------------
No dedicated SERDES Receiver circuitry present in device or used in design


+------------------------------------------------+
; Unconstrained Paths                            ;
+---------------------------------+-------+------+
; Property                        ; Setup ; Hold ;
+---------------------------------+-------+------+
; Illegal Clocks                  ; 0     ; 0    ;
; Unconstrained Clocks            ; 0     ; 0    ;
; Unconstrained Input Ports       ; 16    ; 16   ;
; Unconstrained Input Port Paths  ; 136   ; 136  ;
; Unconstrained Output Ports      ; 16    ; 16   ;
; Unconstrained Output Port Paths ; 136   ; 136  ;
+---------------------------------+-------+------+


+------------------------------------+
; TimeQuest Timing Analyzer Messages ;
+------------------------------------+
Info: *******************************************************************
Info: Running Quartus II 32-bit TimeQuest Timing Analyzer
    Info: Version 12.1 Build 177 11/07/2012 SJ Web Edition
    Info: Processing started: Fri Oct 25 16:27:05 2019
Info: Command: quartus_sta somador -c somador
Info: qsta_default_script.tcl version: #1
Info (11104): Parallel Compilation has detected 12 hyper-threaded processors. However, the extra hyper-threaded processors will not be used by default. Parallel Compilation will use 6 of the 6 physical processors detected instead.
Critical Warning (332012): Synopsys Design Constraints File file not found: 'somador.sdc'. A Synopsys Design Constraints File is required by the TimeQuest Timing Analyzer to get proper timing constraints. Without it, the Compiler will not properly optimize the design.
Info (332142): No user constrained base clocks found in the design. Calling "derive_clocks -period 1.0"
Info (332096): The command derive_clocks did not find any clocks to derive.  No clocks were created or changed.
Warning (332068): No clocks defined in design.
Info: Found TIMEQUEST_REPORT_SCRIPT_INCLUDE_DEFAULT_ANALYSIS = ON
Info (332159): No clocks to report
Info: Analyzing Slow Model
Info (332140): No fmax paths to report
Info (332140): No Setup paths to report
Info (332140): No Hold paths to report
Info (332140): No Recovery paths to report
Info (332140): No Removal paths to report
Info (332140): No Minimum Pulse Width paths to report
Info (332001): The selected device family is not supported by the report_metastability command.
Info: Analyzing Fast Model
Info (332142): No user constrained base clocks found in the design. Calling "derive_clocks -period 1.0"
Info (332096): The command derive_clocks did not find any clocks to derive.  No clocks were created or changed.
Warning (332068): No clocks defined in design.
Info (332140): No Setup paths to report
Info (332140): No Hold paths to report
Info (332140): No Recovery paths to report
Info (332140): No Removal paths to report
Info (332140): No Minimum Pulse Width paths to report
Info (332001): The selected device family is not supported by the report_metastability command.
Info (332102): Design is not fully constrained for setup requirements
Info (332102): Design is not fully constrained for hold requirements
Info: Quartus II 32-bit TimeQuest Timing Analyzer was successful. 0 errors, 3 warnings
    Info: Peak virtual memory: 345 megabytes
    Info: Processing ended: Fri Oct 25 16:27:06 2019
    Info: Elapsed time: 00:00:01
    Info: Total CPU time (on all processors): 00:00:01


